[0.480s] Invoking command in '/home/ros2_ws/src/my_py_pkg': PYTHONPATH=/home/ros2_ws/build/my_py_pkg/prefix_override:/home/ros2_ws/install/my_py_pkg/lib/python3.10/site-packages:${PYTHONPATH} /usr/bin/python3 setup.py egg_info --egg-base ../../build/my_py_pkg build --build-base /home/ros2_ws/build/my_py_pkg/build install --record /home/ros2_ws/build/my_py_pkg/install.log --single-version-externally-managed
[0.680s] running egg_info
[0.681s] writing ../../build/my_py_pkg/my_py_pkg.egg-info/PKG-INFO
[0.681s] writing dependency_links to ../../build/my_py_pkg/my_py_pkg.egg-info/dependency_links.txt
[0.681s] writing entry points to ../../build/my_py_pkg/my_py_pkg.egg-info/entry_points.txt
[0.681s] writing requirements to ../../build/my_py_pkg/my_py_pkg.egg-info/requires.txt
[0.681s] writing top-level names to ../../build/my_py_pkg/my_py_pkg.egg-info/top_level.txt
[0.683s] reading manifest file '../../build/my_py_pkg/my_py_pkg.egg-info/SOURCES.txt'
[0.684s] writing manifest file '../../build/my_py_pkg/my_py_pkg.egg-info/SOURCES.txt'
[0.684s] running build
[0.684s] running build_py
[0.684s] copying my_py_pkg/my_first_node.py -> /home/ros2_ws/build/my_py_pkg/build/lib/my_py_pkg
[0.684s] running install
[0.685s] running install_lib
[0.685s] copying /home/ros2_ws/build/my_py_pkg/build/lib/my_py_pkg/my_first_node.py -> /home/ros2_ws/install/my_py_pkg/lib/python3.10/site-packages/my_py_pkg
[0.686s] byte-compiling /home/ros2_ws/install/my_py_pkg/lib/python3.10/site-packages/my_py_pkg/my_first_node.py to my_first_node.cpython-310.pyc
[0.686s]   File "/home/ros2_ws/install/my_py_pkg/lib/python3.10/site-packages/my_py_pkg/my_first_node.py", line 15
[0.686s]     self.get_logger().info("Hello" str(self.counter_))
[0.686s]                            ^^^^^^^^^^^^^^^^^^^^^^^^^^
[0.686s] SyntaxError: invalid syntax. Perhaps you forgot a comma?
[0.686s] 
[0.686s] running install_data
[0.686s] running install_egg_info
[0.688s] removing '/home/ros2_ws/install/my_py_pkg/lib/python3.10/site-packages/my_py_pkg-0.0.0-py3.10.egg-info' (and everything under it)
[0.688s] Copying ../../build/my_py_pkg/my_py_pkg.egg-info to /home/ros2_ws/install/my_py_pkg/lib/python3.10/site-packages/my_py_pkg-0.0.0-py3.10.egg-info
[0.689s] running install_scripts
[0.705s] Installing py_node script to /home/ros2_ws/install/my_py_pkg/lib/my_py_pkg
[0.705s] writing list of installed files to '/home/ros2_ws/build/my_py_pkg/install.log'
[0.727s] Invoked command in '/home/ros2_ws/src/my_py_pkg' returned '0': PYTHONPATH=/home/ros2_ws/build/my_py_pkg/prefix_override:/home/ros2_ws/install/my_py_pkg/lib/python3.10/site-packages:${PYTHONPATH} /usr/bin/python3 setup.py egg_info --egg-base ../../build/my_py_pkg build --build-base /home/ros2_ws/build/my_py_pkg/build install --record /home/ros2_ws/build/my_py_pkg/install.log --single-version-externally-managed
