[0.017s] Invoking command in '/home/ros2_ws/build/my_roobot_interfaces': CMAKE_PREFIX_PATH=${CMAKE_PREFIX_PATH}:/home/ros2_ws/install/my_py_pkg:/opt/ros/humble /usr/bin/cmake --build /home/ros2_ws/build/my_roobot_interfaces -- -j2 -l2
[0.094s] -- Found ament_cmake: 1.3.5 (/opt/ros/humble/share/ament_cmake/cmake)
[0.235s] -- Found rosidl_default_generators: 1.2.0 (/opt/ros/humble/share/rosidl_default_generators/cmake)
[0.237s] -- Using all available rosidl_typesupport_c: rosidl_typesupport_fastrtps_c;rosidl_typesupport_introspection_c
[0.240s] -- Found rosidl_adapter: 3.1.4 (/opt/ros/humble/share/rosidl_adapter/cmake)
[0.446s] -- Using all available rosidl_typesupport_cpp: rosidl_typesupport_fastrtps_cpp;rosidl_typesupport_introspection_cpp
[0.678s] -- Found ament_cmake_ros: 0.10.0 (/opt/ros/humble/share/ament_cmake_ros/cmake)
[0.837s] -- Using all available rosidl_typesupport_c: rosidl_typesupport_fastrtps_c;rosidl_typesupport_introspection_c
[1.046s] -- Using all available rosidl_typesupport_cpp: rosidl_typesupport_fastrtps_cpp;rosidl_typesupport_introspection_cpp
[1.075s] -- Found python_cmake_module: 0.10.0 (/opt/ros/humble/share/python_cmake_module/cmake)
[1.096s] -- Using PYTHON_EXECUTABLE: /usr/bin/python3
[1.096s] -- Using PYTHON_INCLUDE_DIRS: /usr/include/python3.10
[1.096s] -- Using PYTHON_LIBRARIES: /usr/lib/x86_64-linux-gnu/libpython3.10.so
[1.115s] -- Configuring done
[1.176s] -- Generating done
[1.182s] -- Build files have been written to: /home/ros2_ws/build/my_roobot_interfaces
[1.208s] [  2%] [34m[1mGenerating C code for ROS interfaces[0m
[1.220s] [  4%] [34m[1mGenerating C++ code for ROS interfaces[0m
[1.596s] [  4%] Built target my_roobot_interfaces__cpp
[1.632s] [  4%] Built target ament_cmake_python_copy_my_roobot_interfaces
[1.640s] [  6%] [34m[1mGenerating C++ type support for eProsima Fast-RTPS[0m
[1.690s] [35m[1mConsolidate compiler generated dependencies of target my_roobot_interfaces__rosidl_generator_c[0m
[1.699s] [  8%] [32mBuilding C object CMakeFiles/my_roobot_interfaces__rosidl_generator_c.dir/rosidl_generator_c/my_roobot_interfaces/msg/detail/hardware_status__functions.c.o[0m
[1.805s] [ 10%] [32mBuilding C object CMakeFiles/my_roobot_interfaces__rosidl_generator_c.dir/rosidl_generator_c/my_roobot_interfaces/msg/detail/led_state_array__functions.c.o[0m
[1.844s] [ 12%] [32mBuilding C object CMakeFiles/my_roobot_interfaces__rosidl_generator_c.dir/rosidl_generator_c/my_roobot_interfaces/srv/detail/compute_rectangle_area__functions.c.o[0m
[1.891s] [ 14%] [32m[1mLinking C shared library libmy_roobot_interfaces__rosidl_generator_c.so[0m
[1.943s] [35m[1mConsolidate compiler generated dependencies of target my_roobot_interfaces__rosidl_typesupport_fastrtps_cpp[0m
[1.961s] [ 17%] [32mBuilding CXX object CMakeFiles/my_roobot_interfaces__rosidl_typesupport_fastrtps_cpp.dir/rosidl_typesupport_fastrtps_cpp/my_roobot_interfaces/msg/detail/dds_fastrtps/hardware_status__type_support.cpp.o[0m
[2.076s] [ 17%] Built target my_roobot_interfaces__rosidl_generator_c
[2.084s] [ 19%] [34m[1mGenerating C++ introspection for ROS interfaces[0m
[2.354s] [35m[1mConsolidate compiler generated dependencies of target my_roobot_interfaces__rosidl_typesupport_introspection_cpp[0m
[2.365s] [ 21%] [32mBuilding CXX object CMakeFiles/my_roobot_interfaces__rosidl_typesupport_introspection_cpp.dir/rosidl_typesupport_introspection_cpp/my_roobot_interfaces/msg/detail/hardware_status__type_support.cpp.o[0m
[2.601s] [ 23%] [32mBuilding CXX object CMakeFiles/my_roobot_interfaces__rosidl_typesupport_fastrtps_cpp.dir/rosidl_typesupport_fastrtps_cpp/my_roobot_interfaces/msg/detail/dds_fastrtps/led_state_array__type_support.cpp.o[0m
[2.733s] [ 25%] [32mBuilding CXX object CMakeFiles/my_roobot_interfaces__rosidl_typesupport_introspection_cpp.dir/rosidl_typesupport_introspection_cpp/my_roobot_interfaces/msg/detail/led_state_array__type_support.cpp.o[0m
[2.974s] [ 27%] [32mBuilding CXX object CMakeFiles/my_roobot_interfaces__rosidl_typesupport_fastrtps_cpp.dir/rosidl_typesupport_fastrtps_cpp/my_roobot_interfaces/srv/detail/dds_fastrtps/compute_rectangle_area__type_support.cpp.o[0m
[3.083s] [ 29%] [32mBuilding CXX object CMakeFiles/my_roobot_interfaces__rosidl_typesupport_introspection_cpp.dir/rosidl_typesupport_introspection_cpp/my_roobot_interfaces/srv/detail/compute_rectangle_area__type_support.cpp.o[0m
[3.328s] [ 31%] [32m[1mLinking CXX shared library libmy_roobot_interfaces__rosidl_typesupport_fastrtps_cpp.so[0m
[3.458s] [ 34%] [32m[1mLinking CXX shared library libmy_roobot_interfaces__rosidl_typesupport_introspection_cpp.so[0m
[3.644s] [ 34%] Built target my_roobot_interfaces__rosidl_typesupport_fastrtps_cpp
[3.658s] [ 36%] [34m[1mGenerating C++ type support dispatch for ROS interfaces[0m
[3.852s] [ 36%] Built target my_roobot_interfaces__rosidl_typesupport_introspection_cpp
[3.861s] [ 38%] [34m[1mGenerating C type support for eProsima Fast-RTPS[0m
[4.019s] [35m[1mConsolidate compiler generated dependencies of target my_roobot_interfaces__rosidl_typesupport_cpp[0m
[4.034s] [ 40%] [32mBuilding CXX object CMakeFiles/my_roobot_interfaces__rosidl_typesupport_cpp.dir/rosidl_typesupport_cpp/my_roobot_interfaces/msg/hardware_status__type_support.cpp.o[0m
[4.261s] [35m[1mConsolidate compiler generated dependencies of target my_roobot_interfaces__rosidl_typesupport_fastrtps_c[0m
[4.275s] [ 42%] [32mBuilding CXX object CMakeFiles/my_roobot_interfaces__rosidl_typesupport_fastrtps_c.dir/rosidl_typesupport_fastrtps_c/my_roobot_interfaces/msg/detail/hardware_status__type_support_c.cpp.o[0m
[4.352s] [ 44%] [32mBuilding CXX object CMakeFiles/my_roobot_interfaces__rosidl_typesupport_cpp.dir/rosidl_typesupport_cpp/my_roobot_interfaces/msg/led_state_array__type_support.cpp.o[0m
[4.609s] [ 46%] [32mBuilding CXX object CMakeFiles/my_roobot_interfaces__rosidl_typesupport_cpp.dir/rosidl_typesupport_cpp/my_roobot_interfaces/srv/compute_rectangle_area__type_support.cpp.o[0m
[4.619s] [ 48%] [32mBuilding CXX object CMakeFiles/my_roobot_interfaces__rosidl_typesupport_fastrtps_c.dir/rosidl_typesupport_fastrtps_c/my_roobot_interfaces/msg/detail/led_state_array__type_support_c.cpp.o[0m
[4.891s] [ 51%] [32m[1mLinking CXX shared library libmy_roobot_interfaces__rosidl_typesupport_cpp.so[0m
[4.981s] [ 53%] [32mBuilding CXX object CMakeFiles/my_roobot_interfaces__rosidl_typesupport_fastrtps_c.dir/rosidl_typesupport_fastrtps_c/my_roobot_interfaces/srv/detail/compute_rectangle_area__type_support_c.cpp.o[0m
[5.157s] [ 53%] Built target my_roobot_interfaces__rosidl_typesupport_cpp
[5.172s] [ 55%] [34m[1mGenerating C introspection for ROS interfaces[0m
[5.475s] [ 57%] [32m[1mLinking CXX shared library libmy_roobot_interfaces__rosidl_typesupport_fastrtps_c.so[0m
[5.684s] [35m[1mConsolidate compiler generated dependencies of target my_roobot_interfaces__rosidl_typesupport_introspection_c[0m
[5.718s] [ 59%] [32mBuilding C object CMakeFiles/my_roobot_interfaces__rosidl_typesupport_introspection_c.dir/rosidl_typesupport_introspection_c/my_roobot_interfaces/msg/detail/hardware_status__type_support.c.o[0m
[5.791s] [ 61%] [32mBuilding C object CMakeFiles/my_roobot_interfaces__rosidl_typesupport_introspection_c.dir/rosidl_typesupport_introspection_c/my_roobot_interfaces/msg/detail/led_state_array__type_support.c.o[0m
[5.841s] [ 63%] [32mBuilding C object CMakeFiles/my_roobot_interfaces__rosidl_typesupport_introspection_c.dir/rosidl_typesupport_introspection_c/my_roobot_interfaces/srv/detail/compute_rectangle_area__type_support.c.o[0m
[5.896s] [ 65%] [32m[1mLinking C shared library libmy_roobot_interfaces__rosidl_typesupport_introspection_c.so[0m
[5.903s] [ 65%] Built target my_roobot_interfaces__rosidl_typesupport_fastrtps_c
[5.918s] [ 68%] [34m[1mGenerating C type support dispatch for ROS interfaces[0m
[6.153s] [ 68%] Built target my_roobot_interfaces__rosidl_typesupport_introspection_c
[6.289s] [35m[1mConsolidate compiler generated dependencies of target my_roobot_interfaces__rosidl_typesupport_c[0m
[6.305s] [ 70%] [32mBuilding CXX object CMakeFiles/my_roobot_interfaces__rosidl_typesupport_c.dir/rosidl_typesupport_c/my_roobot_interfaces/msg/hardware_status__type_support.cpp.o[0m
[6.340s] [ 72%] [32mBuilding CXX object CMakeFiles/my_roobot_interfaces__rosidl_typesupport_c.dir/rosidl_typesupport_c/my_roobot_interfaces/msg/led_state_array__type_support.cpp.o[0m
[6.373s] [ 74%] [32mBuilding CXX object CMakeFiles/my_roobot_interfaces__rosidl_typesupport_c.dir/rosidl_typesupport_c/my_roobot_interfaces/srv/compute_rectangle_area__type_support.cpp.o[0m
[6.410s] [ 76%] [32m[1mLinking CXX shared library libmy_roobot_interfaces__rosidl_typesupport_c.so[0m
[6.462s] running egg_info
[6.465s] writing my_roobot_interfaces.egg-info/PKG-INFO
[6.466s] writing dependency_links to my_roobot_interfaces.egg-info/dependency_links.txt
[6.466s] writing top-level names to my_roobot_interfaces.egg-info/top_level.txt
[6.469s] reading manifest file 'my_roobot_interfaces.egg-info/SOURCES.txt'
[6.470s] writing manifest file 'my_roobot_interfaces.egg-info/SOURCES.txt'
[6.516s] [ 76%] Built target ament_cmake_python_build_my_roobot_interfaces_egg
[6.689s] [ 76%] Built target my_roobot_interfaces__rosidl_typesupport_c
[6.711s] [ 76%] Built target my_roobot_interfaces
[6.734s] [ 78%] [34m[1mGenerating Python code for ROS interfaces[0m
[7.322s] [ 78%] Built target my_roobot_interfaces__py
[7.336s] [35m[1mConsolidate compiler generated dependencies of target my_roobot_interfaces__rosidl_generator_py[0m
[7.352s] [ 82%] [32mBuilding C object CMakeFiles/my_roobot_interfaces__rosidl_generator_py.dir/rosidl_generator_py/my_roobot_interfaces/msg/_led_state_array_s.c.o[0m
[7.352s] [ 82%] [32mBuilding C object CMakeFiles/my_roobot_interfaces__rosidl_generator_py.dir/rosidl_generator_py/my_roobot_interfaces/msg/_hardware_status_s.c.o[0m
[7.483s] [ 85%] [32mBuilding C object CMakeFiles/my_roobot_interfaces__rosidl_generator_py.dir/rosidl_generator_py/my_roobot_interfaces/srv/_compute_rectangle_area_s.c.o[0m
[7.597s] [ 87%] [32m[1mLinking C shared library rosidl_generator_py/my_roobot_interfaces/libmy_roobot_interfaces__rosidl_generator_py.so[0m
[7.955s] [ 87%] Built target my_roobot_interfaces__rosidl_generator_py
[7.970s] [35m[1mConsolidate compiler generated dependencies of target my_roobot_interfaces__rosidl_typesupport_introspection_c__pyext[0m
[7.970s] [35m[1mConsolidate compiler generated dependencies of target my_roobot_interfaces__rosidl_typesupport_fastrtps_c__pyext[0m
[7.985s] [ 89%] [32mBuilding C object CMakeFiles/my_roobot_interfaces__rosidl_typesupport_fastrtps_c__pyext.dir/rosidl_generator_py/my_roobot_interfaces/_my_roobot_interfaces_s.ep.rosidl_typesupport_fastrtps_c.c.o[0m
[7.986s] [ 91%] [32mBuilding C object CMakeFiles/my_roobot_interfaces__rosidl_typesupport_introspection_c__pyext.dir/rosidl_generator_py/my_roobot_interfaces/_my_roobot_interfaces_s.ep.rosidl_typesupport_introspection_c.c.o[0m
[8.168s] [ 93%] [32m[1mLinking C shared library rosidl_generator_py/my_roobot_interfaces/my_roobot_interfaces_s__rosidl_typesupport_introspection_c.cpython-310-x86_64-linux-gnu.so[0m
[8.170s] [ 95%] [32m[1mLinking C shared library rosidl_generator_py/my_roobot_interfaces/my_roobot_interfaces_s__rosidl_typesupport_fastrtps_c.cpython-310-x86_64-linux-gnu.so[0m
[8.452s] [ 95%] Built target my_roobot_interfaces__rosidl_typesupport_introspection_c__pyext
[8.463s] [ 95%] Built target my_roobot_interfaces__rosidl_typesupport_fastrtps_c__pyext
[8.470s] [35m[1mConsolidate compiler generated dependencies of target my_roobot_interfaces__rosidl_typesupport_c__pyext[0m
[8.492s] [ 97%] [32mBuilding C object CMakeFiles/my_roobot_interfaces__rosidl_typesupport_c__pyext.dir/rosidl_generator_py/my_roobot_interfaces/_my_roobot_interfaces_s.ep.rosidl_typesupport_c.c.o[0m
[8.650s] [100%] [32m[1mLinking C shared library rosidl_generator_py/my_roobot_interfaces/my_roobot_interfaces_s__rosidl_typesupport_c.cpython-310-x86_64-linux-gnu.so[0m
[8.904s] [100%] Built target my_roobot_interfaces__rosidl_typesupport_c__pyext
[8.915s] Invoked command in '/home/ros2_ws/build/my_roobot_interfaces' returned '0': CMAKE_PREFIX_PATH=${CMAKE_PREFIX_PATH}:/home/ros2_ws/install/my_py_pkg:/opt/ros/humble /usr/bin/cmake --build /home/ros2_ws/build/my_roobot_interfaces -- -j2 -l2
[9.035s] Invoking command in '/home/ros2_ws/build/my_roobot_interfaces': CMAKE_PREFIX_PATH=${CMAKE_PREFIX_PATH}:/home/ros2_ws/install/my_py_pkg:/opt/ros/humble /usr/bin/cmake --install /home/ros2_ws/build/my_roobot_interfaces
[9.043s] -- Install configuration: ""
[9.043s] -- Installing: /home/ros2_ws/install/my_roobot_interfaces/share/ament_index/resource_index/rosidl_interfaces/my_roobot_interfaces
[9.043s] -- Up-to-date: /home/ros2_ws/install/my_roobot_interfaces/include/my_roobot_interfaces/my_roobot_interfaces
[9.044s] -- Up-to-date: /home/ros2_ws/install/my_roobot_interfaces/include/my_roobot_interfaces/my_roobot_interfaces/srv
[9.044s] -- Installing: /home/ros2_ws/install/my_roobot_interfaces/include/my_roobot_interfaces/my_roobot_interfaces/srv/compute_rectangle_area.h
[9.044s] -- Up-to-date: /home/ros2_ws/install/my_roobot_interfaces/include/my_roobot_interfaces/my_roobot_interfaces/srv/detail
[9.044s] -- Installing: /home/ros2_ws/install/my_roobot_interfaces/include/my_roobot_interfaces/my_roobot_interfaces/srv/detail/compute_rectangle_area__type_support.h
[9.044s] -- Installing: /home/ros2_ws/install/my_roobot_interfaces/include/my_roobot_interfaces/my_roobot_interfaces/srv/detail/compute_rectangle_area__functions.h
[9.044s] -- Installing: /home/ros2_ws/install/my_roobot_interfaces/include/my_roobot_interfaces/my_roobot_interfaces/srv/detail/compute_rectangle_area__struct.h
[9.045s] -- Installing: /home/ros2_ws/install/my_roobot_interfaces/include/my_roobot_interfaces/my_roobot_interfaces/srv/detail/compute_rectangle_area__functions.c
[9.045s] -- Up-to-date: /home/ros2_ws/install/my_roobot_interfaces/include/my_roobot_interfaces/my_roobot_interfaces/msg
[9.045s] -- Installing: /home/ros2_ws/install/my_roobot_interfaces/include/my_roobot_interfaces/my_roobot_interfaces/msg/hardware_status.h
[9.045s] -- Installing: /home/ros2_ws/install/my_roobot_interfaces/include/my_roobot_interfaces/my_roobot_interfaces/msg/led_state_array.h
[9.045s] -- Up-to-date: /home/ros2_ws/install/my_roobot_interfaces/include/my_roobot_interfaces/my_roobot_interfaces/msg/rosidl_generator_c__visibility_control.h
[9.045s] -- Up-to-date: /home/ros2_ws/install/my_roobot_interfaces/include/my_roobot_interfaces/my_roobot_interfaces/msg/detail
[9.045s] -- Installing: /home/ros2_ws/install/my_roobot_interfaces/include/my_roobot_interfaces/my_roobot_interfaces/msg/detail/hardware_status__struct.h
[9.046s] -- Installing: /home/ros2_ws/install/my_roobot_interfaces/include/my_roobot_interfaces/my_roobot_interfaces/msg/detail/led_state_array__struct.h
[9.046s] -- Installing: /home/ros2_ws/install/my_roobot_interfaces/include/my_roobot_interfaces/my_roobot_interfaces/msg/detail/hardware_status__type_support.h
[9.046s] -- Installing: /home/ros2_ws/install/my_roobot_interfaces/include/my_roobot_interfaces/my_roobot_interfaces/msg/detail/led_state_array__functions.h
[9.046s] -- Installing: /home/ros2_ws/install/my_roobot_interfaces/include/my_roobot_interfaces/my_roobot_interfaces/msg/detail/led_state_array__functions.c
[9.046s] -- Installing: /home/ros2_ws/install/my_roobot_interfaces/include/my_roobot_interfaces/my_roobot_interfaces/msg/detail/led_state_array__type_support.h
[9.046s] -- Installing: /home/ros2_ws/install/my_roobot_interfaces/include/my_roobot_interfaces/my_roobot_interfaces/msg/detail/hardware_status__functions.c
[9.046s] -- Installing: /home/ros2_ws/install/my_roobot_interfaces/include/my_roobot_interfaces/my_roobot_interfaces/msg/detail/hardware_status__functions.h
[9.046s] -- Up-to-date: /home/ros2_ws/install/my_roobot_interfaces/share/my_roobot_interfaces/environment/library_path.sh
[9.047s] -- Installing: /home/ros2_ws/install/my_roobot_interfaces/share/my_roobot_interfaces/environment/library_path.dsv
[9.047s] -- Installing: /home/ros2_ws/install/my_roobot_interfaces/lib/libmy_roobot_interfaces__rosidl_generator_c.so
[9.048s] -- Set runtime path of "/home/ros2_ws/install/my_roobot_interfaces/lib/libmy_roobot_interfaces__rosidl_generator_c.so" to ""
[9.048s] -- Up-to-date: /home/ros2_ws/install/my_roobot_interfaces/include/my_roobot_interfaces/my_roobot_interfaces
[9.048s] -- Up-to-date: /home/ros2_ws/install/my_roobot_interfaces/include/my_roobot_interfaces/my_roobot_interfaces/srv
[9.048s] -- Up-to-date: /home/ros2_ws/install/my_roobot_interfaces/include/my_roobot_interfaces/my_roobot_interfaces/srv/detail
[9.048s] -- Installing: /home/ros2_ws/install/my_roobot_interfaces/include/my_roobot_interfaces/my_roobot_interfaces/srv/detail/compute_rectangle_area__rosidl_typesupport_fastrtps_c.h
[9.048s] -- Up-to-date: /home/ros2_ws/install/my_roobot_interfaces/include/my_roobot_interfaces/my_roobot_interfaces/msg
[9.048s] -- Up-to-date: /home/ros2_ws/install/my_roobot_interfaces/include/my_roobot_interfaces/my_roobot_interfaces/msg/rosidl_typesupport_fastrtps_c__visibility_control.h
[9.049s] -- Up-to-date: /home/ros2_ws/install/my_roobot_interfaces/include/my_roobot_interfaces/my_roobot_interfaces/msg/detail
[9.049s] -- Installing: /home/ros2_ws/install/my_roobot_interfaces/include/my_roobot_interfaces/my_roobot_interfaces/msg/detail/led_state_array__rosidl_typesupport_fastrtps_c.h
[9.049s] -- Installing: /home/ros2_ws/install/my_roobot_interfaces/include/my_roobot_interfaces/my_roobot_interfaces/msg/detail/hardware_status__rosidl_typesupport_fastrtps_c.h
[9.049s] -- Installing: /home/ros2_ws/install/my_roobot_interfaces/lib/libmy_roobot_interfaces__rosidl_typesupport_fastrtps_c.so
[9.050s] -- Set runtime path of "/home/ros2_ws/install/my_roobot_interfaces/lib/libmy_roobot_interfaces__rosidl_typesupport_fastrtps_c.so" to ""
[9.050s] -- Up-to-date: /home/ros2_ws/install/my_roobot_interfaces/include/my_roobot_interfaces/my_roobot_interfaces
[9.050s] -- Up-to-date: /home/ros2_ws/install/my_roobot_interfaces/include/my_roobot_interfaces/my_roobot_interfaces/srv
[9.050s] -- Up-to-date: /home/ros2_ws/install/my_roobot_interfaces/include/my_roobot_interfaces/my_roobot_interfaces/srv/detail
[9.050s] -- Installing: /home/ros2_ws/install/my_roobot_interfaces/include/my_roobot_interfaces/my_roobot_interfaces/srv/detail/compute_rectangle_area__type_support.c
[9.050s] -- Installing: /home/ros2_ws/install/my_roobot_interfaces/include/my_roobot_interfaces/my_roobot_interfaces/srv/detail/compute_rectangle_area__rosidl_typesupport_introspection_c.h
[9.050s] -- Up-to-date: /home/ros2_ws/install/my_roobot_interfaces/include/my_roobot_interfaces/my_roobot_interfaces/msg
[9.050s] -- Up-to-date: /home/ros2_ws/install/my_roobot_interfaces/include/my_roobot_interfaces/my_roobot_interfaces/msg/rosidl_typesupport_introspection_c__visibility_control.h
[9.050s] -- Up-to-date: /home/ros2_ws/install/my_roobot_interfaces/include/my_roobot_interfaces/my_roobot_interfaces/msg/detail
[9.050s] -- Installing: /home/ros2_ws/install/my_roobot_interfaces/include/my_roobot_interfaces/my_roobot_interfaces/msg/detail/led_state_array__type_support.c
[9.050s] -- Installing: /home/ros2_ws/install/my_roobot_interfaces/include/my_roobot_interfaces/my_roobot_interfaces/msg/detail/hardware_status__type_support.c
[9.050s] -- Installing: /home/ros2_ws/install/my_roobot_interfaces/include/my_roobot_interfaces/my_roobot_interfaces/msg/detail/led_state_array__rosidl_typesupport_introspection_c.h
[9.051s] -- Installing: /home/ros2_ws/install/my_roobot_interfaces/include/my_roobot_interfaces/my_roobot_interfaces/msg/detail/hardware_status__rosidl_typesupport_introspection_c.h
[9.051s] -- Installing: /home/ros2_ws/install/my_roobot_interfaces/lib/libmy_roobot_interfaces__rosidl_typesupport_introspection_c.so
[9.052s] -- Set runtime path of "/home/ros2_ws/install/my_roobot_interfaces/lib/libmy_roobot_interfaces__rosidl_typesupport_introspection_c.so" to ""
[9.052s] -- Installing: /home/ros2_ws/install/my_roobot_interfaces/lib/libmy_roobot_interfaces__rosidl_typesupport_c.so
[9.052s] -- Set runtime path of "/home/ros2_ws/install/my_roobot_interfaces/lib/libmy_roobot_interfaces__rosidl_typesupport_c.so" to ""
[9.052s] -- Up-to-date: /home/ros2_ws/install/my_roobot_interfaces/include/my_roobot_interfaces/my_roobot_interfaces
[9.052s] -- Up-to-date: /home/ros2_ws/install/my_roobot_interfaces/include/my_roobot_interfaces/my_roobot_interfaces/srv
[9.053s] -- Installing: /home/ros2_ws/install/my_roobot_interfaces/include/my_roobot_interfaces/my_roobot_interfaces/srv/compute_rectangle_area.hpp
[9.053s] -- Up-to-date: /home/ros2_ws/install/my_roobot_interfaces/include/my_roobot_interfaces/my_roobot_interfaces/srv/detail
[9.053s] -- Installing: /home/ros2_ws/install/my_roobot_interfaces/include/my_roobot_interfaces/my_roobot_interfaces/srv/detail/compute_rectangle_area__traits.hpp
[9.053s] -- Installing: /home/ros2_ws/install/my_roobot_interfaces/include/my_roobot_interfaces/my_roobot_interfaces/srv/detail/compute_rectangle_area__builder.hpp
[9.053s] -- Installing: /home/ros2_ws/install/my_roobot_interfaces/include/my_roobot_interfaces/my_roobot_interfaces/srv/detail/compute_rectangle_area__struct.hpp
[9.053s] -- Up-to-date: /home/ros2_ws/install/my_roobot_interfaces/include/my_roobot_interfaces/my_roobot_interfaces/msg
[9.053s] -- Installing: /home/ros2_ws/install/my_roobot_interfaces/include/my_roobot_interfaces/my_roobot_interfaces/msg/led_state_array.hpp
[9.053s] -- Installing: /home/ros2_ws/install/my_roobot_interfaces/include/my_roobot_interfaces/my_roobot_interfaces/msg/hardware_status.hpp
[9.053s] -- Up-to-date: /home/ros2_ws/install/my_roobot_interfaces/include/my_roobot_interfaces/my_roobot_interfaces/msg/detail
[9.054s] -- Installing: /home/ros2_ws/install/my_roobot_interfaces/include/my_roobot_interfaces/my_roobot_interfaces/msg/detail/led_state_array__builder.hpp
[9.054s] -- Installing: /home/ros2_ws/install/my_roobot_interfaces/include/my_roobot_interfaces/my_roobot_interfaces/msg/detail/led_state_array__traits.hpp
[9.054s] -- Installing: /home/ros2_ws/install/my_roobot_interfaces/include/my_roobot_interfaces/my_roobot_interfaces/msg/detail/hardware_status__traits.hpp
[9.054s] -- Installing: /home/ros2_ws/install/my_roobot_interfaces/include/my_roobot_interfaces/my_roobot_interfaces/msg/detail/led_state_array__struct.hpp
[9.054s] -- Installing: /home/ros2_ws/install/my_roobot_interfaces/include/my_roobot_interfaces/my_roobot_interfaces/msg/detail/hardware_status__builder.hpp
[9.054s] -- Installing: /home/ros2_ws/install/my_roobot_interfaces/include/my_roobot_interfaces/my_roobot_interfaces/msg/detail/hardware_status__struct.hpp
[9.054s] -- Up-to-date: /home/ros2_ws/install/my_roobot_interfaces/include/my_roobot_interfaces/my_roobot_interfaces
[9.054s] -- Up-to-date: /home/ros2_ws/install/my_roobot_interfaces/include/my_roobot_interfaces/my_roobot_interfaces/srv
[9.055s] -- Up-to-date: /home/ros2_ws/install/my_roobot_interfaces/include/my_roobot_interfaces/my_roobot_interfaces/srv/detail
[9.055s] -- Installing: /home/ros2_ws/install/my_roobot_interfaces/include/my_roobot_interfaces/my_roobot_interfaces/srv/detail/compute_rectangle_area__rosidl_typesupport_fastrtps_cpp.hpp
[9.055s] -- Up-to-date: /home/ros2_ws/install/my_roobot_interfaces/include/my_roobot_interfaces/my_roobot_interfaces/srv/detail/dds_fastrtps
[9.055s] -- Up-to-date: /home/ros2_ws/install/my_roobot_interfaces/include/my_roobot_interfaces/my_roobot_interfaces/msg
[9.055s] -- Up-to-date: /home/ros2_ws/install/my_roobot_interfaces/include/my_roobot_interfaces/my_roobot_interfaces/msg/rosidl_typesupport_fastrtps_cpp__visibility_control.h
[9.055s] -- Up-to-date: /home/ros2_ws/install/my_roobot_interfaces/include/my_roobot_interfaces/my_roobot_interfaces/msg/detail
[9.055s] -- Installing: /home/ros2_ws/install/my_roobot_interfaces/include/my_roobot_interfaces/my_roobot_interfaces/msg/detail/hardware_status__rosidl_typesupport_fastrtps_cpp.hpp
[9.055s] -- Up-to-date: /home/ros2_ws/install/my_roobot_interfaces/include/my_roobot_interfaces/my_roobot_interfaces/msg/detail/dds_fastrtps
[9.055s] -- Installing: /home/ros2_ws/install/my_roobot_interfaces/include/my_roobot_interfaces/my_roobot_interfaces/msg/detail/led_state_array__rosidl_typesupport_fastrtps_cpp.hpp
[9.058s] -- Installing: /home/ros2_ws/install/my_roobot_interfaces/lib/libmy_roobot_interfaces__rosidl_typesupport_fastrtps_cpp.so
[9.060s] -- Set runtime path of "/home/ros2_ws/install/my_roobot_interfaces/lib/libmy_roobot_interfaces__rosidl_typesupport_fastrtps_cpp.so" to ""
[9.060s] -- Up-to-date: /home/ros2_ws/install/my_roobot_interfaces/include/my_roobot_interfaces/my_roobot_interfaces
[9.060s] -- Up-to-date: /home/ros2_ws/install/my_roobot_interfaces/include/my_roobot_interfaces/my_roobot_interfaces/srv
[9.060s] -- Up-to-date: /home/ros2_ws/install/my_roobot_interfaces/include/my_roobot_interfaces/my_roobot_interfaces/srv/detail
[9.060s] -- Installing: /home/ros2_ws/install/my_roobot_interfaces/include/my_roobot_interfaces/my_roobot_interfaces/srv/detail/compute_rectangle_area__type_support.cpp
[9.060s] -- Installing: /home/ros2_ws/install/my_roobot_interfaces/include/my_roobot_interfaces/my_roobot_interfaces/srv/detail/compute_rectangle_area__rosidl_typesupport_introspection_cpp.hpp
[9.060s] -- Up-to-date: /home/ros2_ws/install/my_roobot_interfaces/include/my_roobot_interfaces/my_roobot_interfaces/msg
[9.060s] -- Up-to-date: /home/ros2_ws/install/my_roobot_interfaces/include/my_roobot_interfaces/my_roobot_interfaces/msg/detail
[9.060s] -- Installing: /home/ros2_ws/install/my_roobot_interfaces/include/my_roobot_interfaces/my_roobot_interfaces/msg/detail/led_state_array__type_support.cpp
[9.061s] -- Installing: /home/ros2_ws/install/my_roobot_interfaces/include/my_roobot_interfaces/my_roobot_interfaces/msg/detail/hardware_status__type_support.cpp
[9.061s] -- Installing: /home/ros2_ws/install/my_roobot_interfaces/include/my_roobot_interfaces/my_roobot_interfaces/msg/detail/hardware_status__rosidl_typesupport_introspection_cpp.hpp
[9.061s] -- Installing: /home/ros2_ws/install/my_roobot_interfaces/include/my_roobot_interfaces/my_roobot_interfaces/msg/detail/led_state_array__rosidl_typesupport_introspection_cpp.hpp
[9.061s] -- Installing: /home/ros2_ws/install/my_roobot_interfaces/lib/libmy_roobot_interfaces__rosidl_typesupport_introspection_cpp.so
[9.062s] -- Set runtime path of "/home/ros2_ws/install/my_roobot_interfaces/lib/libmy_roobot_interfaces__rosidl_typesupport_introspection_cpp.so" to ""
[9.062s] -- Installing: /home/ros2_ws/install/my_roobot_interfaces/lib/libmy_roobot_interfaces__rosidl_typesupport_cpp.so
[9.063s] -- Set runtime path of "/home/ros2_ws/install/my_roobot_interfaces/lib/libmy_roobot_interfaces__rosidl_typesupport_cpp.so" to ""
[9.063s] -- Up-to-date: /home/ros2_ws/install/my_roobot_interfaces/share/my_roobot_interfaces/environment/pythonpath.sh
[9.063s] -- Installing: /home/ros2_ws/install/my_roobot_interfaces/share/my_roobot_interfaces/environment/pythonpath.dsv
[9.063s] -- Up-to-date: /home/ros2_ws/install/my_roobot_interfaces/local/lib/python3.10/dist-packages/my_roobot_interfaces-0.0.0-py3.10.egg-info
[9.063s] -- Installing: /home/ros2_ws/install/my_roobot_interfaces/local/lib/python3.10/dist-packages/my_roobot_interfaces-0.0.0-py3.10.egg-info/top_level.txt
[9.063s] -- Installing: /home/ros2_ws/install/my_roobot_interfaces/local/lib/python3.10/dist-packages/my_roobot_interfaces-0.0.0-py3.10.egg-info/dependency_links.txt
[9.063s] -- Installing: /home/ros2_ws/install/my_roobot_interfaces/local/lib/python3.10/dist-packages/my_roobot_interfaces-0.0.0-py3.10.egg-info/SOURCES.txt
[9.064s] -- Installing: /home/ros2_ws/install/my_roobot_interfaces/local/lib/python3.10/dist-packages/my_roobot_interfaces-0.0.0-py3.10.egg-info/PKG-INFO
[9.064s] -- Up-to-date: /home/ros2_ws/install/my_roobot_interfaces/local/lib/python3.10/dist-packages/my_roobot_interfaces
[9.064s] -- Installing: /home/ros2_ws/install/my_roobot_interfaces/local/lib/python3.10/dist-packages/my_roobot_interfaces/my_roobot_interfaces_s__rosidl_typesupport_introspection_c.cpython-310-x86_64-linux-gnu.so
[9.064s] -- Up-to-date: /home/ros2_ws/install/my_roobot_interfaces/local/lib/python3.10/dist-packages/my_roobot_interfaces/srv
[9.064s] -- Installing: /home/ros2_ws/install/my_roobot_interfaces/local/lib/python3.10/dist-packages/my_roobot_interfaces/srv/_compute_rectangle_area_s.c
[9.064s] -- Installing: /home/ros2_ws/install/my_roobot_interfaces/local/lib/python3.10/dist-packages/my_roobot_interfaces/srv/_compute_rectangle_area.py
[9.065s] -- Installing: /home/ros2_ws/install/my_roobot_interfaces/local/lib/python3.10/dist-packages/my_roobot_interfaces/srv/__init__.py
[9.065s] -- Installing: /home/ros2_ws/install/my_roobot_interfaces/local/lib/python3.10/dist-packages/my_roobot_interfaces/my_roobot_interfaces_s__rosidl_typesupport_fastrtps_c.cpython-310-x86_64-linux-gnu.so
[9.065s] -- Installing: /home/ros2_ws/install/my_roobot_interfaces/local/lib/python3.10/dist-packages/my_roobot_interfaces/_my_roobot_interfaces_s.ep.rosidl_typesupport_introspection_c.c
[9.066s] -- Installing: /home/ros2_ws/install/my_roobot_interfaces/local/lib/python3.10/dist-packages/my_roobot_interfaces/my_roobot_interfaces_s__rosidl_typesupport_c.cpython-310-x86_64-linux-gnu.so
[9.066s] -- Installing: /home/ros2_ws/install/my_roobot_interfaces/local/lib/python3.10/dist-packages/my_roobot_interfaces/libmy_roobot_interfaces__rosidl_generator_py.so
[9.066s] -- Up-to-date: /home/ros2_ws/install/my_roobot_interfaces/local/lib/python3.10/dist-packages/my_roobot_interfaces/msg
[9.067s] -- Installing: /home/ros2_ws/install/my_roobot_interfaces/local/lib/python3.10/dist-packages/my_roobot_interfaces/msg/_led_state_array.py
[9.067s] -- Installing: /home/ros2_ws/install/my_roobot_interfaces/local/lib/python3.10/dist-packages/my_roobot_interfaces/msg/_led_state_array_s.c
[9.067s] -- Installing: /home/ros2_ws/install/my_roobot_interfaces/local/lib/python3.10/dist-packages/my_roobot_interfaces/msg/_hardware_status_s.c
[9.067s] -- Installing: /home/ros2_ws/install/my_roobot_interfaces/local/lib/python3.10/dist-packages/my_roobot_interfaces/msg/__init__.py
[9.067s] -- Installing: /home/ros2_ws/install/my_roobot_interfaces/local/lib/python3.10/dist-packages/my_roobot_interfaces/msg/_hardware_status.py
[9.067s] -- Installing: /home/ros2_ws/install/my_roobot_interfaces/local/lib/python3.10/dist-packages/my_roobot_interfaces/_my_roobot_interfaces_s.ep.rosidl_typesupport_c.c
[9.068s] -- Installing: /home/ros2_ws/install/my_roobot_interfaces/local/lib/python3.10/dist-packages/my_roobot_interfaces/_my_roobot_interfaces_s.ep.rosidl_typesupport_fastrtps_c.c
[9.068s] -- Installing: /home/ros2_ws/install/my_roobot_interfaces/local/lib/python3.10/dist-packages/my_roobot_interfaces/__init__.py
[9.109s] Listing '/home/ros2_ws/install/my_roobot_interfaces/local/lib/python3.10/dist-packages/my_roobot_interfaces'...
[9.109s] Compiling '/home/ros2_ws/install/my_roobot_interfaces/local/lib/python3.10/dist-packages/my_roobot_interfaces/__init__.py'...
[9.109s] Listing '/home/ros2_ws/install/my_roobot_interfaces/local/lib/python3.10/dist-packages/my_roobot_interfaces/msg'...
[9.109s] Compiling '/home/ros2_ws/install/my_roobot_interfaces/local/lib/python3.10/dist-packages/my_roobot_interfaces/msg/__init__.py'...
[9.109s] Compiling '/home/ros2_ws/install/my_roobot_interfaces/local/lib/python3.10/dist-packages/my_roobot_interfaces/msg/_hardware_status.py'...
[9.109s] Compiling '/home/ros2_ws/install/my_roobot_interfaces/local/lib/python3.10/dist-packages/my_roobot_interfaces/msg/_led_state_array.py'...
[9.109s] Listing '/home/ros2_ws/install/my_roobot_interfaces/local/lib/python3.10/dist-packages/my_roobot_interfaces/srv'...
[9.110s] Compiling '/home/ros2_ws/install/my_roobot_interfaces/local/lib/python3.10/dist-packages/my_roobot_interfaces/srv/__init__.py'...
[9.110s] Compiling '/home/ros2_ws/install/my_roobot_interfaces/local/lib/python3.10/dist-packages/my_roobot_interfaces/srv/_compute_rectangle_area.py'...
[9.114s] -- Installing: /home/ros2_ws/install/my_roobot_interfaces/local/lib/python3.10/dist-packages/my_roobot_interfaces/my_roobot_interfaces_s__rosidl_typesupport_fastrtps_c.cpython-310-x86_64-linux-gnu.so
[9.114s] -- Set runtime path of "/home/ros2_ws/install/my_roobot_interfaces/local/lib/python3.10/dist-packages/my_roobot_interfaces/my_roobot_interfaces_s__rosidl_typesupport_fastrtps_c.cpython-310-x86_64-linux-gnu.so" to ""
[9.115s] -- Installing: /home/ros2_ws/install/my_roobot_interfaces/local/lib/python3.10/dist-packages/my_roobot_interfaces/my_roobot_interfaces_s__rosidl_typesupport_introspection_c.cpython-310-x86_64-linux-gnu.so
[9.115s] -- Set runtime path of "/home/ros2_ws/install/my_roobot_interfaces/local/lib/python3.10/dist-packages/my_roobot_interfaces/my_roobot_interfaces_s__rosidl_typesupport_introspection_c.cpython-310-x86_64-linux-gnu.so" to ""
[9.115s] -- Installing: /home/ros2_ws/install/my_roobot_interfaces/local/lib/python3.10/dist-packages/my_roobot_interfaces/my_roobot_interfaces_s__rosidl_typesupport_c.cpython-310-x86_64-linux-gnu.so
[9.116s] -- Set runtime path of "/home/ros2_ws/install/my_roobot_interfaces/local/lib/python3.10/dist-packages/my_roobot_interfaces/my_roobot_interfaces_s__rosidl_typesupport_c.cpython-310-x86_64-linux-gnu.so" to ""
[9.116s] -- Installing: /home/ros2_ws/install/my_roobot_interfaces/lib/libmy_roobot_interfaces__rosidl_generator_py.so
[9.116s] -- Set runtime path of "/home/ros2_ws/install/my_roobot_interfaces/lib/libmy_roobot_interfaces__rosidl_generator_py.so" to ""
[9.117s] -- Up-to-date: /home/ros2_ws/install/my_roobot_interfaces/share/my_roobot_interfaces/msg/HardwareStatus.idl
[9.117s] -- Installing: /home/ros2_ws/install/my_roobot_interfaces/share/my_roobot_interfaces/msg/LedStateArray.idl
[9.117s] -- Up-to-date: /home/ros2_ws/install/my_roobot_interfaces/share/my_roobot_interfaces/srv/ComputeRectangleArea.idl
[9.117s] -- Up-to-date: /home/ros2_ws/install/my_roobot_interfaces/share/my_roobot_interfaces/msg/HardwareStatus.msg
[9.117s] -- Installing: /home/ros2_ws/install/my_roobot_interfaces/share/my_roobot_interfaces/msg/LedStateArray.msg
[9.117s] -- Up-to-date: /home/ros2_ws/install/my_roobot_interfaces/share/my_roobot_interfaces/srv/ComputeRectangleArea.srv
[9.117s] -- Up-to-date: /home/ros2_ws/install/my_roobot_interfaces/share/my_roobot_interfaces/srv/ComputeRectangleArea_Request.msg
[9.117s] -- Up-to-date: /home/ros2_ws/install/my_roobot_interfaces/share/my_roobot_interfaces/srv/ComputeRectangleArea_Response.msg
[9.117s] -- Up-to-date: /home/ros2_ws/install/my_roobot_interfaces/share/ament_index/resource_index/package_run_dependencies/my_roobot_interfaces
[9.117s] -- Up-to-date: /home/ros2_ws/install/my_roobot_interfaces/share/ament_index/resource_index/parent_prefix_path/my_roobot_interfaces
[9.118s] -- Up-to-date: /home/ros2_ws/install/my_roobot_interfaces/share/my_roobot_interfaces/environment/ament_prefix_path.sh
[9.118s] -- Installing: /home/ros2_ws/install/my_roobot_interfaces/share/my_roobot_interfaces/environment/ament_prefix_path.dsv
[9.118s] -- Up-to-date: /home/ros2_ws/install/my_roobot_interfaces/share/my_roobot_interfaces/environment/path.sh
[9.118s] -- Installing: /home/ros2_ws/install/my_roobot_interfaces/share/my_roobot_interfaces/environment/path.dsv
[9.118s] -- Up-to-date: /home/ros2_ws/install/my_roobot_interfaces/share/my_roobot_interfaces/local_setup.bash
[9.118s] -- Up-to-date: /home/ros2_ws/install/my_roobot_interfaces/share/my_roobot_interfaces/local_setup.sh
[9.118s] -- Up-to-date: /home/ros2_ws/install/my_roobot_interfaces/share/my_roobot_interfaces/local_setup.zsh
[9.118s] -- Installing: /home/ros2_ws/install/my_roobot_interfaces/share/my_roobot_interfaces/local_setup.dsv
[9.118s] -- Installing: /home/ros2_ws/install/my_roobot_interfaces/share/my_roobot_interfaces/package.dsv
[9.119s] -- Up-to-date: /home/ros2_ws/install/my_roobot_interfaces/share/ament_index/resource_index/packages/my_roobot_interfaces
[9.119s] -- Up-to-date: /home/ros2_ws/install/my_roobot_interfaces/share/my_roobot_interfaces/cmake/export_my_roobot_interfaces__rosidl_generator_cExport.cmake
[9.119s] -- Up-to-date: /home/ros2_ws/install/my_roobot_interfaces/share/my_roobot_interfaces/cmake/export_my_roobot_interfaces__rosidl_generator_cExport-noconfig.cmake
[9.119s] -- Up-to-date: /home/ros2_ws/install/my_roobot_interfaces/share/my_roobot_interfaces/cmake/export_my_roobot_interfaces__rosidl_typesupport_fastrtps_cExport.cmake
[9.119s] -- Up-to-date: /home/ros2_ws/install/my_roobot_interfaces/share/my_roobot_interfaces/cmake/export_my_roobot_interfaces__rosidl_typesupport_fastrtps_cExport-noconfig.cmake
[9.119s] -- Up-to-date: /home/ros2_ws/install/my_roobot_interfaces/share/my_roobot_interfaces/cmake/my_roobot_interfaces__rosidl_typesupport_introspection_cExport.cmake
[9.119s] -- Up-to-date: /home/ros2_ws/install/my_roobot_interfaces/share/my_roobot_interfaces/cmake/my_roobot_interfaces__rosidl_typesupport_introspection_cExport-noconfig.cmake
[9.120s] -- Up-to-date: /home/ros2_ws/install/my_roobot_interfaces/share/my_roobot_interfaces/cmake/my_roobot_interfaces__rosidl_typesupport_cExport.cmake
[9.120s] -- Up-to-date: /home/ros2_ws/install/my_roobot_interfaces/share/my_roobot_interfaces/cmake/my_roobot_interfaces__rosidl_typesupport_cExport-noconfig.cmake
[9.120s] -- Up-to-date: /home/ros2_ws/install/my_roobot_interfaces/share/my_roobot_interfaces/cmake/export_my_roobot_interfaces__rosidl_generator_cppExport.cmake
[9.120s] -- Up-to-date: /home/ros2_ws/install/my_roobot_interfaces/share/my_roobot_interfaces/cmake/export_my_roobot_interfaces__rosidl_typesupport_fastrtps_cppExport.cmake
[9.120s] -- Up-to-date: /home/ros2_ws/install/my_roobot_interfaces/share/my_roobot_interfaces/cmake/export_my_roobot_interfaces__rosidl_typesupport_fastrtps_cppExport-noconfig.cmake
[9.120s] -- Up-to-date: /home/ros2_ws/install/my_roobot_interfaces/share/my_roobot_interfaces/cmake/my_roobot_interfaces__rosidl_typesupport_introspection_cppExport.cmake
[9.120s] -- Up-to-date: /home/ros2_ws/install/my_roobot_interfaces/share/my_roobot_interfaces/cmake/my_roobot_interfaces__rosidl_typesupport_introspection_cppExport-noconfig.cmake
[9.120s] -- Up-to-date: /home/ros2_ws/install/my_roobot_interfaces/share/my_roobot_interfaces/cmake/my_roobot_interfaces__rosidl_typesupport_cppExport.cmake
[9.120s] -- Up-to-date: /home/ros2_ws/install/my_roobot_interfaces/share/my_roobot_interfaces/cmake/my_roobot_interfaces__rosidl_typesupport_cppExport-noconfig.cmake
[9.120s] -- Up-to-date: /home/ros2_ws/install/my_roobot_interfaces/share/my_roobot_interfaces/cmake/export_my_roobot_interfaces__rosidl_generator_pyExport.cmake
[9.121s] -- Up-to-date: /home/ros2_ws/install/my_roobot_interfaces/share/my_roobot_interfaces/cmake/export_my_roobot_interfaces__rosidl_generator_pyExport-noconfig.cmake
[9.121s] -- Installing: /home/ros2_ws/install/my_roobot_interfaces/share/my_roobot_interfaces/cmake/rosidl_cmake-extras.cmake
[9.121s] -- Up-to-date: /home/ros2_ws/install/my_roobot_interfaces/share/my_roobot_interfaces/cmake/ament_cmake_export_include_directories-extras.cmake
[9.121s] -- Up-to-date: /home/ros2_ws/install/my_roobot_interfaces/share/my_roobot_interfaces/cmake/ament_cmake_export_libraries-extras.cmake
[9.121s] -- Up-to-date: /home/ros2_ws/install/my_roobot_interfaces/share/my_roobot_interfaces/cmake/ament_cmake_export_targets-extras.cmake
[9.121s] -- Up-to-date: /home/ros2_ws/install/my_roobot_interfaces/share/my_roobot_interfaces/cmake/rosidl_cmake_export_typesupport_targets-extras.cmake
[9.121s] -- Up-to-date: /home/ros2_ws/install/my_roobot_interfaces/share/my_roobot_interfaces/cmake/ament_cmake_export_dependencies-extras.cmake
[9.121s] -- Up-to-date: /home/ros2_ws/install/my_roobot_interfaces/share/my_roobot_interfaces/cmake/rosidl_cmake_export_typesupport_libraries-extras.cmake
[9.121s] -- Up-to-date: /home/ros2_ws/install/my_roobot_interfaces/share/my_roobot_interfaces/cmake/my_roobot_interfacesConfig.cmake
[9.122s] -- Up-to-date: /home/ros2_ws/install/my_roobot_interfaces/share/my_roobot_interfaces/cmake/my_roobot_interfacesConfig-version.cmake
[9.122s] -- Up-to-date: /home/ros2_ws/install/my_roobot_interfaces/share/my_roobot_interfaces/package.xml
[9.129s] Invoked command in '/home/ros2_ws/build/my_roobot_interfaces' returned '0': CMAKE_PREFIX_PATH=${CMAKE_PREFIX_PATH}:/home/ros2_ws/install/my_py_pkg:/opt/ros/humble /usr/bin/cmake --install /home/ros2_ws/build/my_roobot_interfaces
