[0.016s] Invoking command in '/home/ros2_ws/build/my_cpp_pkg': CMAKE_PREFIX_PATH=/opt/ros/humble /usr/bin/cmake /home/ros2_ws/src/my_cpp_pkg -DCMAKE_INSTALL_PREFIX=/home/ros2_ws/install/my_cpp_pkg
[0.212s] -- The C compiler identification is GNU 11.3.0
[0.910s] -- The CXX compiler identification is GNU 11.3.0
[1.482s] -- Detecting C compiler ABI info
[1.658s] -- Detecting C compiler ABI info - done
[1.664s] -- Check for working C compiler: /usr/bin/cc - skipped
[1.664s] -- Detecting C compile features
[1.665s] -- Detecting C compile features - done
[1.667s] -- Detecting CXX compiler ABI info
[1.854s] -- Detecting CXX compiler ABI info - done
[1.860s] -- Check for working CXX compiler: /usr/bin/c++ - skipped
[1.860s] -- Detecting CXX compile features
[1.861s] -- Detecting CXX compile features - done
[1.862s] -- Found ament_cmake: 1.3.5 (/opt/ros/humble/share/ament_cmake/cmake)
[1.993s] -- Found Python3: /usr/bin/python3.10 (found version "3.10.6") found components: Interpreter 
[2.058s] -- Found rclcpp: 16.0.4 (/opt/ros/humble/share/rclcpp/cmake)
[2.247s] -- Found rosidl_generator_c: 3.1.4 (/opt/ros/humble/share/rosidl_generator_c/cmake)
[2.251s] -- Found rosidl_adapter: 3.1.4 (/opt/ros/humble/share/rosidl_adapter/cmake)
[2.257s] -- Found rosidl_generator_cpp: 3.1.4 (/opt/ros/humble/share/rosidl_generator_cpp/cmake)
[2.268s] -- Using all available rosidl_typesupport_c: rosidl_typesupport_fastrtps_c;rosidl_typesupport_introspection_c
[2.284s] -- Using all available rosidl_typesupport_cpp: rosidl_typesupport_fastrtps_cpp;rosidl_typesupport_introspection_cpp
[2.344s] -- Found rmw_implementation_cmake: 6.1.1 (/opt/ros/humble/share/rmw_implementation_cmake/cmake)
[2.346s] -- Found rmw_fastrtps_cpp: 6.2.2 (/opt/ros/humble/share/rmw_fastrtps_cpp/cmake)
[4.139s] -- Found OpenSSL: /usr/lib/x86_64-linux-gnu/libcrypto.so (found version "3.0.2")  
[6.202s] -- Found FastRTPS: /opt/ros/humble/include  
[9.937s] -- Using RMW implementation 'rmw_fastrtps_cpp' as default
[9.953s] -- Looking for pthread.h
[10.157s] -- Looking for pthread.h - found
[10.157s] -- Performing Test CMAKE_HAVE_LIBC_PTHREAD
[10.351s] -- Performing Test CMAKE_HAVE_LIBC_PTHREAD - Success
[10.352s] -- Found Threads: TRUE  
[10.556s] -- Found ament_lint_auto: 0.12.6 (/opt/ros/humble/share/ament_lint_auto/cmake)
[10.637s] -- Added test 'copyright' to check source files copyright and LICENSE
[10.639s] -- Added test 'lint_cmake' to check CMake code style
[10.641s] -- Added test 'xmllint' to check XML markup files
[10.643s] -- Configuring done
[10.648s] -- Generating done
[10.649s] -- Build files have been written to: /home/ros2_ws/build/my_cpp_pkg
[10.658s] Invoked command in '/home/ros2_ws/build/my_cpp_pkg' returned '0': CMAKE_PREFIX_PATH=/opt/ros/humble /usr/bin/cmake /home/ros2_ws/src/my_cpp_pkg -DCMAKE_INSTALL_PREFIX=/home/ros2_ws/install/my_cpp_pkg
[10.659s] Invoking command in '/home/ros2_ws/build/my_cpp_pkg': CMAKE_PREFIX_PATH=/opt/ros/humble /usr/bin/cmake --build /home/ros2_ws/build/my_cpp_pkg -- -j2 -l2
[10.691s] Invoked command in '/home/ros2_ws/build/my_cpp_pkg' returned '0': CMAKE_PREFIX_PATH=/opt/ros/humble /usr/bin/cmake --build /home/ros2_ws/build/my_cpp_pkg -- -j2 -l2
[10.715s] Invoking command in '/home/ros2_ws/build/my_cpp_pkg': CMAKE_PREFIX_PATH=/opt/ros/humble /usr/bin/cmake --install /home/ros2_ws/build/my_cpp_pkg
[10.720s] -- Install configuration: ""
[10.721s] -- Installing: /home/ros2_ws/install/my_cpp_pkg/share/ament_index/resource_index/package_run_dependencies/my_cpp_pkg
[10.721s] -- Installing: /home/ros2_ws/install/my_cpp_pkg/share/ament_index/resource_index/parent_prefix_path/my_cpp_pkg
[10.721s] -- Installing: /home/ros2_ws/install/my_cpp_pkg/share/my_cpp_pkg/environment/ament_prefix_path.sh
[10.721s] -- Installing: /home/ros2_ws/install/my_cpp_pkg/share/my_cpp_pkg/environment/ament_prefix_path.dsv
[10.721s] -- Installing: /home/ros2_ws/install/my_cpp_pkg/share/my_cpp_pkg/environment/path.sh
[10.722s] -- Installing: /home/ros2_ws/install/my_cpp_pkg/share/my_cpp_pkg/environment/path.dsv
[10.722s] -- Installing: /home/ros2_ws/install/my_cpp_pkg/share/my_cpp_pkg/local_setup.bash
[10.722s] -- Installing: /home/ros2_ws/install/my_cpp_pkg/share/my_cpp_pkg/local_setup.sh
[10.722s] -- Installing: /home/ros2_ws/install/my_cpp_pkg/share/my_cpp_pkg/local_setup.zsh
[10.722s] -- Installing: /home/ros2_ws/install/my_cpp_pkg/share/my_cpp_pkg/local_setup.dsv
[10.722s] -- Installing: /home/ros2_ws/install/my_cpp_pkg/share/my_cpp_pkg/package.dsv
[10.722s] -- Installing: /home/ros2_ws/install/my_cpp_pkg/share/ament_index/resource_index/packages/my_cpp_pkg
[10.723s] -- Installing: /home/ros2_ws/install/my_cpp_pkg/share/my_cpp_pkg/cmake/my_cpp_pkgConfig.cmake
[10.723s] -- Installing: /home/ros2_ws/install/my_cpp_pkg/share/my_cpp_pkg/cmake/my_cpp_pkgConfig-version.cmake
[10.723s] -- Installing: /home/ros2_ws/install/my_cpp_pkg/share/my_cpp_pkg/package.xml
[10.726s] Invoked command in '/home/ros2_ws/build/my_cpp_pkg' returned '0': CMAKE_PREFIX_PATH=/opt/ros/humble /usr/bin/cmake --install /home/ros2_ws/build/my_cpp_pkg
