[0.500s] Invoking command in '/home/ros2_ws/build/my_py_pkg': PYTHONPATH=/home/ros2_ws/build/my_py_pkg/prefix_override:/home/ros2_ws/install/my_py_pkg/lib/python3.10/site-packages:${PYTHONPATH} /usr/bin/python3 setup.py develop --editable --build-directory /home/ros2_ws/build/my_py_pkg/build --no-deps install_data
[0.711s] running develop
[0.827s] running egg_info
[0.827s] writing my_py_pkg.egg-info/PKG-INFO
[0.827s] writing dependency_links to my_py_pkg.egg-info/dependency_links.txt
[0.828s] writing entry points to my_py_pkg.egg-info/entry_points.txt
[0.828s] writing requirements to my_py_pkg.egg-info/requires.txt
[0.828s] writing top-level names to my_py_pkg.egg-info/top_level.txt
[0.830s] reading manifest file 'my_py_pkg.egg-info/SOURCES.txt'
[0.830s] writing manifest file 'my_py_pkg.egg-info/SOURCES.txt'
[0.831s] running build_ext
[0.831s] Creating /home/ros2_ws/install/my_py_pkg/lib/python3.10/site-packages/my-py-pkg.egg-link (link to .)
[0.832s] Installing battery script to /home/ros2_ws/install/my_py_pkg/lib/my_py_pkg
[0.832s] Installing led_panel script to /home/ros2_ws/install/my_py_pkg/lib/my_py_pkg
[0.833s] Installing py_node script to /home/ros2_ws/install/my_py_pkg/lib/my_py_pkg
[0.833s] Installing video_publisher script to /home/ros2_ws/install/my_py_pkg/lib/my_py_pkg
[0.833s] 
[0.833s] Installed /home/ros2_ws/build/my_py_pkg
[0.833s] running install_data
[0.858s] Invoked command in '/home/ros2_ws/build/my_py_pkg' returned '0': PYTHONPATH=/home/ros2_ws/build/my_py_pkg/prefix_override:/home/ros2_ws/install/my_py_pkg/lib/python3.10/site-packages:${PYTHONPATH} /usr/bin/python3 setup.py develop --editable --build-directory /home/ros2_ws/build/my_py_pkg/build --no-deps install_data
