[0.012s] Invoking command in '/home/ros2_ws/build/my_roobot_interfaces': CMAKE_PREFIX_PATH=${CMAKE_PREFIX_PATH}:/home/ros2_ws/install/my_py_pkg:/opt/ros/humble /usr/bin/cmake --build /home/ros2_ws/build/my_roobot_interfaces -- -j2 -l2
[0.053s] [35m[1mConsolidate compiler generated dependencies of target my_roobot_interfaces__rosidl_generator_c[0m
[0.054s] [  3%] Built target my_roobot_interfaces__cpp
[0.063s] [ 12%] Built target my_roobot_interfaces__rosidl_generator_c
[0.071s] [35m[1mConsolidate compiler generated dependencies of target my_roobot_interfaces__rosidl_typesupport_cpp[0m
[0.078s] [ 12%] Built target ament_cmake_python_copy_my_roobot_interfaces
[0.082s] [ 22%] Built target my_roobot_interfaces__rosidl_typesupport_cpp
[0.086s] [35m[1mConsolidate compiler generated dependencies of target my_roobot_interfaces__rosidl_typesupport_fastrtps_c[0m
[0.090s] [35m[1mConsolidate compiler generated dependencies of target my_roobot_interfaces__rosidl_typesupport_introspection_c[0m
[0.097s] [ 32%] Built target my_roobot_interfaces__rosidl_typesupport_fastrtps_c
[0.098s] [ 41%] Built target my_roobot_interfaces__rosidl_typesupport_introspection_c
[0.104s] [35m[1mConsolidate compiler generated dependencies of target my_roobot_interfaces__rosidl_typesupport_c[0m
[0.105s] [35m[1mConsolidate compiler generated dependencies of target my_roobot_interfaces__rosidl_typesupport_fastrtps_cpp[0m
[0.114s] [ 51%] Built target my_roobot_interfaces__rosidl_typesupport_c
[0.115s] [ 61%] Built target my_roobot_interfaces__rosidl_typesupport_fastrtps_cpp
[0.121s] [35m[1mConsolidate compiler generated dependencies of target my_roobot_interfaces__rosidl_typesupport_introspection_cpp[0m
[0.131s] [ 70%] Built target my_roobot_interfaces__rosidl_typesupport_introspection_cpp
[0.147s] [ 70%] Built target my_roobot_interfaces
[0.162s] [ 74%] Built target my_roobot_interfaces__py
[0.170s] [35m[1mConsolidate compiler generated dependencies of target my_roobot_interfaces__rosidl_generator_py[0m
[0.181s] [ 80%] Built target my_roobot_interfaces__rosidl_generator_py
[0.189s] [35m[1mConsolidate compiler generated dependencies of target my_roobot_interfaces__rosidl_typesupport_fastrtps_c__pyext[0m
[0.200s] [ 87%] Built target my_roobot_interfaces__rosidl_typesupport_fastrtps_c__pyext
[0.208s] [35m[1mConsolidate compiler generated dependencies of target my_roobot_interfaces__rosidl_typesupport_introspection_c__pyext[0m
[0.218s] [ 93%] Built target my_roobot_interfaces__rosidl_typesupport_introspection_c__pyext
[0.226s] [35m[1mConsolidate compiler generated dependencies of target my_roobot_interfaces__rosidl_typesupport_c__pyext[0m
[0.236s] [100%] Built target my_roobot_interfaces__rosidl_typesupport_c__pyext
[0.323s] running egg_info
[0.323s] writing my_roobot_interfaces.egg-info/PKG-INFO
[0.324s] writing dependency_links to my_roobot_interfaces.egg-info/dependency_links.txt
[0.324s] writing top-level names to my_roobot_interfaces.egg-info/top_level.txt
[0.326s] reading manifest file 'my_roobot_interfaces.egg-info/SOURCES.txt'
[0.326s] writing manifest file 'my_roobot_interfaces.egg-info/SOURCES.txt'
[0.348s] [100%] Built target ament_cmake_python_build_my_roobot_interfaces_egg
[0.357s] Invoked command in '/home/ros2_ws/build/my_roobot_interfaces' returned '0': CMAKE_PREFIX_PATH=${CMAKE_PREFIX_PATH}:/home/ros2_ws/install/my_py_pkg:/opt/ros/humble /usr/bin/cmake --build /home/ros2_ws/build/my_roobot_interfaces -- -j2 -l2
[0.415s] Invoking command in '/home/ros2_ws/build/my_roobot_interfaces': CMAKE_PREFIX_PATH=${CMAKE_PREFIX_PATH}:/home/ros2_ws/install/my_py_pkg:/opt/ros/humble /usr/bin/cmake --install /home/ros2_ws/build/my_roobot_interfaces
[0.423s] -- Install configuration: ""
[0.424s] -- Up-to-date: /home/ros2_ws/install/my_roobot_interfaces/share/ament_index/resource_index/rosidl_interfaces/my_roobot_interfaces
[0.424s] -- Up-to-date: /home/ros2_ws/install/my_roobot_interfaces/include/my_roobot_interfaces/my_roobot_interfaces
[0.424s] -- Up-to-date: /home/ros2_ws/install/my_roobot_interfaces/include/my_roobot_interfaces/my_roobot_interfaces/msg
[0.424s] -- Up-to-date: /home/ros2_ws/install/my_roobot_interfaces/include/my_roobot_interfaces/my_roobot_interfaces/msg/hardware_status.h
[0.424s] -- Up-to-date: /home/ros2_ws/install/my_roobot_interfaces/include/my_roobot_interfaces/my_roobot_interfaces/msg/rosidl_generator_c__visibility_control.h
[0.424s] -- Up-to-date: /home/ros2_ws/install/my_roobot_interfaces/include/my_roobot_interfaces/my_roobot_interfaces/msg/detail
[0.424s] -- Up-to-date: /home/ros2_ws/install/my_roobot_interfaces/include/my_roobot_interfaces/my_roobot_interfaces/msg/detail/hardware_status__struct.h
[0.424s] -- Up-to-date: /home/ros2_ws/install/my_roobot_interfaces/include/my_roobot_interfaces/my_roobot_interfaces/msg/detail/hardware_status__type_support.h
[0.424s] -- Up-to-date: /home/ros2_ws/install/my_roobot_interfaces/include/my_roobot_interfaces/my_roobot_interfaces/msg/detail/hardware_status__functions.c
[0.424s] -- Up-to-date: /home/ros2_ws/install/my_roobot_interfaces/include/my_roobot_interfaces/my_roobot_interfaces/msg/detail/hardware_status__functions.h
[0.424s] -- Up-to-date: /home/ros2_ws/install/my_roobot_interfaces/share/my_roobot_interfaces/environment/library_path.sh
[0.424s] -- Up-to-date: /home/ros2_ws/install/my_roobot_interfaces/share/my_roobot_interfaces/environment/library_path.dsv
[0.424s] -- Up-to-date: /home/ros2_ws/install/my_roobot_interfaces/lib/libmy_roobot_interfaces__rosidl_generator_c.so
[0.424s] -- Up-to-date: /home/ros2_ws/install/my_roobot_interfaces/include/my_roobot_interfaces/my_roobot_interfaces
[0.424s] -- Up-to-date: /home/ros2_ws/install/my_roobot_interfaces/include/my_roobot_interfaces/my_roobot_interfaces/msg
[0.424s] -- Up-to-date: /home/ros2_ws/install/my_roobot_interfaces/include/my_roobot_interfaces/my_roobot_interfaces/msg/rosidl_typesupport_fastrtps_c__visibility_control.h
[0.425s] -- Up-to-date: /home/ros2_ws/install/my_roobot_interfaces/include/my_roobot_interfaces/my_roobot_interfaces/msg/detail
[0.425s] -- Up-to-date: /home/ros2_ws/install/my_roobot_interfaces/include/my_roobot_interfaces/my_roobot_interfaces/msg/detail/hardware_status__rosidl_typesupport_fastrtps_c.h
[0.425s] -- Up-to-date: /home/ros2_ws/install/my_roobot_interfaces/lib/libmy_roobot_interfaces__rosidl_typesupport_fastrtps_c.so
[0.425s] -- Up-to-date: /home/ros2_ws/install/my_roobot_interfaces/include/my_roobot_interfaces/my_roobot_interfaces
[0.425s] -- Up-to-date: /home/ros2_ws/install/my_roobot_interfaces/include/my_roobot_interfaces/my_roobot_interfaces/msg
[0.425s] -- Up-to-date: /home/ros2_ws/install/my_roobot_interfaces/include/my_roobot_interfaces/my_roobot_interfaces/msg/rosidl_typesupport_introspection_c__visibility_control.h
[0.425s] -- Up-to-date: /home/ros2_ws/install/my_roobot_interfaces/include/my_roobot_interfaces/my_roobot_interfaces/msg/detail
[0.425s] -- Up-to-date: /home/ros2_ws/install/my_roobot_interfaces/include/my_roobot_interfaces/my_roobot_interfaces/msg/detail/hardware_status__type_support.c
[0.425s] -- Up-to-date: /home/ros2_ws/install/my_roobot_interfaces/include/my_roobot_interfaces/my_roobot_interfaces/msg/detail/hardware_status__rosidl_typesupport_introspection_c.h
[0.425s] -- Up-to-date: /home/ros2_ws/install/my_roobot_interfaces/lib/libmy_roobot_interfaces__rosidl_typesupport_introspection_c.so
[0.425s] -- Up-to-date: /home/ros2_ws/install/my_roobot_interfaces/lib/libmy_roobot_interfaces__rosidl_typesupport_c.so
[0.425s] -- Up-to-date: /home/ros2_ws/install/my_roobot_interfaces/include/my_roobot_interfaces/my_roobot_interfaces
[0.425s] -- Up-to-date: /home/ros2_ws/install/my_roobot_interfaces/include/my_roobot_interfaces/my_roobot_interfaces/msg
[0.425s] -- Up-to-date: /home/ros2_ws/install/my_roobot_interfaces/include/my_roobot_interfaces/my_roobot_interfaces/msg/hardware_status.hpp
[0.425s] -- Up-to-date: /home/ros2_ws/install/my_roobot_interfaces/include/my_roobot_interfaces/my_roobot_interfaces/msg/detail
[0.425s] -- Up-to-date: /home/ros2_ws/install/my_roobot_interfaces/include/my_roobot_interfaces/my_roobot_interfaces/msg/detail/hardware_status__traits.hpp
[0.426s] -- Up-to-date: /home/ros2_ws/install/my_roobot_interfaces/include/my_roobot_interfaces/my_roobot_interfaces/msg/detail/hardware_status__builder.hpp
[0.426s] -- Up-to-date: /home/ros2_ws/install/my_roobot_interfaces/include/my_roobot_interfaces/my_roobot_interfaces/msg/detail/hardware_status__struct.hpp
[0.426s] -- Up-to-date: /home/ros2_ws/install/my_roobot_interfaces/include/my_roobot_interfaces/my_roobot_interfaces
[0.426s] -- Up-to-date: /home/ros2_ws/install/my_roobot_interfaces/include/my_roobot_interfaces/my_roobot_interfaces/msg
[0.426s] -- Up-to-date: /home/ros2_ws/install/my_roobot_interfaces/include/my_roobot_interfaces/my_roobot_interfaces/msg/rosidl_typesupport_fastrtps_cpp__visibility_control.h
[0.426s] -- Up-to-date: /home/ros2_ws/install/my_roobot_interfaces/include/my_roobot_interfaces/my_roobot_interfaces/msg/detail
[0.426s] -- Up-to-date: /home/ros2_ws/install/my_roobot_interfaces/include/my_roobot_interfaces/my_roobot_interfaces/msg/detail/hardware_status__rosidl_typesupport_fastrtps_cpp.hpp
[0.426s] -- Up-to-date: /home/ros2_ws/install/my_roobot_interfaces/include/my_roobot_interfaces/my_roobot_interfaces/msg/detail/dds_fastrtps
[0.426s] -- Up-to-date: /home/ros2_ws/install/my_roobot_interfaces/lib/libmy_roobot_interfaces__rosidl_typesupport_fastrtps_cpp.so
[0.426s] -- Up-to-date: /home/ros2_ws/install/my_roobot_interfaces/include/my_roobot_interfaces/my_roobot_interfaces
[0.426s] -- Up-to-date: /home/ros2_ws/install/my_roobot_interfaces/include/my_roobot_interfaces/my_roobot_interfaces/msg
[0.426s] -- Up-to-date: /home/ros2_ws/install/my_roobot_interfaces/include/my_roobot_interfaces/my_roobot_interfaces/msg/detail
[0.426s] -- Up-to-date: /home/ros2_ws/install/my_roobot_interfaces/include/my_roobot_interfaces/my_roobot_interfaces/msg/detail/hardware_status__type_support.cpp
[0.426s] -- Up-to-date: /home/ros2_ws/install/my_roobot_interfaces/include/my_roobot_interfaces/my_roobot_interfaces/msg/detail/hardware_status__rosidl_typesupport_introspection_cpp.hpp
[0.427s] -- Up-to-date: /home/ros2_ws/install/my_roobot_interfaces/lib/libmy_roobot_interfaces__rosidl_typesupport_introspection_cpp.so
[0.427s] -- Up-to-date: /home/ros2_ws/install/my_roobot_interfaces/lib/libmy_roobot_interfaces__rosidl_typesupport_cpp.so
[0.427s] -- Up-to-date: /home/ros2_ws/install/my_roobot_interfaces/share/my_roobot_interfaces/environment/pythonpath.sh
[0.427s] -- Up-to-date: /home/ros2_ws/install/my_roobot_interfaces/share/my_roobot_interfaces/environment/pythonpath.dsv
[0.427s] -- Up-to-date: /home/ros2_ws/install/my_roobot_interfaces/local/lib/python3.10/dist-packages/my_roobot_interfaces-0.0.0-py3.10.egg-info
[0.427s] -- Installing: /home/ros2_ws/install/my_roobot_interfaces/local/lib/python3.10/dist-packages/my_roobot_interfaces-0.0.0-py3.10.egg-info/top_level.txt
[0.427s] -- Installing: /home/ros2_ws/install/my_roobot_interfaces/local/lib/python3.10/dist-packages/my_roobot_interfaces-0.0.0-py3.10.egg-info/dependency_links.txt
[0.427s] -- Installing: /home/ros2_ws/install/my_roobot_interfaces/local/lib/python3.10/dist-packages/my_roobot_interfaces-0.0.0-py3.10.egg-info/SOURCES.txt
[0.427s] -- Installing: /home/ros2_ws/install/my_roobot_interfaces/local/lib/python3.10/dist-packages/my_roobot_interfaces-0.0.0-py3.10.egg-info/PKG-INFO
[0.428s] -- Up-to-date: /home/ros2_ws/install/my_roobot_interfaces/local/lib/python3.10/dist-packages/my_roobot_interfaces
[0.428s] -- Up-to-date: /home/ros2_ws/install/my_roobot_interfaces/local/lib/python3.10/dist-packages/my_roobot_interfaces/my_roobot_interfaces_s__rosidl_typesupport_introspection_c.cpython-310-x86_64-linux-gnu.so
[0.428s] -- Up-to-date: /home/ros2_ws/install/my_roobot_interfaces/local/lib/python3.10/dist-packages/my_roobot_interfaces/my_roobot_interfaces_s__rosidl_typesupport_fastrtps_c.cpython-310-x86_64-linux-gnu.so
[0.428s] -- Up-to-date: /home/ros2_ws/install/my_roobot_interfaces/local/lib/python3.10/dist-packages/my_roobot_interfaces/_my_roobot_interfaces_s.ep.rosidl_typesupport_introspection_c.c
[0.428s] -- Up-to-date: /home/ros2_ws/install/my_roobot_interfaces/local/lib/python3.10/dist-packages/my_roobot_interfaces/my_roobot_interfaces_s__rosidl_typesupport_c.cpython-310-x86_64-linux-gnu.so
[0.428s] -- Up-to-date: /home/ros2_ws/install/my_roobot_interfaces/local/lib/python3.10/dist-packages/my_roobot_interfaces/libmy_roobot_interfaces__rosidl_generator_py.so
[0.428s] -- Up-to-date: /home/ros2_ws/install/my_roobot_interfaces/local/lib/python3.10/dist-packages/my_roobot_interfaces/msg
[0.428s] -- Up-to-date: /home/ros2_ws/install/my_roobot_interfaces/local/lib/python3.10/dist-packages/my_roobot_interfaces/msg/_hardware_status_s.c
[0.428s] -- Up-to-date: /home/ros2_ws/install/my_roobot_interfaces/local/lib/python3.10/dist-packages/my_roobot_interfaces/msg/__init__.py
[0.428s] -- Up-to-date: /home/ros2_ws/install/my_roobot_interfaces/local/lib/python3.10/dist-packages/my_roobot_interfaces/msg/_hardware_status.py
[0.428s] -- Up-to-date: /home/ros2_ws/install/my_roobot_interfaces/local/lib/python3.10/dist-packages/my_roobot_interfaces/_my_roobot_interfaces_s.ep.rosidl_typesupport_c.c
[0.428s] -- Up-to-date: /home/ros2_ws/install/my_roobot_interfaces/local/lib/python3.10/dist-packages/my_roobot_interfaces/_my_roobot_interfaces_s.ep.rosidl_typesupport_fastrtps_c.c
[0.428s] -- Up-to-date: /home/ros2_ws/install/my_roobot_interfaces/local/lib/python3.10/dist-packages/my_roobot_interfaces/__init__.py
[0.452s] Listing '/home/ros2_ws/install/my_roobot_interfaces/local/lib/python3.10/dist-packages/my_roobot_interfaces'...
[0.452s] Listing '/home/ros2_ws/install/my_roobot_interfaces/local/lib/python3.10/dist-packages/my_roobot_interfaces/msg'...
[0.456s] -- Up-to-date: /home/ros2_ws/install/my_roobot_interfaces/local/lib/python3.10/dist-packages/my_roobot_interfaces/my_roobot_interfaces_s__rosidl_typesupport_fastrtps_c.cpython-310-x86_64-linux-gnu.so
[0.456s] -- Up-to-date: /home/ros2_ws/install/my_roobot_interfaces/local/lib/python3.10/dist-packages/my_roobot_interfaces/my_roobot_interfaces_s__rosidl_typesupport_introspection_c.cpython-310-x86_64-linux-gnu.so
[0.457s] -- Up-to-date: /home/ros2_ws/install/my_roobot_interfaces/local/lib/python3.10/dist-packages/my_roobot_interfaces/my_roobot_interfaces_s__rosidl_typesupport_c.cpython-310-x86_64-linux-gnu.so
[0.457s] -- Up-to-date: /home/ros2_ws/install/my_roobot_interfaces/lib/libmy_roobot_interfaces__rosidl_generator_py.so
[0.458s] -- Up-to-date: /home/ros2_ws/install/my_roobot_interfaces/share/my_roobot_interfaces/msg/HardwareStatus.idl
[0.458s] -- Up-to-date: /home/ros2_ws/install/my_roobot_interfaces/share/my_roobot_interfaces/msg/HardwareStatus.msg
[0.458s] -- Up-to-date: /home/ros2_ws/install/my_roobot_interfaces/share/ament_index/resource_index/package_run_dependencies/my_roobot_interfaces
[0.458s] -- Up-to-date: /home/ros2_ws/install/my_roobot_interfaces/share/ament_index/resource_index/parent_prefix_path/my_roobot_interfaces
[0.458s] -- Up-to-date: /home/ros2_ws/install/my_roobot_interfaces/share/my_roobot_interfaces/environment/ament_prefix_path.sh
[0.458s] -- Up-to-date: /home/ros2_ws/install/my_roobot_interfaces/share/my_roobot_interfaces/environment/ament_prefix_path.dsv
[0.458s] -- Up-to-date: /home/ros2_ws/install/my_roobot_interfaces/share/my_roobot_interfaces/environment/path.sh
[0.458s] -- Up-to-date: /home/ros2_ws/install/my_roobot_interfaces/share/my_roobot_interfaces/environment/path.dsv
[0.458s] -- Up-to-date: /home/ros2_ws/install/my_roobot_interfaces/share/my_roobot_interfaces/local_setup.bash
[0.459s] -- Up-to-date: /home/ros2_ws/install/my_roobot_interfaces/share/my_roobot_interfaces/local_setup.sh
[0.459s] -- Up-to-date: /home/ros2_ws/install/my_roobot_interfaces/share/my_roobot_interfaces/local_setup.zsh
[0.459s] -- Up-to-date: /home/ros2_ws/install/my_roobot_interfaces/share/my_roobot_interfaces/local_setup.dsv
[0.459s] -- Installing: /home/ros2_ws/install/my_roobot_interfaces/share/my_roobot_interfaces/package.dsv
[0.459s] -- Up-to-date: /home/ros2_ws/install/my_roobot_interfaces/share/ament_index/resource_index/packages/my_roobot_interfaces
[0.459s] -- Up-to-date: /home/ros2_ws/install/my_roobot_interfaces/share/my_roobot_interfaces/cmake/export_my_roobot_interfaces__rosidl_generator_cExport.cmake
[0.459s] -- Up-to-date: /home/ros2_ws/install/my_roobot_interfaces/share/my_roobot_interfaces/cmake/export_my_roobot_interfaces__rosidl_generator_cExport-noconfig.cmake
[0.459s] -- Up-to-date: /home/ros2_ws/install/my_roobot_interfaces/share/my_roobot_interfaces/cmake/export_my_roobot_interfaces__rosidl_typesupport_fastrtps_cExport.cmake
[0.459s] -- Up-to-date: /home/ros2_ws/install/my_roobot_interfaces/share/my_roobot_interfaces/cmake/export_my_roobot_interfaces__rosidl_typesupport_fastrtps_cExport-noconfig.cmake
[0.459s] -- Up-to-date: /home/ros2_ws/install/my_roobot_interfaces/share/my_roobot_interfaces/cmake/my_roobot_interfaces__rosidl_typesupport_introspection_cExport.cmake
[0.459s] -- Up-to-date: /home/ros2_ws/install/my_roobot_interfaces/share/my_roobot_interfaces/cmake/my_roobot_interfaces__rosidl_typesupport_introspection_cExport-noconfig.cmake
[0.459s] -- Up-to-date: /home/ros2_ws/install/my_roobot_interfaces/share/my_roobot_interfaces/cmake/my_roobot_interfaces__rosidl_typesupport_cExport.cmake
[0.460s] -- Up-to-date: /home/ros2_ws/install/my_roobot_interfaces/share/my_roobot_interfaces/cmake/my_roobot_interfaces__rosidl_typesupport_cExport-noconfig.cmake
[0.460s] -- Up-to-date: /home/ros2_ws/install/my_roobot_interfaces/share/my_roobot_interfaces/cmake/export_my_roobot_interfaces__rosidl_generator_cppExport.cmake
[0.460s] -- Up-to-date: /home/ros2_ws/install/my_roobot_interfaces/share/my_roobot_interfaces/cmake/export_my_roobot_interfaces__rosidl_typesupport_fastrtps_cppExport.cmake
[0.460s] -- Up-to-date: /home/ros2_ws/install/my_roobot_interfaces/share/my_roobot_interfaces/cmake/export_my_roobot_interfaces__rosidl_typesupport_fastrtps_cppExport-noconfig.cmake
[0.460s] -- Up-to-date: /home/ros2_ws/install/my_roobot_interfaces/share/my_roobot_interfaces/cmake/my_roobot_interfaces__rosidl_typesupport_introspection_cppExport.cmake
[0.460s] -- Up-to-date: /home/ros2_ws/install/my_roobot_interfaces/share/my_roobot_interfaces/cmake/my_roobot_interfaces__rosidl_typesupport_introspection_cppExport-noconfig.cmake
[0.460s] -- Up-to-date: /home/ros2_ws/install/my_roobot_interfaces/share/my_roobot_interfaces/cmake/my_roobot_interfaces__rosidl_typesupport_cppExport.cmake
[0.460s] -- Up-to-date: /home/ros2_ws/install/my_roobot_interfaces/share/my_roobot_interfaces/cmake/my_roobot_interfaces__rosidl_typesupport_cppExport-noconfig.cmake
[0.460s] -- Up-to-date: /home/ros2_ws/install/my_roobot_interfaces/share/my_roobot_interfaces/cmake/export_my_roobot_interfaces__rosidl_generator_pyExport.cmake
[0.460s] -- Up-to-date: /home/ros2_ws/install/my_roobot_interfaces/share/my_roobot_interfaces/cmake/export_my_roobot_interfaces__rosidl_generator_pyExport-noconfig.cmake
[0.460s] -- Up-to-date: /home/ros2_ws/install/my_roobot_interfaces/share/my_roobot_interfaces/cmake/rosidl_cmake-extras.cmake
[0.460s] -- Up-to-date: /home/ros2_ws/install/my_roobot_interfaces/share/my_roobot_interfaces/cmake/ament_cmake_export_include_directories-extras.cmake
[0.460s] -- Up-to-date: /home/ros2_ws/install/my_roobot_interfaces/share/my_roobot_interfaces/cmake/ament_cmake_export_libraries-extras.cmake
[0.460s] -- Up-to-date: /home/ros2_ws/install/my_roobot_interfaces/share/my_roobot_interfaces/cmake/ament_cmake_export_targets-extras.cmake
[0.460s] -- Up-to-date: /home/ros2_ws/install/my_roobot_interfaces/share/my_roobot_interfaces/cmake/rosidl_cmake_export_typesupport_targets-extras.cmake
[0.460s] -- Up-to-date: /home/ros2_ws/install/my_roobot_interfaces/share/my_roobot_interfaces/cmake/ament_cmake_export_dependencies-extras.cmake
[0.461s] -- Up-to-date: /home/ros2_ws/install/my_roobot_interfaces/share/my_roobot_interfaces/cmake/rosidl_cmake_export_typesupport_libraries-extras.cmake
[0.461s] -- Up-to-date: /home/ros2_ws/install/my_roobot_interfaces/share/my_roobot_interfaces/cmake/my_roobot_interfacesConfig.cmake
[0.461s] -- Up-to-date: /home/ros2_ws/install/my_roobot_interfaces/share/my_roobot_interfaces/cmake/my_roobot_interfacesConfig-version.cmake
[0.461s] -- Up-to-date: /home/ros2_ws/install/my_roobot_interfaces/share/my_roobot_interfaces/package.xml
[0.462s] Invoked command in '/home/ros2_ws/build/my_roobot_interfaces' returned '0': CMAKE_PREFIX_PATH=${CMAKE_PREFIX_PATH}:/home/ros2_ws/install/my_py_pkg:/opt/ros/humble /usr/bin/cmake --install /home/ros2_ws/build/my_roobot_interfaces
