[0.014s] Invoking command in '/home/ros2_ws/build/my_roobot_interfaces': CMAKE_PREFIX_PATH=${CMAKE_PREFIX_PATH}:/home/ros2_ws/install/my_py_pkg:/opt/ros/humble /usr/bin/cmake --build /home/ros2_ws/build/my_roobot_interfaces -- -j2 -l2
[0.045s] -- Found ament_cmake: 1.3.5 (/opt/ros/humble/share/ament_cmake/cmake)
[0.166s] -- Found rosidl_default_generators: 1.2.0 (/opt/ros/humble/share/rosidl_default_generators/cmake)
[0.167s] -- Using all available rosidl_typesupport_c: rosidl_typesupport_fastrtps_c;rosidl_typesupport_introspection_c
[0.169s] -- Found rosidl_adapter: 3.1.4 (/opt/ros/humble/share/rosidl_adapter/cmake)
[0.384s] -- Using all available rosidl_typesupport_cpp: rosidl_typesupport_fastrtps_cpp;rosidl_typesupport_introspection_cpp
[0.619s] -- Found ament_cmake_ros: 0.10.0 (/opt/ros/humble/share/ament_cmake_ros/cmake)
[0.763s] -- Using all available rosidl_typesupport_c: rosidl_typesupport_fastrtps_c;rosidl_typesupport_introspection_c
[0.951s] -- Using all available rosidl_typesupport_cpp: rosidl_typesupport_fastrtps_cpp;rosidl_typesupport_introspection_cpp
[0.968s] -- Found python_cmake_module: 0.10.0 (/opt/ros/humble/share/python_cmake_module/cmake)
[0.987s] -- Using PYTHON_EXECUTABLE: /usr/bin/python3
[0.987s] -- Using PYTHON_INCLUDE_DIRS: /usr/include/python3.10
[0.987s] -- Using PYTHON_LIBRARIES: /usr/lib/x86_64-linux-gnu/libpython3.10.so
[1.010s] -- Configuring done
[1.079s] -- Generating done
[1.082s] -- Build files have been written to: /home/ros2_ws/build/my_roobot_interfaces
[1.101s] [  1%] [34m[1mGenerating C code for ROS interfaces[0m
[1.117s] [  3%] [34m[1mGenerating C++ code for ROS interfaces[0m
[1.596s] [  3%] Built target my_roobot_interfaces__cpp
[1.627s] [  3%] Built target ament_cmake_python_copy_my_roobot_interfaces
[1.630s] [35m[1mConsolidate compiler generated dependencies of target my_roobot_interfaces__rosidl_generator_c[0m
[1.636s] [  5%] [34m[1mGenerating C++ type support dispatch for ROS interfaces[0m
[1.640s] [  7%] [32mBuilding C object CMakeFiles/my_roobot_interfaces__rosidl_generator_c.dir/rosidl_generator_c/my_roobot_interfaces/msg/detail/hardware_status__functions.c.o[0m
[1.678s] [  9%] [32mBuilding C object CMakeFiles/my_roobot_interfaces__rosidl_generator_c.dir/rosidl_generator_c/my_roobot_interfaces/msg/detail/led_state_array__functions.c.o[0m
[1.714s] [ 10%] [32mBuilding C object CMakeFiles/my_roobot_interfaces__rosidl_generator_c.dir/rosidl_generator_c/my_roobot_interfaces/srv/detail/compute_rectangle_area__functions.c.o[0m
[1.758s] [ 12%] [32mBuilding C object CMakeFiles/my_roobot_interfaces__rosidl_generator_c.dir/rosidl_generator_c/my_roobot_interfaces/srv/detail/set_led__functions.c.o[0m
[1.800s] [ 14%] [32m[1mLinking C shared library libmy_roobot_interfaces__rosidl_generator_c.so[0m
[1.924s] [35m[1mConsolidate compiler generated dependencies of target my_roobot_interfaces__rosidl_typesupport_cpp[0m
[1.939s] [ 16%] [32mBuilding CXX object CMakeFiles/my_roobot_interfaces__rosidl_typesupport_cpp.dir/rosidl_typesupport_cpp/my_roobot_interfaces/msg/hardware_status__type_support.cpp.o[0m
[1.982s] [ 16%] Built target my_roobot_interfaces__rosidl_generator_c
[1.990s] [ 18%] [34m[1mGenerating C++ type support for eProsima Fast-RTPS[0m
[2.161s] [ 20%] [32mBuilding CXX object CMakeFiles/my_roobot_interfaces__rosidl_typesupport_cpp.dir/rosidl_typesupport_cpp/my_roobot_interfaces/msg/led_state_array__type_support.cpp.o[0m
[2.337s] [35m[1mConsolidate compiler generated dependencies of target my_roobot_interfaces__rosidl_typesupport_fastrtps_cpp[0m
[2.349s] [ 21%] [32mBuilding CXX object CMakeFiles/my_roobot_interfaces__rosidl_typesupport_fastrtps_cpp.dir/rosidl_typesupport_fastrtps_cpp/my_roobot_interfaces/msg/detail/dds_fastrtps/hardware_status__type_support.cpp.o[0m
[2.378s] [ 23%] [32mBuilding CXX object CMakeFiles/my_roobot_interfaces__rosidl_typesupport_cpp.dir/rosidl_typesupport_cpp/my_roobot_interfaces/srv/compute_rectangle_area__type_support.cpp.o[0m
[2.598s] [ 25%] [32mBuilding CXX object CMakeFiles/my_roobot_interfaces__rosidl_typesupport_cpp.dir/rosidl_typesupport_cpp/my_roobot_interfaces/srv/set_led__type_support.cpp.o[0m
[2.682s] [ 27%] [32mBuilding CXX object CMakeFiles/my_roobot_interfaces__rosidl_typesupport_fastrtps_cpp.dir/rosidl_typesupport_fastrtps_cpp/my_roobot_interfaces/msg/detail/dds_fastrtps/led_state_array__type_support.cpp.o[0m
[2.814s] [ 29%] [32m[1mLinking CXX shared library libmy_roobot_interfaces__rosidl_typesupport_cpp.so[0m
[3.007s] [ 29%] Built target my_roobot_interfaces__rosidl_typesupport_cpp
[3.016s] [ 30%] [34m[1mGenerating C++ introspection for ROS interfaces[0m
[3.098s] [ 32%] [32mBuilding CXX object CMakeFiles/my_roobot_interfaces__rosidl_typesupport_fastrtps_cpp.dir/rosidl_typesupport_fastrtps_cpp/my_roobot_interfaces/srv/detail/dds_fastrtps/compute_rectangle_area__type_support.cpp.o[0m
[3.331s] [35m[1mConsolidate compiler generated dependencies of target my_roobot_interfaces__rosidl_typesupport_introspection_cpp[0m
[3.342s] [ 34%] [32mBuilding CXX object CMakeFiles/my_roobot_interfaces__rosidl_typesupport_introspection_cpp.dir/rosidl_typesupport_introspection_cpp/my_roobot_interfaces/msg/detail/hardware_status__type_support.cpp.o[0m
[3.433s] [ 36%] [32mBuilding CXX object CMakeFiles/my_roobot_interfaces__rosidl_typesupport_fastrtps_cpp.dir/rosidl_typesupport_fastrtps_cpp/my_roobot_interfaces/srv/detail/dds_fastrtps/set_led__type_support.cpp.o[0m
[3.780s] [ 38%] [32mBuilding CXX object CMakeFiles/my_roobot_interfaces__rosidl_typesupport_introspection_cpp.dir/rosidl_typesupport_introspection_cpp/my_roobot_interfaces/msg/detail/led_state_array__type_support.cpp.o[0m
[3.953s] [ 40%] [32m[1mLinking CXX shared library libmy_roobot_interfaces__rosidl_typesupport_fastrtps_cpp.so[0m
[4.187s] [ 40%] Built target my_roobot_interfaces__rosidl_typesupport_fastrtps_cpp
[4.240s] [ 41%] [32mBuilding CXX object CMakeFiles/my_roobot_interfaces__rosidl_typesupport_introspection_cpp.dir/rosidl_typesupport_introspection_cpp/my_roobot_interfaces/srv/detail/compute_rectangle_area__type_support.cpp.o[0m
[4.392s] running egg_info
[4.393s] writing my_roobot_interfaces.egg-info/PKG-INFO
[4.393s] writing dependency_links to my_roobot_interfaces.egg-info/dependency_links.txt
[4.394s] writing top-level names to my_roobot_interfaces.egg-info/top_level.txt
[4.396s] reading manifest file 'my_roobot_interfaces.egg-info/SOURCES.txt'
[4.397s] writing manifest file 'my_roobot_interfaces.egg-info/SOURCES.txt'
[4.421s] [ 41%] Built target ament_cmake_python_build_my_roobot_interfaces_egg
[4.429s] [ 43%] [34m[1mGenerating C type support for eProsima Fast-RTPS[0m
[4.549s] [ 45%] [32mBuilding CXX object CMakeFiles/my_roobot_interfaces__rosidl_typesupport_introspection_cpp.dir/rosidl_typesupport_introspection_cpp/my_roobot_interfaces/srv/detail/set_led__type_support.cpp.o[0m
[4.770s] [35m[1mConsolidate compiler generated dependencies of target my_roobot_interfaces__rosidl_typesupport_fastrtps_c[0m
[4.782s] [ 47%] [32mBuilding CXX object CMakeFiles/my_roobot_interfaces__rosidl_typesupport_fastrtps_c.dir/rosidl_typesupport_fastrtps_c/my_roobot_interfaces/msg/detail/hardware_status__type_support_c.cpp.o[0m
[4.859s] [ 49%] [32m[1mLinking CXX shared library libmy_roobot_interfaces__rosidl_typesupport_introspection_cpp.so[0m
[5.109s] [ 49%] Built target my_roobot_interfaces__rosidl_typesupport_introspection_cpp
[5.117s] [ 50%] [34m[1mGenerating C introspection for ROS interfaces[0m
[5.127s] [ 52%] [32mBuilding CXX object CMakeFiles/my_roobot_interfaces__rosidl_typesupport_fastrtps_c.dir/rosidl_typesupport_fastrtps_c/my_roobot_interfaces/msg/detail/led_state_array__type_support_c.cpp.o[0m
[5.397s] [ 54%] [32mBuilding CXX object CMakeFiles/my_roobot_interfaces__rosidl_typesupport_fastrtps_c.dir/rosidl_typesupport_fastrtps_c/my_roobot_interfaces/srv/detail/compute_rectangle_area__type_support_c.cpp.o[0m
[5.445s] [35m[1mConsolidate compiler generated dependencies of target my_roobot_interfaces__rosidl_typesupport_introspection_c[0m
[5.454s] [ 56%] [32mBuilding C object CMakeFiles/my_roobot_interfaces__rosidl_typesupport_introspection_c.dir/rosidl_typesupport_introspection_c/my_roobot_interfaces/msg/detail/hardware_status__type_support.c.o[0m
[5.479s] [ 58%] [32mBuilding C object CMakeFiles/my_roobot_interfaces__rosidl_typesupport_introspection_c.dir/rosidl_typesupport_introspection_c/my_roobot_interfaces/msg/detail/led_state_array__type_support.c.o[0m
[5.507s] [ 60%] [32mBuilding C object CMakeFiles/my_roobot_interfaces__rosidl_typesupport_introspection_c.dir/rosidl_typesupport_introspection_c/my_roobot_interfaces/srv/detail/compute_rectangle_area__type_support.c.o[0m
[5.535s] [ 61%] [32mBuilding C object CMakeFiles/my_roobot_interfaces__rosidl_typesupport_introspection_c.dir/rosidl_typesupport_introspection_c/my_roobot_interfaces/srv/detail/set_led__type_support.c.o[0m
[5.563s] [ 63%] [32m[1mLinking C shared library libmy_roobot_interfaces__rosidl_typesupport_introspection_c.so[0m
[5.702s] [ 65%] [32mBuilding CXX object CMakeFiles/my_roobot_interfaces__rosidl_typesupport_fastrtps_c.dir/rosidl_typesupport_fastrtps_c/my_roobot_interfaces/srv/detail/set_led__type_support_c.cpp.o[0m
[5.748s] [ 65%] Built target my_roobot_interfaces__rosidl_typesupport_introspection_c
[5.756s] [ 67%] [34m[1mGenerating C type support dispatch for ROS interfaces[0m
[5.991s] [ 69%] [32m[1mLinking CXX shared library libmy_roobot_interfaces__rosidl_typesupport_fastrtps_c.so[0m
[6.006s] [35m[1mConsolidate compiler generated dependencies of target my_roobot_interfaces__rosidl_typesupport_c[0m
[6.018s] [ 70%] [32mBuilding CXX object CMakeFiles/my_roobot_interfaces__rosidl_typesupport_c.dir/rosidl_typesupport_c/my_roobot_interfaces/msg/hardware_status__type_support.cpp.o[0m
[6.046s] [ 72%] [32mBuilding CXX object CMakeFiles/my_roobot_interfaces__rosidl_typesupport_c.dir/rosidl_typesupport_c/my_roobot_interfaces/msg/led_state_array__type_support.cpp.o[0m
[6.073s] [ 74%] [32mBuilding CXX object CMakeFiles/my_roobot_interfaces__rosidl_typesupport_c.dir/rosidl_typesupport_c/my_roobot_interfaces/srv/compute_rectangle_area__type_support.cpp.o[0m
[6.104s] [ 76%] [32mBuilding CXX object CMakeFiles/my_roobot_interfaces__rosidl_typesupport_c.dir/rosidl_typesupport_c/my_roobot_interfaces/srv/set_led__type_support.cpp.o[0m
[6.136s] [ 78%] [32m[1mLinking CXX shared library libmy_roobot_interfaces__rosidl_typesupport_c.so[0m
[6.231s] [ 78%] Built target my_roobot_interfaces__rosidl_typesupport_fastrtps_c
[6.335s] [ 78%] Built target my_roobot_interfaces__rosidl_typesupport_c
[6.350s] [ 78%] Built target my_roobot_interfaces
[6.366s] [ 80%] [34m[1mGenerating Python code for ROS interfaces[0m
[6.915s] [ 80%] Built target my_roobot_interfaces__py
[6.925s] [35m[1mConsolidate compiler generated dependencies of target my_roobot_interfaces__rosidl_generator_py[0m
[6.937s] [ 83%] [32mBuilding C object CMakeFiles/my_roobot_interfaces__rosidl_generator_py.dir/rosidl_generator_py/my_roobot_interfaces/msg/_led_state_array_s.c.o[0m
[6.937s] [ 83%] [32mBuilding C object CMakeFiles/my_roobot_interfaces__rosidl_generator_py.dir/rosidl_generator_py/my_roobot_interfaces/msg/_hardware_status_s.c.o[0m
[7.017s] [ 85%] [32mBuilding C object CMakeFiles/my_roobot_interfaces__rosidl_generator_py.dir/rosidl_generator_py/my_roobot_interfaces/srv/_compute_rectangle_area_s.c.o[0m
[7.020s] [ 87%] [32mBuilding C object CMakeFiles/my_roobot_interfaces__rosidl_generator_py.dir/rosidl_generator_py/my_roobot_interfaces/srv/_set_led_s.c.o[0m
[7.104s] [ 89%] [32m[1mLinking C shared library rosidl_generator_py/my_roobot_interfaces/libmy_roobot_interfaces__rosidl_generator_py.so[0m
[7.283s] [ 89%] Built target my_roobot_interfaces__rosidl_generator_py
[7.292s] [35m[1mConsolidate compiler generated dependencies of target my_roobot_interfaces__rosidl_typesupport_introspection_c__pyext[0m
[7.292s] [35m[1mConsolidate compiler generated dependencies of target my_roobot_interfaces__rosidl_typesupport_fastrtps_c__pyext[0m
[7.302s] [ 92%] [32mBuilding C object CMakeFiles/my_roobot_interfaces__rosidl_typesupport_fastrtps_c__pyext.dir/rosidl_generator_py/my_roobot_interfaces/_my_roobot_interfaces_s.ep.rosidl_typesupport_fastrtps_c.c.o[0m
[7.302s] [ 92%] [32mBuilding C object CMakeFiles/my_roobot_interfaces__rosidl_typesupport_introspection_c__pyext.dir/rosidl_generator_py/my_roobot_interfaces/_my_roobot_interfaces_s.ep.rosidl_typesupport_introspection_c.c.o[0m
[7.390s] [ 94%] [32m[1mLinking C shared library rosidl_generator_py/my_roobot_interfaces/my_roobot_interfaces_s__rosidl_typesupport_introspection_c.cpython-310-x86_64-linux-gnu.so[0m
[7.394s] [ 96%] [32m[1mLinking C shared library rosidl_generator_py/my_roobot_interfaces/my_roobot_interfaces_s__rosidl_typesupport_fastrtps_c.cpython-310-x86_64-linux-gnu.so[0m
[7.535s] [ 96%] Built target my_roobot_interfaces__rosidl_typesupport_fastrtps_c__pyext
[7.539s] [ 96%] Built target my_roobot_interfaces__rosidl_typesupport_introspection_c__pyext
[7.544s] [35m[1mConsolidate compiler generated dependencies of target my_roobot_interfaces__rosidl_typesupport_c__pyext[0m
[7.554s] [ 98%] [32mBuilding C object CMakeFiles/my_roobot_interfaces__rosidl_typesupport_c__pyext.dir/rosidl_generator_py/my_roobot_interfaces/_my_roobot_interfaces_s.ep.rosidl_typesupport_c.c.o[0m
[7.639s] [100%] [32m[1mLinking C shared library rosidl_generator_py/my_roobot_interfaces/my_roobot_interfaces_s__rosidl_typesupport_c.cpython-310-x86_64-linux-gnu.so[0m
[7.823s] [100%] Built target my_roobot_interfaces__rosidl_typesupport_c__pyext
[7.833s] Invoked command in '/home/ros2_ws/build/my_roobot_interfaces' returned '0': CMAKE_PREFIX_PATH=${CMAKE_PREFIX_PATH}:/home/ros2_ws/install/my_py_pkg:/opt/ros/humble /usr/bin/cmake --build /home/ros2_ws/build/my_roobot_interfaces -- -j2 -l2
[7.933s] Invoking command in '/home/ros2_ws/build/my_roobot_interfaces': CMAKE_PREFIX_PATH=${CMAKE_PREFIX_PATH}:/home/ros2_ws/install/my_py_pkg:/opt/ros/humble /usr/bin/cmake --install /home/ros2_ws/build/my_roobot_interfaces
[7.939s] -- Install configuration: ""
[7.939s] -- Installing: /home/ros2_ws/install/my_roobot_interfaces/share/ament_index/resource_index/rosidl_interfaces/my_roobot_interfaces
[7.940s] -- Up-to-date: /home/ros2_ws/install/my_roobot_interfaces/include/my_roobot_interfaces/my_roobot_interfaces
[7.941s] -- Up-to-date: /home/ros2_ws/install/my_roobot_interfaces/include/my_roobot_interfaces/my_roobot_interfaces/srv
[7.942s] -- Installing: /home/ros2_ws/install/my_roobot_interfaces/include/my_roobot_interfaces/my_roobot_interfaces/srv/compute_rectangle_area.h
[7.942s] -- Installing: /home/ros2_ws/install/my_roobot_interfaces/include/my_roobot_interfaces/my_roobot_interfaces/srv/set_led.h
[7.942s] -- Up-to-date: /home/ros2_ws/install/my_roobot_interfaces/include/my_roobot_interfaces/my_roobot_interfaces/srv/detail
[7.943s] -- Installing: /home/ros2_ws/install/my_roobot_interfaces/include/my_roobot_interfaces/my_roobot_interfaces/srv/detail/set_led__functions.h
[7.944s] -- Installing: /home/ros2_ws/install/my_roobot_interfaces/include/my_roobot_interfaces/my_roobot_interfaces/srv/detail/set_led__struct.h
[7.944s] -- Installing: /home/ros2_ws/install/my_roobot_interfaces/include/my_roobot_interfaces/my_roobot_interfaces/srv/detail/set_led__functions.c
[7.944s] -- Installing: /home/ros2_ws/install/my_roobot_interfaces/include/my_roobot_interfaces/my_roobot_interfaces/srv/detail/compute_rectangle_area__type_support.h
[7.944s] -- Installing: /home/ros2_ws/install/my_roobot_interfaces/include/my_roobot_interfaces/my_roobot_interfaces/srv/detail/set_led__type_support.h
[7.944s] -- Installing: /home/ros2_ws/install/my_roobot_interfaces/include/my_roobot_interfaces/my_roobot_interfaces/srv/detail/compute_rectangle_area__functions.h
[7.944s] -- Installing: /home/ros2_ws/install/my_roobot_interfaces/include/my_roobot_interfaces/my_roobot_interfaces/srv/detail/compute_rectangle_area__struct.h
[7.944s] -- Installing: /home/ros2_ws/install/my_roobot_interfaces/include/my_roobot_interfaces/my_roobot_interfaces/srv/detail/compute_rectangle_area__functions.c
[7.944s] -- Up-to-date: /home/ros2_ws/install/my_roobot_interfaces/include/my_roobot_interfaces/my_roobot_interfaces/msg
[7.945s] -- Installing: /home/ros2_ws/install/my_roobot_interfaces/include/my_roobot_interfaces/my_roobot_interfaces/msg/hardware_status.h
[7.946s] -- Installing: /home/ros2_ws/install/my_roobot_interfaces/include/my_roobot_interfaces/my_roobot_interfaces/msg/led_state_array.h
[7.946s] -- Up-to-date: /home/ros2_ws/install/my_roobot_interfaces/include/my_roobot_interfaces/my_roobot_interfaces/msg/rosidl_generator_c__visibility_control.h
[7.946s] -- Up-to-date: /home/ros2_ws/install/my_roobot_interfaces/include/my_roobot_interfaces/my_roobot_interfaces/msg/detail
[7.946s] -- Installing: /home/ros2_ws/install/my_roobot_interfaces/include/my_roobot_interfaces/my_roobot_interfaces/msg/detail/hardware_status__struct.h
[7.946s] -- Installing: /home/ros2_ws/install/my_roobot_interfaces/include/my_roobot_interfaces/my_roobot_interfaces/msg/detail/led_state_array__struct.h
[7.946s] -- Installing: /home/ros2_ws/install/my_roobot_interfaces/include/my_roobot_interfaces/my_roobot_interfaces/msg/detail/hardware_status__type_support.h
[7.946s] -- Installing: /home/ros2_ws/install/my_roobot_interfaces/include/my_roobot_interfaces/my_roobot_interfaces/msg/detail/led_state_array__functions.h
[7.947s] -- Installing: /home/ros2_ws/install/my_roobot_interfaces/include/my_roobot_interfaces/my_roobot_interfaces/msg/detail/led_state_array__functions.c
[7.947s] -- Installing: /home/ros2_ws/install/my_roobot_interfaces/include/my_roobot_interfaces/my_roobot_interfaces/msg/detail/led_state_array__type_support.h
[7.947s] -- Installing: /home/ros2_ws/install/my_roobot_interfaces/include/my_roobot_interfaces/my_roobot_interfaces/msg/detail/hardware_status__functions.c
[7.947s] -- Installing: /home/ros2_ws/install/my_roobot_interfaces/include/my_roobot_interfaces/my_roobot_interfaces/msg/detail/hardware_status__functions.h
[7.947s] -- Up-to-date: /home/ros2_ws/install/my_roobot_interfaces/share/my_roobot_interfaces/environment/library_path.sh
[7.947s] -- Installing: /home/ros2_ws/install/my_roobot_interfaces/share/my_roobot_interfaces/environment/library_path.dsv
[7.947s] -- Installing: /home/ros2_ws/install/my_roobot_interfaces/lib/libmy_roobot_interfaces__rosidl_generator_c.so
[7.948s] -- Set runtime path of "/home/ros2_ws/install/my_roobot_interfaces/lib/libmy_roobot_interfaces__rosidl_generator_c.so" to ""
[7.948s] -- Up-to-date: /home/ros2_ws/install/my_roobot_interfaces/include/my_roobot_interfaces/my_roobot_interfaces
[7.948s] -- Up-to-date: /home/ros2_ws/install/my_roobot_interfaces/include/my_roobot_interfaces/my_roobot_interfaces/srv
[7.948s] -- Up-to-date: /home/ros2_ws/install/my_roobot_interfaces/include/my_roobot_interfaces/my_roobot_interfaces/srv/detail
[7.948s] -- Installing: /home/ros2_ws/install/my_roobot_interfaces/include/my_roobot_interfaces/my_roobot_interfaces/srv/detail/compute_rectangle_area__rosidl_typesupport_fastrtps_c.h
[7.948s] -- Installing: /home/ros2_ws/install/my_roobot_interfaces/include/my_roobot_interfaces/my_roobot_interfaces/srv/detail/set_led__rosidl_typesupport_fastrtps_c.h
[7.948s] -- Up-to-date: /home/ros2_ws/install/my_roobot_interfaces/include/my_roobot_interfaces/my_roobot_interfaces/msg
[7.948s] -- Up-to-date: /home/ros2_ws/install/my_roobot_interfaces/include/my_roobot_interfaces/my_roobot_interfaces/msg/rosidl_typesupport_fastrtps_c__visibility_control.h
[7.949s] -- Up-to-date: /home/ros2_ws/install/my_roobot_interfaces/include/my_roobot_interfaces/my_roobot_interfaces/msg/detail
[7.949s] -- Installing: /home/ros2_ws/install/my_roobot_interfaces/include/my_roobot_interfaces/my_roobot_interfaces/msg/detail/led_state_array__rosidl_typesupport_fastrtps_c.h
[7.949s] -- Installing: /home/ros2_ws/install/my_roobot_interfaces/include/my_roobot_interfaces/my_roobot_interfaces/msg/detail/hardware_status__rosidl_typesupport_fastrtps_c.h
[7.949s] -- Installing: /home/ros2_ws/install/my_roobot_interfaces/lib/libmy_roobot_interfaces__rosidl_typesupport_fastrtps_c.so
[7.949s] -- Set runtime path of "/home/ros2_ws/install/my_roobot_interfaces/lib/libmy_roobot_interfaces__rosidl_typesupport_fastrtps_c.so" to ""
[7.949s] -- Up-to-date: /home/ros2_ws/install/my_roobot_interfaces/include/my_roobot_interfaces/my_roobot_interfaces
[7.949s] -- Up-to-date: /home/ros2_ws/install/my_roobot_interfaces/include/my_roobot_interfaces/my_roobot_interfaces/srv
[7.949s] -- Up-to-date: /home/ros2_ws/install/my_roobot_interfaces/include/my_roobot_interfaces/my_roobot_interfaces/srv/detail
[7.949s] -- Installing: /home/ros2_ws/install/my_roobot_interfaces/include/my_roobot_interfaces/my_roobot_interfaces/srv/detail/compute_rectangle_area__type_support.c
[7.949s] -- Installing: /home/ros2_ws/install/my_roobot_interfaces/include/my_roobot_interfaces/my_roobot_interfaces/srv/detail/compute_rectangle_area__rosidl_typesupport_introspection_c.h
[7.950s] -- Installing: /home/ros2_ws/install/my_roobot_interfaces/include/my_roobot_interfaces/my_roobot_interfaces/srv/detail/set_led__type_support.c
[7.950s] -- Installing: /home/ros2_ws/install/my_roobot_interfaces/include/my_roobot_interfaces/my_roobot_interfaces/srv/detail/set_led__rosidl_typesupport_introspection_c.h
[7.950s] -- Up-to-date: /home/ros2_ws/install/my_roobot_interfaces/include/my_roobot_interfaces/my_roobot_interfaces/msg
[7.950s] -- Up-to-date: /home/ros2_ws/install/my_roobot_interfaces/include/my_roobot_interfaces/my_roobot_interfaces/msg/rosidl_typesupport_introspection_c__visibility_control.h
[7.950s] -- Up-to-date: /home/ros2_ws/install/my_roobot_interfaces/include/my_roobot_interfaces/my_roobot_interfaces/msg/detail
[7.950s] -- Installing: /home/ros2_ws/install/my_roobot_interfaces/include/my_roobot_interfaces/my_roobot_interfaces/msg/detail/led_state_array__type_support.c
[7.950s] -- Installing: /home/ros2_ws/install/my_roobot_interfaces/include/my_roobot_interfaces/my_roobot_interfaces/msg/detail/hardware_status__type_support.c
[7.950s] -- Installing: /home/ros2_ws/install/my_roobot_interfaces/include/my_roobot_interfaces/my_roobot_interfaces/msg/detail/led_state_array__rosidl_typesupport_introspection_c.h
[7.950s] -- Installing: /home/ros2_ws/install/my_roobot_interfaces/include/my_roobot_interfaces/my_roobot_interfaces/msg/detail/hardware_status__rosidl_typesupport_introspection_c.h
[7.950s] -- Installing: /home/ros2_ws/install/my_roobot_interfaces/lib/libmy_roobot_interfaces__rosidl_typesupport_introspection_c.so
[7.951s] -- Set runtime path of "/home/ros2_ws/install/my_roobot_interfaces/lib/libmy_roobot_interfaces__rosidl_typesupport_introspection_c.so" to ""
[7.951s] -- Installing: /home/ros2_ws/install/my_roobot_interfaces/lib/libmy_roobot_interfaces__rosidl_typesupport_c.so
[7.951s] -- Set runtime path of "/home/ros2_ws/install/my_roobot_interfaces/lib/libmy_roobot_interfaces__rosidl_typesupport_c.so" to ""
[7.951s] -- Up-to-date: /home/ros2_ws/install/my_roobot_interfaces/include/my_roobot_interfaces/my_roobot_interfaces
[7.951s] -- Up-to-date: /home/ros2_ws/install/my_roobot_interfaces/include/my_roobot_interfaces/my_roobot_interfaces/srv
[7.951s] -- Installing: /home/ros2_ws/install/my_roobot_interfaces/include/my_roobot_interfaces/my_roobot_interfaces/srv/compute_rectangle_area.hpp
[7.951s] -- Installing: /home/ros2_ws/install/my_roobot_interfaces/include/my_roobot_interfaces/my_roobot_interfaces/srv/set_led.hpp
[7.952s] -- Up-to-date: /home/ros2_ws/install/my_roobot_interfaces/include/my_roobot_interfaces/my_roobot_interfaces/srv/detail
[7.952s] -- Installing: /home/ros2_ws/install/my_roobot_interfaces/include/my_roobot_interfaces/my_roobot_interfaces/srv/detail/set_led__builder.hpp
[7.952s] -- Installing: /home/ros2_ws/install/my_roobot_interfaces/include/my_roobot_interfaces/my_roobot_interfaces/srv/detail/set_led__traits.hpp
[7.952s] -- Installing: /home/ros2_ws/install/my_roobot_interfaces/include/my_roobot_interfaces/my_roobot_interfaces/srv/detail/compute_rectangle_area__traits.hpp
[7.952s] -- Installing: /home/ros2_ws/install/my_roobot_interfaces/include/my_roobot_interfaces/my_roobot_interfaces/srv/detail/compute_rectangle_area__builder.hpp
[7.952s] -- Installing: /home/ros2_ws/install/my_roobot_interfaces/include/my_roobot_interfaces/my_roobot_interfaces/srv/detail/set_led__struct.hpp
[7.952s] -- Installing: /home/ros2_ws/install/my_roobot_interfaces/include/my_roobot_interfaces/my_roobot_interfaces/srv/detail/compute_rectangle_area__struct.hpp
[7.952s] -- Up-to-date: /home/ros2_ws/install/my_roobot_interfaces/include/my_roobot_interfaces/my_roobot_interfaces/msg
[7.952s] -- Installing: /home/ros2_ws/install/my_roobot_interfaces/include/my_roobot_interfaces/my_roobot_interfaces/msg/led_state_array.hpp
[7.952s] -- Installing: /home/ros2_ws/install/my_roobot_interfaces/include/my_roobot_interfaces/my_roobot_interfaces/msg/hardware_status.hpp
[7.952s] -- Up-to-date: /home/ros2_ws/install/my_roobot_interfaces/include/my_roobot_interfaces/my_roobot_interfaces/msg/detail
[7.952s] -- Installing: /home/ros2_ws/install/my_roobot_interfaces/include/my_roobot_interfaces/my_roobot_interfaces/msg/detail/led_state_array__builder.hpp
[7.953s] -- Installing: /home/ros2_ws/install/my_roobot_interfaces/include/my_roobot_interfaces/my_roobot_interfaces/msg/detail/led_state_array__traits.hpp
[7.953s] -- Installing: /home/ros2_ws/install/my_roobot_interfaces/include/my_roobot_interfaces/my_roobot_interfaces/msg/detail/hardware_status__traits.hpp
[7.953s] -- Installing: /home/ros2_ws/install/my_roobot_interfaces/include/my_roobot_interfaces/my_roobot_interfaces/msg/detail/led_state_array__struct.hpp
[7.953s] -- Installing: /home/ros2_ws/install/my_roobot_interfaces/include/my_roobot_interfaces/my_roobot_interfaces/msg/detail/hardware_status__builder.hpp
[7.953s] -- Installing: /home/ros2_ws/install/my_roobot_interfaces/include/my_roobot_interfaces/my_roobot_interfaces/msg/detail/hardware_status__struct.hpp
[7.953s] -- Up-to-date: /home/ros2_ws/install/my_roobot_interfaces/include/my_roobot_interfaces/my_roobot_interfaces
[7.953s] -- Up-to-date: /home/ros2_ws/install/my_roobot_interfaces/include/my_roobot_interfaces/my_roobot_interfaces/srv
[7.953s] -- Up-to-date: /home/ros2_ws/install/my_roobot_interfaces/include/my_roobot_interfaces/my_roobot_interfaces/srv/detail
[7.953s] -- Installing: /home/ros2_ws/install/my_roobot_interfaces/include/my_roobot_interfaces/my_roobot_interfaces/srv/detail/set_led__rosidl_typesupport_fastrtps_cpp.hpp
[7.954s] -- Installing: /home/ros2_ws/install/my_roobot_interfaces/include/my_roobot_interfaces/my_roobot_interfaces/srv/detail/compute_rectangle_area__rosidl_typesupport_fastrtps_cpp.hpp
[7.954s] -- Up-to-date: /home/ros2_ws/install/my_roobot_interfaces/include/my_roobot_interfaces/my_roobot_interfaces/srv/detail/dds_fastrtps
[7.954s] -- Up-to-date: /home/ros2_ws/install/my_roobot_interfaces/include/my_roobot_interfaces/my_roobot_interfaces/msg
[7.954s] -- Up-to-date: /home/ros2_ws/install/my_roobot_interfaces/include/my_roobot_interfaces/my_roobot_interfaces/msg/rosidl_typesupport_fastrtps_cpp__visibility_control.h
[7.954s] -- Up-to-date: /home/ros2_ws/install/my_roobot_interfaces/include/my_roobot_interfaces/my_roobot_interfaces/msg/detail
[7.954s] -- Installing: /home/ros2_ws/install/my_roobot_interfaces/include/my_roobot_interfaces/my_roobot_interfaces/msg/detail/hardware_status__rosidl_typesupport_fastrtps_cpp.hpp
[7.954s] -- Up-to-date: /home/ros2_ws/install/my_roobot_interfaces/include/my_roobot_interfaces/my_roobot_interfaces/msg/detail/dds_fastrtps
[7.954s] -- Installing: /home/ros2_ws/install/my_roobot_interfaces/include/my_roobot_interfaces/my_roobot_interfaces/msg/detail/led_state_array__rosidl_typesupport_fastrtps_cpp.hpp
[7.956s] -- Installing: /home/ros2_ws/install/my_roobot_interfaces/lib/libmy_roobot_interfaces__rosidl_typesupport_fastrtps_cpp.so
[7.956s] -- Set runtime path of "/home/ros2_ws/install/my_roobot_interfaces/lib/libmy_roobot_interfaces__rosidl_typesupport_fastrtps_cpp.so" to ""
[7.956s] -- Up-to-date: /home/ros2_ws/install/my_roobot_interfaces/include/my_roobot_interfaces/my_roobot_interfaces
[7.956s] -- Up-to-date: /home/ros2_ws/install/my_roobot_interfaces/include/my_roobot_interfaces/my_roobot_interfaces/srv
[7.956s] -- Up-to-date: /home/ros2_ws/install/my_roobot_interfaces/include/my_roobot_interfaces/my_roobot_interfaces/srv/detail
[7.956s] -- Installing: /home/ros2_ws/install/my_roobot_interfaces/include/my_roobot_interfaces/my_roobot_interfaces/srv/detail/compute_rectangle_area__type_support.cpp
[7.956s] -- Installing: /home/ros2_ws/install/my_roobot_interfaces/include/my_roobot_interfaces/my_roobot_interfaces/srv/detail/compute_rectangle_area__rosidl_typesupport_introspection_cpp.hpp
[7.957s] -- Installing: /home/ros2_ws/install/my_roobot_interfaces/include/my_roobot_interfaces/my_roobot_interfaces/srv/detail/set_led__rosidl_typesupport_introspection_cpp.hpp
[7.957s] -- Installing: /home/ros2_ws/install/my_roobot_interfaces/include/my_roobot_interfaces/my_roobot_interfaces/srv/detail/set_led__type_support.cpp
[7.957s] -- Up-to-date: /home/ros2_ws/install/my_roobot_interfaces/include/my_roobot_interfaces/my_roobot_interfaces/msg
[7.957s] -- Up-to-date: /home/ros2_ws/install/my_roobot_interfaces/include/my_roobot_interfaces/my_roobot_interfaces/msg/detail
[7.957s] -- Installing: /home/ros2_ws/install/my_roobot_interfaces/include/my_roobot_interfaces/my_roobot_interfaces/msg/detail/led_state_array__type_support.cpp
[7.957s] -- Installing: /home/ros2_ws/install/my_roobot_interfaces/include/my_roobot_interfaces/my_roobot_interfaces/msg/detail/hardware_status__type_support.cpp
[7.957s] -- Installing: /home/ros2_ws/install/my_roobot_interfaces/include/my_roobot_interfaces/my_roobot_interfaces/msg/detail/hardware_status__rosidl_typesupport_introspection_cpp.hpp
[7.957s] -- Installing: /home/ros2_ws/install/my_roobot_interfaces/include/my_roobot_interfaces/my_roobot_interfaces/msg/detail/led_state_array__rosidl_typesupport_introspection_cpp.hpp
[7.958s] -- Installing: /home/ros2_ws/install/my_roobot_interfaces/lib/libmy_roobot_interfaces__rosidl_typesupport_introspection_cpp.so
[7.959s] -- Set runtime path of "/home/ros2_ws/install/my_roobot_interfaces/lib/libmy_roobot_interfaces__rosidl_typesupport_introspection_cpp.so" to ""
[7.959s] -- Installing: /home/ros2_ws/install/my_roobot_interfaces/lib/libmy_roobot_interfaces__rosidl_typesupport_cpp.so
[7.960s] -- Set runtime path of "/home/ros2_ws/install/my_roobot_interfaces/lib/libmy_roobot_interfaces__rosidl_typesupport_cpp.so" to ""
[7.960s] -- Up-to-date: /home/ros2_ws/install/my_roobot_interfaces/share/my_roobot_interfaces/environment/pythonpath.sh
[7.960s] -- Installing: /home/ros2_ws/install/my_roobot_interfaces/share/my_roobot_interfaces/environment/pythonpath.dsv
[7.960s] -- Up-to-date: /home/ros2_ws/install/my_roobot_interfaces/local/lib/python3.10/dist-packages/my_roobot_interfaces-0.0.0-py3.10.egg-info
[7.960s] -- Installing: /home/ros2_ws/install/my_roobot_interfaces/local/lib/python3.10/dist-packages/my_roobot_interfaces-0.0.0-py3.10.egg-info/top_level.txt
[7.960s] -- Installing: /home/ros2_ws/install/my_roobot_interfaces/local/lib/python3.10/dist-packages/my_roobot_interfaces-0.0.0-py3.10.egg-info/dependency_links.txt
[7.960s] -- Installing: /home/ros2_ws/install/my_roobot_interfaces/local/lib/python3.10/dist-packages/my_roobot_interfaces-0.0.0-py3.10.egg-info/SOURCES.txt
[7.961s] -- Installing: /home/ros2_ws/install/my_roobot_interfaces/local/lib/python3.10/dist-packages/my_roobot_interfaces-0.0.0-py3.10.egg-info/PKG-INFO
[7.961s] -- Up-to-date: /home/ros2_ws/install/my_roobot_interfaces/local/lib/python3.10/dist-packages/my_roobot_interfaces
[7.961s] -- Installing: /home/ros2_ws/install/my_roobot_interfaces/local/lib/python3.10/dist-packages/my_roobot_interfaces/my_roobot_interfaces_s__rosidl_typesupport_introspection_c.cpython-310-x86_64-linux-gnu.so
[7.961s] -- Up-to-date: /home/ros2_ws/install/my_roobot_interfaces/local/lib/python3.10/dist-packages/my_roobot_interfaces/srv
[7.961s] -- Installing: /home/ros2_ws/install/my_roobot_interfaces/local/lib/python3.10/dist-packages/my_roobot_interfaces/srv/_set_led.py
[7.961s] -- Installing: /home/ros2_ws/install/my_roobot_interfaces/local/lib/python3.10/dist-packages/my_roobot_interfaces/srv/_set_led_s.c
[7.962s] -- Installing: /home/ros2_ws/install/my_roobot_interfaces/local/lib/python3.10/dist-packages/my_roobot_interfaces/srv/_compute_rectangle_area_s.c
[7.962s] -- Installing: /home/ros2_ws/install/my_roobot_interfaces/local/lib/python3.10/dist-packages/my_roobot_interfaces/srv/_compute_rectangle_area.py
[7.962s] -- Installing: /home/ros2_ws/install/my_roobot_interfaces/local/lib/python3.10/dist-packages/my_roobot_interfaces/srv/__init__.py
[7.962s] -- Installing: /home/ros2_ws/install/my_roobot_interfaces/local/lib/python3.10/dist-packages/my_roobot_interfaces/my_roobot_interfaces_s__rosidl_typesupport_fastrtps_c.cpython-310-x86_64-linux-gnu.so
[7.962s] -- Installing: /home/ros2_ws/install/my_roobot_interfaces/local/lib/python3.10/dist-packages/my_roobot_interfaces/_my_roobot_interfaces_s.ep.rosidl_typesupport_introspection_c.c
[7.962s] -- Installing: /home/ros2_ws/install/my_roobot_interfaces/local/lib/python3.10/dist-packages/my_roobot_interfaces/my_roobot_interfaces_s__rosidl_typesupport_c.cpython-310-x86_64-linux-gnu.so
[7.962s] -- Installing: /home/ros2_ws/install/my_roobot_interfaces/local/lib/python3.10/dist-packages/my_roobot_interfaces/libmy_roobot_interfaces__rosidl_generator_py.so
[7.963s] -- Up-to-date: /home/ros2_ws/install/my_roobot_interfaces/local/lib/python3.10/dist-packages/my_roobot_interfaces/msg
[7.963s] -- Installing: /home/ros2_ws/install/my_roobot_interfaces/local/lib/python3.10/dist-packages/my_roobot_interfaces/msg/_led_state_array.py
[7.963s] -- Installing: /home/ros2_ws/install/my_roobot_interfaces/local/lib/python3.10/dist-packages/my_roobot_interfaces/msg/_led_state_array_s.c
[7.963s] -- Installing: /home/ros2_ws/install/my_roobot_interfaces/local/lib/python3.10/dist-packages/my_roobot_interfaces/msg/_hardware_status_s.c
[7.963s] -- Installing: /home/ros2_ws/install/my_roobot_interfaces/local/lib/python3.10/dist-packages/my_roobot_interfaces/msg/__init__.py
[7.963s] -- Installing: /home/ros2_ws/install/my_roobot_interfaces/local/lib/python3.10/dist-packages/my_roobot_interfaces/msg/_hardware_status.py
[7.963s] -- Installing: /home/ros2_ws/install/my_roobot_interfaces/local/lib/python3.10/dist-packages/my_roobot_interfaces/_my_roobot_interfaces_s.ep.rosidl_typesupport_c.c
[7.963s] -- Installing: /home/ros2_ws/install/my_roobot_interfaces/local/lib/python3.10/dist-packages/my_roobot_interfaces/_my_roobot_interfaces_s.ep.rosidl_typesupport_fastrtps_c.c
[7.963s] -- Installing: /home/ros2_ws/install/my_roobot_interfaces/local/lib/python3.10/dist-packages/my_roobot_interfaces/__init__.py
[7.995s] Listing '/home/ros2_ws/install/my_roobot_interfaces/local/lib/python3.10/dist-packages/my_roobot_interfaces'...
[7.995s] Compiling '/home/ros2_ws/install/my_roobot_interfaces/local/lib/python3.10/dist-packages/my_roobot_interfaces/__init__.py'...
[7.995s] Listing '/home/ros2_ws/install/my_roobot_interfaces/local/lib/python3.10/dist-packages/my_roobot_interfaces/msg'...
[7.995s] Compiling '/home/ros2_ws/install/my_roobot_interfaces/local/lib/python3.10/dist-packages/my_roobot_interfaces/msg/__init__.py'...
[7.995s] Compiling '/home/ros2_ws/install/my_roobot_interfaces/local/lib/python3.10/dist-packages/my_roobot_interfaces/msg/_hardware_status.py'...
[7.995s] Compiling '/home/ros2_ws/install/my_roobot_interfaces/local/lib/python3.10/dist-packages/my_roobot_interfaces/msg/_led_state_array.py'...
[7.995s] Listing '/home/ros2_ws/install/my_roobot_interfaces/local/lib/python3.10/dist-packages/my_roobot_interfaces/srv'...
[7.995s] Compiling '/home/ros2_ws/install/my_roobot_interfaces/local/lib/python3.10/dist-packages/my_roobot_interfaces/srv/__init__.py'...
[7.995s] Compiling '/home/ros2_ws/install/my_roobot_interfaces/local/lib/python3.10/dist-packages/my_roobot_interfaces/srv/_compute_rectangle_area.py'...
[7.995s] Compiling '/home/ros2_ws/install/my_roobot_interfaces/local/lib/python3.10/dist-packages/my_roobot_interfaces/srv/_set_led.py'...
[7.999s] -- Installing: /home/ros2_ws/install/my_roobot_interfaces/local/lib/python3.10/dist-packages/my_roobot_interfaces/my_roobot_interfaces_s__rosidl_typesupport_fastrtps_c.cpython-310-x86_64-linux-gnu.so
[7.999s] -- Set runtime path of "/home/ros2_ws/install/my_roobot_interfaces/local/lib/python3.10/dist-packages/my_roobot_interfaces/my_roobot_interfaces_s__rosidl_typesupport_fastrtps_c.cpython-310-x86_64-linux-gnu.so" to ""
[7.999s] -- Installing: /home/ros2_ws/install/my_roobot_interfaces/local/lib/python3.10/dist-packages/my_roobot_interfaces/my_roobot_interfaces_s__rosidl_typesupport_introspection_c.cpython-310-x86_64-linux-gnu.so
[8.000s] -- Set runtime path of "/home/ros2_ws/install/my_roobot_interfaces/local/lib/python3.10/dist-packages/my_roobot_interfaces/my_roobot_interfaces_s__rosidl_typesupport_introspection_c.cpython-310-x86_64-linux-gnu.so" to ""
[8.000s] -- Installing: /home/ros2_ws/install/my_roobot_interfaces/local/lib/python3.10/dist-packages/my_roobot_interfaces/my_roobot_interfaces_s__rosidl_typesupport_c.cpython-310-x86_64-linux-gnu.so
[8.000s] -- Set runtime path of "/home/ros2_ws/install/my_roobot_interfaces/local/lib/python3.10/dist-packages/my_roobot_interfaces/my_roobot_interfaces_s__rosidl_typesupport_c.cpython-310-x86_64-linux-gnu.so" to ""
[8.000s] -- Installing: /home/ros2_ws/install/my_roobot_interfaces/lib/libmy_roobot_interfaces__rosidl_generator_py.so
[8.001s] -- Set runtime path of "/home/ros2_ws/install/my_roobot_interfaces/lib/libmy_roobot_interfaces__rosidl_generator_py.so" to ""
[8.001s] -- Up-to-date: /home/ros2_ws/install/my_roobot_interfaces/share/my_roobot_interfaces/msg/HardwareStatus.idl
[8.001s] -- Up-to-date: /home/ros2_ws/install/my_roobot_interfaces/share/my_roobot_interfaces/msg/LedStateArray.idl
[8.001s] -- Up-to-date: /home/ros2_ws/install/my_roobot_interfaces/share/my_roobot_interfaces/srv/ComputeRectangleArea.idl
[8.001s] -- Installing: /home/ros2_ws/install/my_roobot_interfaces/share/my_roobot_interfaces/srv/SetLed.idl
[8.001s] -- Up-to-date: /home/ros2_ws/install/my_roobot_interfaces/share/my_roobot_interfaces/msg/HardwareStatus.msg
[8.001s] -- Up-to-date: /home/ros2_ws/install/my_roobot_interfaces/share/my_roobot_interfaces/msg/LedStateArray.msg
[8.001s] -- Up-to-date: /home/ros2_ws/install/my_roobot_interfaces/share/my_roobot_interfaces/srv/ComputeRectangleArea.srv
[8.001s] -- Up-to-date: /home/ros2_ws/install/my_roobot_interfaces/share/my_roobot_interfaces/srv/ComputeRectangleArea_Request.msg
[8.001s] -- Up-to-date: /home/ros2_ws/install/my_roobot_interfaces/share/my_roobot_interfaces/srv/ComputeRectangleArea_Response.msg
[8.001s] -- Installing: /home/ros2_ws/install/my_roobot_interfaces/share/my_roobot_interfaces/srv/SetLed.srv
[8.001s] -- Installing: /home/ros2_ws/install/my_roobot_interfaces/share/my_roobot_interfaces/srv/SetLed_Request.msg
[8.001s] -- Installing: /home/ros2_ws/install/my_roobot_interfaces/share/my_roobot_interfaces/srv/SetLed_Response.msg
[8.002s] -- Up-to-date: /home/ros2_ws/install/my_roobot_interfaces/share/ament_index/resource_index/package_run_dependencies/my_roobot_interfaces
[8.002s] -- Up-to-date: /home/ros2_ws/install/my_roobot_interfaces/share/ament_index/resource_index/parent_prefix_path/my_roobot_interfaces
[8.002s] -- Up-to-date: /home/ros2_ws/install/my_roobot_interfaces/share/my_roobot_interfaces/environment/ament_prefix_path.sh
[8.002s] -- Installing: /home/ros2_ws/install/my_roobot_interfaces/share/my_roobot_interfaces/environment/ament_prefix_path.dsv
[8.002s] -- Up-to-date: /home/ros2_ws/install/my_roobot_interfaces/share/my_roobot_interfaces/environment/path.sh
[8.002s] -- Installing: /home/ros2_ws/install/my_roobot_interfaces/share/my_roobot_interfaces/environment/path.dsv
[8.002s] -- Up-to-date: /home/ros2_ws/install/my_roobot_interfaces/share/my_roobot_interfaces/local_setup.bash
[8.002s] -- Up-to-date: /home/ros2_ws/install/my_roobot_interfaces/share/my_roobot_interfaces/local_setup.sh
[8.003s] -- Up-to-date: /home/ros2_ws/install/my_roobot_interfaces/share/my_roobot_interfaces/local_setup.zsh
[8.003s] -- Installing: /home/ros2_ws/install/my_roobot_interfaces/share/my_roobot_interfaces/local_setup.dsv
[8.003s] -- Installing: /home/ros2_ws/install/my_roobot_interfaces/share/my_roobot_interfaces/package.dsv
[8.003s] -- Up-to-date: /home/ros2_ws/install/my_roobot_interfaces/share/ament_index/resource_index/packages/my_roobot_interfaces
[8.003s] -- Up-to-date: /home/ros2_ws/install/my_roobot_interfaces/share/my_roobot_interfaces/cmake/export_my_roobot_interfaces__rosidl_generator_cExport.cmake
[8.004s] -- Up-to-date: /home/ros2_ws/install/my_roobot_interfaces/share/my_roobot_interfaces/cmake/export_my_roobot_interfaces__rosidl_generator_cExport-noconfig.cmake
[8.004s] -- Up-to-date: /home/ros2_ws/install/my_roobot_interfaces/share/my_roobot_interfaces/cmake/export_my_roobot_interfaces__rosidl_typesupport_fastrtps_cExport.cmake
[8.004s] -- Up-to-date: /home/ros2_ws/install/my_roobot_interfaces/share/my_roobot_interfaces/cmake/export_my_roobot_interfaces__rosidl_typesupport_fastrtps_cExport-noconfig.cmake
[8.004s] -- Up-to-date: /home/ros2_ws/install/my_roobot_interfaces/share/my_roobot_interfaces/cmake/my_roobot_interfaces__rosidl_typesupport_introspection_cExport.cmake
[8.004s] -- Up-to-date: /home/ros2_ws/install/my_roobot_interfaces/share/my_roobot_interfaces/cmake/my_roobot_interfaces__rosidl_typesupport_introspection_cExport-noconfig.cmake
[8.005s] -- Up-to-date: /home/ros2_ws/install/my_roobot_interfaces/share/my_roobot_interfaces/cmake/my_roobot_interfaces__rosidl_typesupport_cExport.cmake
[8.005s] -- Up-to-date: /home/ros2_ws/install/my_roobot_interfaces/share/my_roobot_interfaces/cmake/my_roobot_interfaces__rosidl_typesupport_cExport-noconfig.cmake
[8.005s] -- Up-to-date: /home/ros2_ws/install/my_roobot_interfaces/share/my_roobot_interfaces/cmake/export_my_roobot_interfaces__rosidl_generator_cppExport.cmake
[8.005s] -- Up-to-date: /home/ros2_ws/install/my_roobot_interfaces/share/my_roobot_interfaces/cmake/export_my_roobot_interfaces__rosidl_typesupport_fastrtps_cppExport.cmake
[8.006s] -- Up-to-date: /home/ros2_ws/install/my_roobot_interfaces/share/my_roobot_interfaces/cmake/export_my_roobot_interfaces__rosidl_typesupport_fastrtps_cppExport-noconfig.cmake
[8.006s] -- Up-to-date: /home/ros2_ws/install/my_roobot_interfaces/share/my_roobot_interfaces/cmake/my_roobot_interfaces__rosidl_typesupport_introspection_cppExport.cmake
[8.006s] -- Up-to-date: /home/ros2_ws/install/my_roobot_interfaces/share/my_roobot_interfaces/cmake/my_roobot_interfaces__rosidl_typesupport_introspection_cppExport-noconfig.cmake
[8.006s] -- Up-to-date: /home/ros2_ws/install/my_roobot_interfaces/share/my_roobot_interfaces/cmake/my_roobot_interfaces__rosidl_typesupport_cppExport.cmake
[8.007s] -- Up-to-date: /home/ros2_ws/install/my_roobot_interfaces/share/my_roobot_interfaces/cmake/my_roobot_interfaces__rosidl_typesupport_cppExport-noconfig.cmake
[8.007s] -- Up-to-date: /home/ros2_ws/install/my_roobot_interfaces/share/my_roobot_interfaces/cmake/export_my_roobot_interfaces__rosidl_generator_pyExport.cmake
[8.007s] -- Up-to-date: /home/ros2_ws/install/my_roobot_interfaces/share/my_roobot_interfaces/cmake/export_my_roobot_interfaces__rosidl_generator_pyExport-noconfig.cmake
[8.009s] -- Installing: /home/ros2_ws/install/my_roobot_interfaces/share/my_roobot_interfaces/cmake/rosidl_cmake-extras.cmake
[8.009s] -- Up-to-date: /home/ros2_ws/install/my_roobot_interfaces/share/my_roobot_interfaces/cmake/ament_cmake_export_include_directories-extras.cmake
[8.009s] -- Up-to-date: /home/ros2_ws/install/my_roobot_interfaces/share/my_roobot_interfaces/cmake/ament_cmake_export_libraries-extras.cmake
[8.010s] -- Up-to-date: /home/ros2_ws/install/my_roobot_interfaces/share/my_roobot_interfaces/cmake/ament_cmake_export_targets-extras.cmake
[8.010s] -- Up-to-date: /home/ros2_ws/install/my_roobot_interfaces/share/my_roobot_interfaces/cmake/rosidl_cmake_export_typesupport_targets-extras.cmake
[8.011s] -- Up-to-date: /home/ros2_ws/install/my_roobot_interfaces/share/my_roobot_interfaces/cmake/ament_cmake_export_dependencies-extras.cmake
[8.011s] -- Up-to-date: /home/ros2_ws/install/my_roobot_interfaces/share/my_roobot_interfaces/cmake/rosidl_cmake_export_typesupport_libraries-extras.cmake
[8.011s] -- Up-to-date: /home/ros2_ws/install/my_roobot_interfaces/share/my_roobot_interfaces/cmake/my_roobot_interfacesConfig.cmake
[8.012s] -- Up-to-date: /home/ros2_ws/install/my_roobot_interfaces/share/my_roobot_interfaces/cmake/my_roobot_interfacesConfig-version.cmake
[8.013s] -- Up-to-date: /home/ros2_ws/install/my_roobot_interfaces/share/my_roobot_interfaces/package.xml
[8.013s] Invoked command in '/home/ros2_ws/build/my_roobot_interfaces' returned '0': CMAKE_PREFIX_PATH=${CMAKE_PREFIX_PATH}:/home/ros2_ws/install/my_py_pkg:/opt/ros/humble /usr/bin/cmake --install /home/ros2_ws/build/my_roobot_interfaces
