[0.550s] Invoking command in '/home/ros2_ws/build/my_py_pkg': PYTHONPATH=/home/ros2_ws/build/my_py_pkg/prefix_override:/home/ros2_ws/install/my_py_pkg/lib/python3.10/site-packages:${PYTHONPATH} /usr/bin/python3 setup.py develop --uninstall --editable --build-directory /home/ros2_ws/build/my_py_pkg/build
[0.756s] running develop
[0.871s] Removing /home/ros2_ws/install/my_py_pkg/lib/python3.10/site-packages/my-py-pkg.egg-link (link to .)
[0.893s] Invoked command in '/home/ros2_ws/build/my_py_pkg' returned '0': PYTHONPATH=/home/ros2_ws/build/my_py_pkg/prefix_override:/home/ros2_ws/install/my_py_pkg/lib/python3.10/site-packages:${PYTHONPATH} /usr/bin/python3 setup.py develop --uninstall --editable --build-directory /home/ros2_ws/build/my_py_pkg/build
[0.895s] Invoking command in '/home/ros2_ws/src/my_py_pkg': PYTHONPATH=/home/ros2_ws/build/my_py_pkg/prefix_override:/home/ros2_ws/install/my_py_pkg/lib/python3.10/site-packages:${PYTHONPATH} /usr/bin/python3 setup.py egg_info --egg-base ../../build/my_py_pkg build --build-base /home/ros2_ws/build/my_py_pkg/build install --record /home/ros2_ws/build/my_py_pkg/install.log --single-version-externally-managed
[1.085s] running egg_info
[1.085s] writing ../../build/my_py_pkg/my_py_pkg.egg-info/PKG-INFO
[1.085s] writing dependency_links to ../../build/my_py_pkg/my_py_pkg.egg-info/dependency_links.txt
[1.086s] writing entry points to ../../build/my_py_pkg/my_py_pkg.egg-info/entry_points.txt
[1.086s] writing requirements to ../../build/my_py_pkg/my_py_pkg.egg-info/requires.txt
[1.086s] writing top-level names to ../../build/my_py_pkg/my_py_pkg.egg-info/top_level.txt
[1.089s] reading manifest file '../../build/my_py_pkg/my_py_pkg.egg-info/SOURCES.txt'
[1.089s] writing manifest file '../../build/my_py_pkg/my_py_pkg.egg-info/SOURCES.txt'
[1.089s] running build
[1.089s] running build_py
[1.091s] copying my_py_pkg/video_publisher.py -> /home/ros2_ws/build/my_py_pkg/build/lib/my_py_pkg
[1.091s] copying my_py_pkg/led_panel.py -> /home/ros2_ws/build/my_py_pkg/build/lib/my_py_pkg
[1.091s] running install
[1.092s] running install_lib
[1.092s] creating /home/ros2_ws/install/my_py_pkg/lib/python3.10/site-packages/my_py_pkg
[1.092s] copying /home/ros2_ws/build/my_py_pkg/build/lib/my_py_pkg/video_publisher.py -> /home/ros2_ws/install/my_py_pkg/lib/python3.10/site-packages/my_py_pkg
[1.093s] copying /home/ros2_ws/build/my_py_pkg/build/lib/my_py_pkg/led_panel.py -> /home/ros2_ws/install/my_py_pkg/lib/python3.10/site-packages/my_py_pkg
[1.093s] copying /home/ros2_ws/build/my_py_pkg/build/lib/my_py_pkg/my_first_node.py -> /home/ros2_ws/install/my_py_pkg/lib/python3.10/site-packages/my_py_pkg
[1.093s] copying /home/ros2_ws/build/my_py_pkg/build/lib/my_py_pkg/__init__.py -> /home/ros2_ws/install/my_py_pkg/lib/python3.10/site-packages/my_py_pkg
[1.094s] byte-compiling /home/ros2_ws/install/my_py_pkg/lib/python3.10/site-packages/my_py_pkg/video_publisher.py to video_publisher.cpython-310.pyc
[1.095s] byte-compiling /home/ros2_ws/install/my_py_pkg/lib/python3.10/site-packages/my_py_pkg/led_panel.py to led_panel.cpython-310.pyc
[1.095s] byte-compiling /home/ros2_ws/install/my_py_pkg/lib/python3.10/site-packages/my_py_pkg/my_first_node.py to my_first_node.cpython-310.pyc
[1.095s] byte-compiling /home/ros2_ws/install/my_py_pkg/lib/python3.10/site-packages/my_py_pkg/__init__.py to __init__.cpython-310.pyc
[1.095s] running install_data
[1.096s] running install_egg_info
[1.097s] Copying ../../build/my_py_pkg/my_py_pkg.egg-info to /home/ros2_ws/install/my_py_pkg/lib/python3.10/site-packages/my_py_pkg-0.0.0-py3.10.egg-info
[1.099s] running install_scripts
[1.115s] Installing led_panel script to /home/ros2_ws/install/my_py_pkg/lib/my_py_pkg
[1.115s] Installing py_node script to /home/ros2_ws/install/my_py_pkg/lib/my_py_pkg
[1.115s] Installing video_publisher script to /home/ros2_ws/install/my_py_pkg/lib/my_py_pkg
[1.116s] writing list of installed files to '/home/ros2_ws/build/my_py_pkg/install.log'
[1.138s] Invoked command in '/home/ros2_ws/src/my_py_pkg' returned '0': PYTHONPATH=/home/ros2_ws/build/my_py_pkg/prefix_override:/home/ros2_ws/install/my_py_pkg/lib/python3.10/site-packages:${PYTHONPATH} /usr/bin/python3 setup.py egg_info --egg-base ../../build/my_py_pkg build --build-base /home/ros2_ws/build/my_py_pkg/build install --record /home/ros2_ws/build/my_py_pkg/install.log --single-version-externally-managed
