[0.013s] Invoking command in '/home/ros2_ws/build/my_cpp_pkg': CMAKE_PREFIX_PATH=${CMAKE_PREFIX_PATH}:/home/ros2_ws/install/my_py_pkg:/opt/ros/humble /usr/bin/cmake --build /home/ros2_ws/build/my_cpp_pkg -- -j2 -l2
[0.054s] [ 20%] Built target cpp_node
[0.054s] [ 40%] Built target robot_news_station
[0.073s] [ 80%] Built target add_two_ints_server
[0.073s] [ 80%] Built target smartphone
[0.082s] [35m[1mConsolidate compiler generated dependencies of target add_two_ints_client[0m
[0.097s] [ 90%] [32mBuilding CXX object CMakeFiles/add_two_ints_client.dir/src/add_two_ints_client.cpp.o[0m
[2.126s] In file included from [01m[K/opt/ros/humble/include/rclcpp/rclcpp/logging.hpp:24[m[K,
[2.126s]                  from [01m[K/opt/ros/humble/include/rclcpp/rclcpp/client.hpp:40[m[K,
[2.126s]                  from [01m[K/opt/ros/humble/include/rclcpp/rclcpp/callback_group.hpp:24[m[K,
[2.126s]                  from [01m[K/opt/ros/humble/include/rclcpp/rclcpp/any_executable.hpp:20[m[K,
[2.126s]                  from [01m[K/opt/ros/humble/include/rclcpp/rclcpp/memory_strategy.hpp:25[m[K,
[2.126s]                  from [01m[K/opt/ros/humble/include/rclcpp/rclcpp/memory_strategies.hpp:18[m[K,
[2.126s]                  from [01m[K/opt/ros/humble/include/rclcpp/rclcpp/executor_options.hpp:20[m[K,
[2.126s]                  from [01m[K/opt/ros/humble/include/rclcpp/rclcpp/executor.hpp:37[m[K,
[2.126s]                  from [01m[K/opt/ros/humble/include/rclcpp/rclcpp/executors/multi_threaded_executor.hpp:25[m[K,
[2.126s]                  from [01m[K/opt/ros/humble/include/rclcpp/rclcpp/executors.hpp:21[m[K,
[2.126s]                  from [01m[K/opt/ros/humble/include/rclcpp/rclcpp/rclcpp.hpp:155[m[K,
[2.126s]                  from [01m[K/home/ros2_ws/src/my_cpp_pkg/src/add_two_ints_client.cpp:1[m[K:
[2.126s] [01m[K/home/ros2_ws/src/my_cpp_pkg/src/add_two_ints_client.cpp:[m[K In member function ‘[01m[Kvoid AddTwoIntsClientNode::callAddTwoIntsService(int, int)[m[K’:
[2.126s] [01m[K/home/ros2_ws/src/my_cpp_pkg/src/add_two_ints_client.cpp:28:57:[m[K [01;35m[Kwarning: [m[Kformat ‘[01m[K%ld[m[K’ expects argument of type ‘[01m[Klong int[m[K’, but argument 5 has type ‘[01m[Kint[m[K’ [[01;35m[K]8;;https://gcc.gnu.org/onlinedocs/gcc/Warning-Options.html#index-Wformat=-Wformat=]8;;[m[K]
[2.126s]    28 |                         RCLCPP_INFO(this->get_logger(), [01;35m[K"%ld + %ld = %ld"[m[K, [32m[Ka[m[K, b, response->sum);
[2.127s]       |                                                         [01;35m[K^~~~~~~~~~~~~~~~~[m[K  [32m[K~[m[K
[2.127s]       |                                                                            [32m[K|[m[K
[2.127s]       |                                                                            [32m[Kint[m[K
[2.127s] [01m[K/home/ros2_ws/src/my_cpp_pkg/src/add_two_ints_client.cpp:28:60:[m[K [01;36m[Knote: [m[Kformat string is defined here
[2.127s]    28 |                         RCLCPP_INFO(this->get_logger(), "[01;36m[K%ld[m[K + %ld = %ld", a, b, response->sum);
[2.127s]       |                                                          [01;36m[K~~^[m[K
[2.127s]       |                                                            [01;36m[K|[m[K
[2.127s]       |                                                            [01;36m[Klong int[m[K
[2.127s]       |                                                          [32m[K%d[m[K
[2.127s] In file included from [01m[K/opt/ros/humble/include/rclcpp/rclcpp/logging.hpp:24[m[K,
[2.127s]                  from [01m[K/opt/ros/humble/include/rclcpp/rclcpp/client.hpp:40[m[K,
[2.127s]                  from [01m[K/opt/ros/humble/include/rclcpp/rclcpp/callback_group.hpp:24[m[K,
[2.127s]                  from [01m[K/opt/ros/humble/include/rclcpp/rclcpp/any_executable.hpp:20[m[K,
[2.127s]                  from [01m[K/opt/ros/humble/include/rclcpp/rclcpp/memory_strategy.hpp:25[m[K,
[2.127s]                  from [01m[K/opt/ros/humble/include/rclcpp/rclcpp/memory_strategies.hpp:18[m[K,
[2.127s]                  from [01m[K/opt/ros/humble/include/rclcpp/rclcpp/executor_options.hpp:20[m[K,
[2.127s]                  from [01m[K/opt/ros/humble/include/rclcpp/rclcpp/executor.hpp:37[m[K,
[2.127s]                  from [01m[K/opt/ros/humble/include/rclcpp/rclcpp/executors/multi_threaded_executor.hpp:25[m[K,
[2.127s]                  from [01m[K/opt/ros/humble/include/rclcpp/rclcpp/executors.hpp:21[m[K,
[2.128s]                  from [01m[K/opt/ros/humble/include/rclcpp/rclcpp/rclcpp.hpp:155[m[K,
[2.128s]                  from [01m[K/home/ros2_ws/src/my_cpp_pkg/src/add_two_ints_client.cpp:1[m[K:
[2.128s] [01m[K/home/ros2_ws/src/my_cpp_pkg/src/add_two_ints_client.cpp:28:57:[m[K [01;35m[Kwarning: [m[Kformat ‘[01m[K%ld[m[K’ expects argument of type ‘[01m[Klong int[m[K’, but argument 6 has type ‘[01m[Kint[m[K’ [[01;35m[K]8;;https://gcc.gnu.org/onlinedocs/gcc/Warning-Options.html#index-Wformat=-Wformat=]8;;[m[K]
[2.128s]    28 |                         RCLCPP_INFO(this->get_logger(), [01;35m[K"%ld + %ld = %ld"[m[K, a, [32m[Kb[m[K, response->sum);
[2.128s]       |                                                         [01;35m[K^~~~~~~~~~~~~~~~~[m[K     [32m[K~[m[K
[2.128s]       |                                                                               [32m[K|[m[K
[2.128s]       |                                                                               [32m[Kint[m[K
[2.128s] [01m[K/home/ros2_ws/src/my_cpp_pkg/src/add_two_ints_client.cpp:28:66:[m[K [01;36m[Knote: [m[Kformat string is defined here
[2.128s]    28 |                         RCLCPP_INFO(this->get_logger(), "%ld + [01;36m[K%ld[m[K = %ld", a, b, response->sum);
[2.128s]       |                                                                [01;36m[K~~^[m[K
[2.128s]       |                                                                  [01;36m[K|[m[K
[2.128s]       |                                                                  [01;36m[Klong int[m[K
[2.128s]       |                                                                [32m[K%d[m[K
[3.418s] [100%] [32m[1mLinking CXX executable add_two_ints_client[0m
[3.704s] [100%] Built target add_two_ints_client
[3.713s] Invoked command in '/home/ros2_ws/build/my_cpp_pkg' returned '0': CMAKE_PREFIX_PATH=${CMAKE_PREFIX_PATH}:/home/ros2_ws/install/my_py_pkg:/opt/ros/humble /usr/bin/cmake --build /home/ros2_ws/build/my_cpp_pkg -- -j2 -l2
[3.751s] Invoking command in '/home/ros2_ws/build/my_cpp_pkg': CMAKE_PREFIX_PATH=${CMAKE_PREFIX_PATH}:/home/ros2_ws/install/my_py_pkg:/opt/ros/humble /usr/bin/cmake --install /home/ros2_ws/build/my_cpp_pkg
[3.757s] -- Install configuration: ""
[3.757s] -- Up-to-date: /home/ros2_ws/install/my_cpp_pkg/lib/my_cpp_pkg/cpp_node
[3.757s] -- Up-to-date: /home/ros2_ws/install/my_cpp_pkg/lib/my_cpp_pkg/robot_news_station
[3.757s] -- Up-to-date: /home/ros2_ws/install/my_cpp_pkg/lib/my_cpp_pkg/smartphone
[3.758s] -- Up-to-date: /home/ros2_ws/install/my_cpp_pkg/lib/my_cpp_pkg/add_two_ints_server
[3.758s] -- Installing: /home/ros2_ws/install/my_cpp_pkg/lib/my_cpp_pkg/add_two_ints_client
[3.759s] -- Set runtime path of "/home/ros2_ws/install/my_cpp_pkg/lib/my_cpp_pkg/add_two_ints_client" to ""
[3.759s] -- Up-to-date: /home/ros2_ws/install/my_cpp_pkg/share/ament_index/resource_index/package_run_dependencies/my_cpp_pkg
[3.759s] -- Up-to-date: /home/ros2_ws/install/my_cpp_pkg/share/ament_index/resource_index/parent_prefix_path/my_cpp_pkg
[3.759s] -- Up-to-date: /home/ros2_ws/install/my_cpp_pkg/share/my_cpp_pkg/environment/ament_prefix_path.sh
[3.759s] -- Up-to-date: /home/ros2_ws/install/my_cpp_pkg/share/my_cpp_pkg/environment/ament_prefix_path.dsv
[3.759s] -- Up-to-date: /home/ros2_ws/install/my_cpp_pkg/share/my_cpp_pkg/environment/path.sh
[3.759s] -- Up-to-date: /home/ros2_ws/install/my_cpp_pkg/share/my_cpp_pkg/environment/path.dsv
[3.759s] -- Up-to-date: /home/ros2_ws/install/my_cpp_pkg/share/my_cpp_pkg/local_setup.bash
[3.760s] -- Up-to-date: /home/ros2_ws/install/my_cpp_pkg/share/my_cpp_pkg/local_setup.sh
[3.760s] -- Up-to-date: /home/ros2_ws/install/my_cpp_pkg/share/my_cpp_pkg/local_setup.zsh
[3.760s] -- Up-to-date: /home/ros2_ws/install/my_cpp_pkg/share/my_cpp_pkg/local_setup.dsv
[3.760s] -- Installing: /home/ros2_ws/install/my_cpp_pkg/share/my_cpp_pkg/package.dsv
[3.760s] -- Up-to-date: /home/ros2_ws/install/my_cpp_pkg/share/ament_index/resource_index/packages/my_cpp_pkg
[3.760s] -- Up-to-date: /home/ros2_ws/install/my_cpp_pkg/share/my_cpp_pkg/cmake/my_cpp_pkgConfig.cmake
[3.760s] -- Up-to-date: /home/ros2_ws/install/my_cpp_pkg/share/my_cpp_pkg/cmake/my_cpp_pkgConfig-version.cmake
[3.760s] -- Up-to-date: /home/ros2_ws/install/my_cpp_pkg/share/my_cpp_pkg/package.xml
[3.762s] Invoked command in '/home/ros2_ws/build/my_cpp_pkg' returned '0': CMAKE_PREFIX_PATH=${CMAKE_PREFIX_PATH}:/home/ros2_ws/install/my_py_pkg:/opt/ros/humble /usr/bin/cmake --install /home/ros2_ws/build/my_cpp_pkg
