[01m[K/home/ros2_ws/src/my_cpp_pkg/src/add_two_ints_client.cpp:[m[K In member function ‘[01m[Kvoid AddTwoIntsClientNode::callAddTwoIntsService(int, int)[m[K’:
[01m[K/home/ros2_ws/src/my_cpp_pkg/src/add_two_ints_client.cpp:13:51:[m[K [01;31m[Kerror: [m[K‘[01m[Kexample_interfaces[m[K’ was not declared in this scope; did you mean ‘[01m[Krcl_interfaces[m[K’?
   13 |                 auto client = this->create_client<[01;31m[Kexample_interfaces[m[K::srv::AddTwoInts>("add_two_ints");
      |                                                   [01;31m[K^~~~~~~~~~~~~~~~~~[m[K
      |                                                   [32m[Krcl_interfaces[m[K
[01m[K/home/ros2_ws/src/my_cpp_pkg/src/add_two_ints_client.cpp:13:37:[m[K [01;31m[Kerror: [m[Kparse error in template argument list
   13 |                 auto client = this->[01;31m[Kcreate_client<example_interfaces::srv::AddTwoInts>[m[K("add_two_ints");
      |                                     [01;31m[K^~~~~~~~~~~~~~~~~~~~~~~~~~~~~~~~~~~~~~~~~~~~~~~~~~[m[K
[01m[K/home/ros2_ws/src/my_cpp_pkg/src/add_two_ints_client.cpp:13:87:[m[K [01;31m[Kerror: [m[Kno matching function for call to ‘[01m[KAddTwoIntsClientNode::create_client<<expression error> >(const char [13])[m[K’
   13 |   auto client = [01;31m[Kthis->create_client<example_interfaces::srv::AddTwoInts>("add_two_ints")[m[K;
      |                 [01;31m[K~~~~~~~~~~~~~~~~~~~~~~~~~~~~~~~~~~~~~~~~~~~~~~~~~~~~~~~~^~~~~~~~~~~~~~~~[m[K

In file included from [01m[K/opt/ros/humble/include/rclcpp/rclcpp/executors/single_threaded_executor.hpp:28[m[K,
                 from [01m[K/opt/ros/humble/include/rclcpp/rclcpp/executors.hpp:22[m[K,
                 from [01m[K/opt/ros/humble/include/rclcpp/rclcpp/rclcpp.hpp:155[m[K,
                 from [01m[K/home/ros2_ws/src/my_cpp_pkg/src/add_two_ints_client.cpp:1[m[K:
[01m[K/opt/ros/humble/include/rclcpp/rclcpp/node.hpp:252:3:[m[K [01;36m[Knote: [m[Kcandidate: ‘[01m[Ktemplate<class ServiceT> typename rclcpp::Client<ServiceT>::SharedPtr rclcpp::Node::create_client(const string&, const rmw_qos_profile_t&, rclcpp::CallbackGroup::SharedPtr)[m[K’
  252 |   [01;36m[Kcreate_client[m[K(
      |   [01;36m[K^~~~~~~~~~~~~[m[K
[01m[K/opt/ros/humble/include/rclcpp/rclcpp/node.hpp:252:3:[m[K [01;36m[Knote: [m[K  template argument deduction/substitution failed:
[01m[K/home/ros2_ws/src/my_cpp_pkg/src/add_two_ints_client.cpp:13:87:[m[K [01;31m[Kerror: [m[Ktemplate argument 1 is invalid
   13 |   auto client = [01;31m[Kthis->create_client<example_interfaces::srv::AddTwoInts>("add_two_ints")[m[K;
      |                 [01;31m[K~~~~~~~~~~~~~~~~~~~~~~~~~~~~~~~~~~~~~~~~~~~~~~~~~~~~~~~~^~~~~~~~~~~~~~~~[m[K

[01m[K/home/ros2_ws/src/my_cpp_pkg/src/add_two_ints_client.cpp:18:37:[m[K [01;31m[Kerror: [m[Kparse error in template argument list
   18 |                 auto request = std::[01;31m[Kmake_shared<example_interfaces::srv::AddTwoInts::Request>[m[K();
      |                                     [01;31m[K^~~~~~~~~~~~~~~~~~~~~~~~~~~~~~~~~~~~~~~~~~~~~~~~~~~~~~~~~[m[K
[01m[K/home/ros2_ws/src/my_cpp_pkg/src/add_two_ints_client.cpp:18:94:[m[K [01;31m[Kerror: [m[Kno matching function for call to ‘[01m[Kmake_shared<example_interfaces>()[m[K’
   18 |    auto request = [01;31m[Kstd::make_shared<example_interfaces::srv::AddTwoInts::Request>()[m[K;
      |                   [01;31m[K~~~~~~~~~~~~~~~~~~~~~~~~~~~~~~~~~~~~~~~~~~~~~~~~~~~~~~~~~~~~~~^~[m[K

In file included from [01m[K/usr/include/c++/11/memory:77[m[K,
                 from [01m[K/opt/ros/humble/include/rclcpp/rclcpp/rclcpp.hpp:153[m[K,
                 from [01m[K/home/ros2_ws/src/my_cpp_pkg/src/add_two_ints_client.cpp:1[m[K:
[01m[K/usr/include/c++/11/bits/shared_ptr.h:875:5:[m[K [01;36m[Knote: [m[Kcandidate: ‘[01m[Ktemplate<class _Tp, class ... _Args> std::shared_ptr<_Tp> std::make_shared(_Args&& ...)[m[K’
  875 |     [01;36m[Kmake_shared[m[K(_Args&&... __args)
      |     [01;36m[K^~~~~~~~~~~[m[K
[01m[K/usr/include/c++/11/bits/shared_ptr.h:875:5:[m[K [01;36m[Knote: [m[K  template argument deduction/substitution failed:
gmake[2]: *** [CMakeFiles/add_two_ints_client.dir/build.make:76: CMakeFiles/add_two_ints_client.dir/src/add_two_ints_client.cpp.o] Error 1
gmake[1]: *** [CMakeFiles/Makefile2:249: CMakeFiles/add_two_ints_client.dir/all] Error 2
gmake: *** [Makefile:146: all] Error 2
