[0.441s] DEBUG:colcon:Command line arguments: ['/usr/bin/colcon', 'build', '--packages-select', 'my_roobot_interfaces']
[0.441s] DEBUG:colcon:Parsed command line arguments: Namespace(log_base=None, log_level=None, verb_name='build', build_base='build', install_base='install', merge_install=False, symlink_install=False, test_result_base=None, continue_on_error=False, executor='parallel', parallel_workers=2, event_handlers=None, ignore_user_meta=False, metas=['./colcon.meta'], base_paths=['.'], packages_ignore=None, packages_ignore_regex=None, paths=None, packages_up_to=None, packages_up_to_regex=None, packages_above=None, packages_above_and_dependencies=None, packages_above_depth=None, packages_select_by_dep=None, packages_skip_by_dep=None, packages_skip_up_to=None, packages_select_build_failed=False, packages_skip_build_finished=False, packages_select_test_failures=False, packages_skip_test_passed=False, packages_select=['my_roobot_interfaces'], packages_skip=None, packages_select_regex=None, packages_skip_regex=None, packages_start=None, packages_end=None, allow_overriding=[], cmake_args=None, cmake_target=None, cmake_target_skip_unavailable=False, cmake_clean_cache=False, cmake_clean_first=False, cmake_force_configure=False, ament_cmake_args=None, catkin_cmake_args=None, catkin_skip_building_tests=False, verb_parser=<colcon_defaults.argument_parser.defaults.DefaultArgumentsDecorator object at 0x7f60ab078e80>, verb_extension=<colcon_core.verb.build.BuildVerb object at 0x7f60ab078910>, main=<bound method BuildVerb.main of <colcon_core.verb.build.BuildVerb object at 0x7f60ab078910>>)
[0.461s] Level 1:colcon.colcon_core.package_discovery:discover_packages(colcon_meta) check parameters
[0.461s] Level 1:colcon.colcon_core.package_discovery:discover_packages(recursive) check parameters
[0.461s] Level 1:colcon.colcon_core.package_discovery:discover_packages(ignore) check parameters
[0.461s] Level 1:colcon.colcon_core.package_discovery:discover_packages(path) check parameters
[0.461s] Level 1:colcon.colcon_core.package_discovery:discover_packages(colcon_meta) discover
[0.461s] Level 1:colcon.colcon_core.package_discovery:discover_packages(recursive) discover
[0.461s] INFO:colcon.colcon_core.package_discovery:Crawling recursively for packages in '/home/ros2_ws/src/my_roobot_interfaces'
[0.461s] Level 1:colcon.colcon_core.package_identification:_identify(.) by extensions ['ignore', 'ignore_ament_install']
[0.461s] Level 1:colcon.colcon_core.package_identification:_identify(.) by extension 'ignore'
[0.461s] Level 1:colcon.colcon_core.package_identification:_identify(.) by extension 'ignore_ament_install'
[0.461s] Level 1:colcon.colcon_core.package_identification:_identify(.) by extensions ['colcon_pkg']
[0.461s] Level 1:colcon.colcon_core.package_identification:_identify(.) by extension 'colcon_pkg'
[0.461s] Level 1:colcon.colcon_core.package_identification:_identify(.) by extensions ['colcon_meta']
[0.461s] Level 1:colcon.colcon_core.package_identification:_identify(.) by extension 'colcon_meta'
[0.461s] Level 1:colcon.colcon_core.package_identification:_identify(.) by extensions ['ros']
[0.462s] Level 1:colcon.colcon_core.package_identification:_identify(.) by extension 'ros'
[0.473s] DEBUG:colcon.colcon_core.package_identification:Package '.' with type 'ros.ament_cmake' and name 'my_roobot_interfaces'
[0.473s] Level 1:colcon.colcon_core.package_discovery:discover_packages(recursive) using defaults
[0.473s] Level 1:colcon.colcon_core.package_discovery:discover_packages(ignore) discover
[0.473s] Level 1:colcon.colcon_core.package_discovery:discover_packages(ignore) using defaults
[0.473s] Level 1:colcon.colcon_core.package_discovery:discover_packages(path) discover
[0.473s] Level 1:colcon.colcon_core.package_discovery:discover_packages(path) using defaults
[0.505s] Level 1:colcon.colcon_core.package_discovery:discover_packages(prefix_path) check parameters
[0.505s] Level 1:colcon.colcon_core.package_discovery:discover_packages(prefix_path) discover
[0.511s] DEBUG:colcon.colcon_installed_package_information.package_discovery:Found 3 installed packages in /home/ros2_ws/install
[0.512s] DEBUG:colcon.colcon_installed_package_information.package_discovery:Found 270 installed packages in /opt/ros/humble
[0.513s] Level 1:colcon.colcon_core.package_discovery:discover_packages(prefix_path) using defaults
[0.565s] Level 5:colcon.colcon_core.verb:set package 'my_roobot_interfaces' build argument 'cmake_args' from command line to 'None'
[0.565s] Level 5:colcon.colcon_core.verb:set package 'my_roobot_interfaces' build argument 'cmake_target' from command line to 'None'
[0.565s] Level 5:colcon.colcon_core.verb:set package 'my_roobot_interfaces' build argument 'cmake_target_skip_unavailable' from command line to 'False'
[0.565s] Level 5:colcon.colcon_core.verb:set package 'my_roobot_interfaces' build argument 'cmake_clean_cache' from command line to 'False'
[0.565s] Level 5:colcon.colcon_core.verb:set package 'my_roobot_interfaces' build argument 'cmake_clean_first' from command line to 'False'
[0.565s] Level 5:colcon.colcon_core.verb:set package 'my_roobot_interfaces' build argument 'cmake_force_configure' from command line to 'False'
[0.565s] Level 5:colcon.colcon_core.verb:set package 'my_roobot_interfaces' build argument 'ament_cmake_args' from command line to 'None'
[0.565s] Level 5:colcon.colcon_core.verb:set package 'my_roobot_interfaces' build argument 'catkin_cmake_args' from command line to 'None'
[0.565s] Level 5:colcon.colcon_core.verb:set package 'my_roobot_interfaces' build argument 'catkin_skip_building_tests' from command line to 'False'
[0.565s] DEBUG:colcon.colcon_core.verb:Building package 'my_roobot_interfaces' with the following arguments: {'ament_cmake_args': None, 'build_base': '/home/ros2_ws/src/my_roobot_interfaces/build/my_roobot_interfaces', 'catkin_cmake_args': None, 'catkin_skip_building_tests': False, 'cmake_args': None, 'cmake_clean_cache': False, 'cmake_clean_first': False, 'cmake_force_configure': False, 'cmake_target': None, 'cmake_target_skip_unavailable': False, 'install_base': '/home/ros2_ws/src/my_roobot_interfaces/install/my_roobot_interfaces', 'merge_install': False, 'path': '/home/ros2_ws/src/my_roobot_interfaces', 'symlink_install': False, 'test_result_base': None}
[0.566s] INFO:colcon.colcon_core.executor:Executing jobs using 'parallel' executor
[0.568s] DEBUG:colcon.colcon_parallel_executor.executor.parallel:run_until_complete
[0.569s] INFO:colcon.colcon_ros.task.ament_cmake.build:Building ROS package in '/home/ros2_ws/src/my_roobot_interfaces' with build type 'ament_cmake'
[0.569s] INFO:colcon.colcon_cmake.task.cmake.build:Building CMake package in '/home/ros2_ws/src/my_roobot_interfaces'
[0.586s] INFO:colcon.colcon_core.plugin_system:Skipping extension 'colcon_core.shell.bat': Not used on non-Windows systems
[0.587s] INFO:colcon.colcon_core.shell:Skip shell extension 'powershell' for command environment: Not usable outside of PowerShell
[0.587s] DEBUG:colcon.colcon_core.shell:Skip shell extension 'dsv' for command environment
[0.597s] DEBUG:colcon.colcon_core.event_handler.log_command:Invoking command in '/home/ros2_ws/src/my_roobot_interfaces/build/my_roobot_interfaces': CMAKE_PREFIX_PATH=${CMAKE_PREFIX_PATH}:/home/ros2_ws/install/my_py_pkg:/opt/ros/humble /usr/bin/cmake /home/ros2_ws/src/my_roobot_interfaces -DCMAKE_INSTALL_PREFIX=/home/ros2_ws/src/my_roobot_interfaces/install/my_roobot_interfaces
[5.552s] DEBUG:colcon.colcon_core.event_handler.log_command:Invoked command in '/home/ros2_ws/src/my_roobot_interfaces/build/my_roobot_interfaces' returned '0': CMAKE_PREFIX_PATH=${CMAKE_PREFIX_PATH}:/home/ros2_ws/install/my_py_pkg:/opt/ros/humble /usr/bin/cmake /home/ros2_ws/src/my_roobot_interfaces -DCMAKE_INSTALL_PREFIX=/home/ros2_ws/src/my_roobot_interfaces/install/my_roobot_interfaces
[5.553s] DEBUG:colcon.colcon_core.event_handler.log_command:Invoking command in '/home/ros2_ws/src/my_roobot_interfaces/build/my_roobot_interfaces': CMAKE_PREFIX_PATH=${CMAKE_PREFIX_PATH}:/home/ros2_ws/install/my_py_pkg:/opt/ros/humble /usr/bin/cmake --build /home/ros2_ws/src/my_roobot_interfaces/build/my_roobot_interfaces -- -j2 -l2
[12.712s] DEBUG:colcon.colcon_core.event_handler.log_command:Invoked command in '/home/ros2_ws/src/my_roobot_interfaces/build/my_roobot_interfaces' returned '0': CMAKE_PREFIX_PATH=${CMAKE_PREFIX_PATH}:/home/ros2_ws/install/my_py_pkg:/opt/ros/humble /usr/bin/cmake --build /home/ros2_ws/src/my_roobot_interfaces/build/my_roobot_interfaces -- -j2 -l2
[12.812s] DEBUG:colcon.colcon_core.event_handler.log_command:Invoking command in '/home/ros2_ws/src/my_roobot_interfaces/build/my_roobot_interfaces': CMAKE_PREFIX_PATH=${CMAKE_PREFIX_PATH}:/home/ros2_ws/install/my_py_pkg:/opt/ros/humble /usr/bin/cmake --install /home/ros2_ws/src/my_roobot_interfaces/build/my_roobot_interfaces
[12.881s] Level 1:colcon.colcon_core.environment:create_environment_scripts_only(my_roobot_interfaces)
[12.882s] DEBUG:colcon.colcon_core.event_handler.log_command:Invoked command in '/home/ros2_ws/src/my_roobot_interfaces/build/my_roobot_interfaces' returned '0': CMAKE_PREFIX_PATH=${CMAKE_PREFIX_PATH}:/home/ros2_ws/install/my_py_pkg:/opt/ros/humble /usr/bin/cmake --install /home/ros2_ws/src/my_roobot_interfaces/build/my_roobot_interfaces
[12.891s] Level 1:colcon.colcon_core.environment:checking '/home/ros2_ws/src/my_roobot_interfaces/install/my_roobot_interfaces' for CMake module files
[12.891s] Level 1:colcon.colcon_core.environment:checking '/home/ros2_ws/src/my_roobot_interfaces/install/my_roobot_interfaces' for CMake config files
[12.891s] Level 1:colcon.colcon_core.shell:create_environment_hook('my_roobot_interfaces', 'cmake_prefix_path')
[12.892s] INFO:colcon.colcon_core.shell:Creating environment hook '/home/ros2_ws/src/my_roobot_interfaces/install/my_roobot_interfaces/share/my_roobot_interfaces/hook/cmake_prefix_path.ps1'
[12.894s] INFO:colcon.colcon_core.shell:Creating environment descriptor '/home/ros2_ws/src/my_roobot_interfaces/install/my_roobot_interfaces/share/my_roobot_interfaces/hook/cmake_prefix_path.dsv'
[12.894s] INFO:colcon.colcon_core.shell:Creating environment hook '/home/ros2_ws/src/my_roobot_interfaces/install/my_roobot_interfaces/share/my_roobot_interfaces/hook/cmake_prefix_path.sh'
[12.895s] Level 1:colcon.colcon_core.environment:checking '/home/ros2_ws/src/my_roobot_interfaces/install/my_roobot_interfaces/lib'
[12.895s] Level 1:colcon.colcon_core.shell:create_environment_hook('my_roobot_interfaces', 'ld_library_path_lib')
[12.896s] INFO:colcon.colcon_core.shell:Creating environment hook '/home/ros2_ws/src/my_roobot_interfaces/install/my_roobot_interfaces/share/my_roobot_interfaces/hook/ld_library_path_lib.ps1'
[12.897s] INFO:colcon.colcon_core.shell:Creating environment descriptor '/home/ros2_ws/src/my_roobot_interfaces/install/my_roobot_interfaces/share/my_roobot_interfaces/hook/ld_library_path_lib.dsv'
[12.897s] INFO:colcon.colcon_core.shell:Creating environment hook '/home/ros2_ws/src/my_roobot_interfaces/install/my_roobot_interfaces/share/my_roobot_interfaces/hook/ld_library_path_lib.sh'
[12.897s] Level 1:colcon.colcon_core.environment:checking '/home/ros2_ws/src/my_roobot_interfaces/install/my_roobot_interfaces/bin'
[12.897s] Level 1:colcon.colcon_core.environment:checking '/home/ros2_ws/src/my_roobot_interfaces/install/my_roobot_interfaces/lib/pkgconfig/my_roobot_interfaces.pc'
[12.897s] Level 1:colcon.colcon_core.environment:checking '/home/ros2_ws/src/my_roobot_interfaces/install/my_roobot_interfaces/lib/python3.10/site-packages'
[12.897s] Level 1:colcon.colcon_core.environment:checking '/home/ros2_ws/src/my_roobot_interfaces/install/my_roobot_interfaces/bin'
[12.898s] INFO:colcon.colcon_core.shell:Creating package script '/home/ros2_ws/src/my_roobot_interfaces/install/my_roobot_interfaces/share/my_roobot_interfaces/package.ps1'
[12.900s] INFO:colcon.colcon_core.shell:Creating package descriptor '/home/ros2_ws/src/my_roobot_interfaces/install/my_roobot_interfaces/share/my_roobot_interfaces/package.dsv'
[12.900s] INFO:colcon.colcon_core.shell:Creating package script '/home/ros2_ws/src/my_roobot_interfaces/install/my_roobot_interfaces/share/my_roobot_interfaces/package.sh'
[12.901s] INFO:colcon.colcon_core.shell:Creating package script '/home/ros2_ws/src/my_roobot_interfaces/install/my_roobot_interfaces/share/my_roobot_interfaces/package.bash'
[12.902s] INFO:colcon.colcon_core.shell:Creating package script '/home/ros2_ws/src/my_roobot_interfaces/install/my_roobot_interfaces/share/my_roobot_interfaces/package.zsh'
[12.904s] Level 1:colcon.colcon_core.environment:create_file_with_runtime_dependencies(/home/ros2_ws/src/my_roobot_interfaces/install/my_roobot_interfaces/share/colcon-core/packages/my_roobot_interfaces)
[12.994s] Level 1:colcon.colcon_core.environment:create_environment_scripts_only(my_roobot_interfaces)
[12.995s] Level 1:colcon.colcon_core.environment:checking '/home/ros2_ws/src/my_roobot_interfaces/install/my_roobot_interfaces' for CMake module files
[12.996s] Level 1:colcon.colcon_core.environment:checking '/home/ros2_ws/src/my_roobot_interfaces/install/my_roobot_interfaces' for CMake config files
[12.996s] Level 1:colcon.colcon_core.shell:create_environment_hook('my_roobot_interfaces', 'cmake_prefix_path')
[12.997s] INFO:colcon.colcon_core.shell:Creating environment hook '/home/ros2_ws/src/my_roobot_interfaces/install/my_roobot_interfaces/share/my_roobot_interfaces/hook/cmake_prefix_path.ps1'
[12.997s] INFO:colcon.colcon_core.shell:Creating environment descriptor '/home/ros2_ws/src/my_roobot_interfaces/install/my_roobot_interfaces/share/my_roobot_interfaces/hook/cmake_prefix_path.dsv'
[12.998s] INFO:colcon.colcon_core.shell:Creating environment hook '/home/ros2_ws/src/my_roobot_interfaces/install/my_roobot_interfaces/share/my_roobot_interfaces/hook/cmake_prefix_path.sh'
[12.998s] Level 1:colcon.colcon_core.environment:checking '/home/ros2_ws/src/my_roobot_interfaces/install/my_roobot_interfaces/lib'
[12.998s] Level 1:colcon.colcon_core.shell:create_environment_hook('my_roobot_interfaces', 'ld_library_path_lib')
[12.999s] INFO:colcon.colcon_core.shell:Creating environment hook '/home/ros2_ws/src/my_roobot_interfaces/install/my_roobot_interfaces/share/my_roobot_interfaces/hook/ld_library_path_lib.ps1'
[13.000s] INFO:colcon.colcon_core.shell:Creating environment descriptor '/home/ros2_ws/src/my_roobot_interfaces/install/my_roobot_interfaces/share/my_roobot_interfaces/hook/ld_library_path_lib.dsv'
[13.000s] INFO:colcon.colcon_core.shell:Creating environment hook '/home/ros2_ws/src/my_roobot_interfaces/install/my_roobot_interfaces/share/my_roobot_interfaces/hook/ld_library_path_lib.sh'
[13.000s] Level 1:colcon.colcon_core.environment:checking '/home/ros2_ws/src/my_roobot_interfaces/install/my_roobot_interfaces/bin'
[13.000s] Level 1:colcon.colcon_core.environment:checking '/home/ros2_ws/src/my_roobot_interfaces/install/my_roobot_interfaces/lib/pkgconfig/my_roobot_interfaces.pc'
[13.001s] Level 1:colcon.colcon_core.environment:checking '/home/ros2_ws/src/my_roobot_interfaces/install/my_roobot_interfaces/lib/python3.10/site-packages'
[13.001s] Level 1:colcon.colcon_core.environment:checking '/home/ros2_ws/src/my_roobot_interfaces/install/my_roobot_interfaces/bin'
[13.002s] INFO:colcon.colcon_core.shell:Creating package script '/home/ros2_ws/src/my_roobot_interfaces/install/my_roobot_interfaces/share/my_roobot_interfaces/package.ps1'
[13.002s] INFO:colcon.colcon_core.shell:Creating package descriptor '/home/ros2_ws/src/my_roobot_interfaces/install/my_roobot_interfaces/share/my_roobot_interfaces/package.dsv'
[13.003s] INFO:colcon.colcon_core.shell:Creating package script '/home/ros2_ws/src/my_roobot_interfaces/install/my_roobot_interfaces/share/my_roobot_interfaces/package.sh'
[13.003s] INFO:colcon.colcon_core.shell:Creating package script '/home/ros2_ws/src/my_roobot_interfaces/install/my_roobot_interfaces/share/my_roobot_interfaces/package.bash'
[13.003s] INFO:colcon.colcon_core.shell:Creating package script '/home/ros2_ws/src/my_roobot_interfaces/install/my_roobot_interfaces/share/my_roobot_interfaces/package.zsh'
[13.004s] Level 1:colcon.colcon_core.environment:create_file_with_runtime_dependencies(/home/ros2_ws/src/my_roobot_interfaces/install/my_roobot_interfaces/share/colcon-core/packages/my_roobot_interfaces)
[13.004s] DEBUG:colcon.colcon_parallel_executor.executor.parallel:closing loop
[13.005s] DEBUG:colcon.colcon_parallel_executor.executor.parallel:loop closed
[13.005s] DEBUG:colcon.colcon_parallel_executor.executor.parallel:run_until_complete finished with '0'
[13.005s] DEBUG:colcon.colcon_core.event_reactor:joining thread
[13.095s] INFO:colcon.colcon_core.plugin_system:Skipping extension 'colcon_notification.desktop_notification.notify_send': Could not find 'notify-send'
[13.096s] INFO:colcon.colcon_core.plugin_system:Skipping extension 'colcon_notification.desktop_notification.terminal_notifier': Not used on non-Darwin systems
[13.096s] INFO:colcon.colcon_core.plugin_system:Skipping extension 'colcon_notification.desktop_notification.win32': Not used on non-Windows systems
[13.096s] INFO:colcon.colcon_notification.desktop_notification:Sending desktop notification using 'notify2'
[13.216s] DEBUG:colcon.colcon_notification.desktop_notification.notify2:Failed to initialize notify2: org.freedesktop.DBus.Error.ServiceUnknown: The name org.freedesktop.Notifications was not provided by any .service files
[13.217s] DEBUG:colcon.colcon_core.event_reactor:joined thread
[13.218s] INFO:colcon.colcon_core.shell:Creating prefix script '/home/ros2_ws/src/my_roobot_interfaces/install/local_setup.ps1'
[13.220s] INFO:colcon.colcon_core.shell:Creating prefix util module '/home/ros2_ws/src/my_roobot_interfaces/install/_local_setup_util_ps1.py'
[13.222s] INFO:colcon.colcon_core.shell:Creating prefix chain script '/home/ros2_ws/src/my_roobot_interfaces/install/setup.ps1'
[13.223s] INFO:colcon.colcon_core.shell:Creating prefix script '/home/ros2_ws/src/my_roobot_interfaces/install/local_setup.sh'
[13.224s] INFO:colcon.colcon_core.shell:Creating prefix util module '/home/ros2_ws/src/my_roobot_interfaces/install/_local_setup_util_sh.py'
[13.225s] INFO:colcon.colcon_core.shell:Creating prefix chain script '/home/ros2_ws/src/my_roobot_interfaces/install/setup.sh'
[13.226s] INFO:colcon.colcon_core.shell:Creating prefix script '/home/ros2_ws/src/my_roobot_interfaces/install/local_setup.bash'
[13.227s] INFO:colcon.colcon_core.shell:Creating prefix chain script '/home/ros2_ws/src/my_roobot_interfaces/install/setup.bash'
[13.229s] INFO:colcon.colcon_core.shell:Creating prefix script '/home/ros2_ws/src/my_roobot_interfaces/install/local_setup.zsh'
[13.230s] INFO:colcon.colcon_core.shell:Creating prefix chain script '/home/ros2_ws/src/my_roobot_interfaces/install/setup.zsh'
