[0.012s] Invoking command in '/home/ros2_ws/src/my_roobot_interfaces/build/my_roobot_interfaces': CMAKE_PREFIX_PATH=${CMAKE_PREFIX_PATH}:/home/ros2_ws/install/my_py_pkg:/opt/ros/humble /usr/bin/cmake --build /home/ros2_ws/src/my_roobot_interfaces/build/my_roobot_interfaces -- -j2 -l2
[0.046s] [35m[1mConsolidate compiler generated dependencies of target my_roobot_interfaces__rosidl_generator_c[0m
[0.054s] [  1%] Built target my_roobot_interfaces__cpp
[0.056s] [ 12%] Built target my_roobot_interfaces__rosidl_generator_c
[0.065s] [35m[1mConsolidate compiler generated dependencies of target my_roobot_interfaces__rosidl_typesupport_fastrtps_c[0m
[0.078s] [ 12%] Built target ament_cmake_python_copy_my_roobot_interfaces
[0.078s] [ 23%] Built target my_roobot_interfaces__rosidl_typesupport_fastrtps_c
[0.086s] [35m[1mConsolidate compiler generated dependencies of target my_roobot_interfaces__rosidl_typesupport_c[0m
[0.086s] [35m[1mConsolidate compiler generated dependencies of target my_roobot_interfaces__rosidl_typesupport_introspection_c[0m
[0.095s] [ 45%] Built target my_roobot_interfaces__rosidl_typesupport_c
[0.095s] [ 45%] Built target my_roobot_interfaces__rosidl_typesupport_introspection_c
[0.104s] [35m[1mConsolidate compiler generated dependencies of target my_roobot_interfaces__rosidl_typesupport_introspection_cpp[0m
[0.104s] [35m[1mConsolidate compiler generated dependencies of target my_roobot_interfaces__rosidl_typesupport_fastrtps_cpp[0m
[0.117s] [ 67%] Built target my_roobot_interfaces__rosidl_typesupport_introspection_cpp
[0.117s] [ 67%] Built target my_roobot_interfaces__rosidl_typesupport_fastrtps_cpp
[0.125s] [35m[1mConsolidate compiler generated dependencies of target my_roobot_interfaces__rosidl_typesupport_cpp[0m
[0.138s] [ 78%] Built target my_roobot_interfaces__rosidl_typesupport_cpp
[0.153s] [ 78%] Built target my_roobot_interfaces
[0.169s] [ 80%] Built target my_roobot_interfaces__py
[0.177s] [35m[1mConsolidate compiler generated dependencies of target my_roobot_interfaces__rosidl_generator_py[0m
[0.190s] [ 89%] Built target my_roobot_interfaces__rosidl_generator_py
[0.197s] [35m[1mConsolidate compiler generated dependencies of target my_roobot_interfaces__rosidl_typesupport_fastrtps_c__pyext[0m
[0.208s] [ 92%] Built target my_roobot_interfaces__rosidl_typesupport_fastrtps_c__pyext
[0.216s] [35m[1mConsolidate compiler generated dependencies of target my_roobot_interfaces__rosidl_typesupport_introspection_c__pyext[0m
[0.226s] [ 96%] Built target my_roobot_interfaces__rosidl_typesupport_introspection_c__pyext
[0.233s] [35m[1mConsolidate compiler generated dependencies of target my_roobot_interfaces__rosidl_typesupport_c__pyext[0m
[0.243s] [100%] Built target my_roobot_interfaces__rosidl_typesupport_c__pyext
[0.320s] running egg_info
[0.321s] writing my_roobot_interfaces.egg-info/PKG-INFO
[0.321s] writing dependency_links to my_roobot_interfaces.egg-info/dependency_links.txt
[0.321s] writing top-level names to my_roobot_interfaces.egg-info/top_level.txt
[0.323s] reading manifest file 'my_roobot_interfaces.egg-info/SOURCES.txt'
[0.323s] writing manifest file 'my_roobot_interfaces.egg-info/SOURCES.txt'
[0.347s] [100%] Built target ament_cmake_python_build_my_roobot_interfaces_egg
[0.357s] Invoked command in '/home/ros2_ws/src/my_roobot_interfaces/build/my_roobot_interfaces' returned '0': CMAKE_PREFIX_PATH=${CMAKE_PREFIX_PATH}:/home/ros2_ws/install/my_py_pkg:/opt/ros/humble /usr/bin/cmake --build /home/ros2_ws/src/my_roobot_interfaces/build/my_roobot_interfaces -- -j2 -l2
[0.466s] Invoking command in '/home/ros2_ws/src/my_roobot_interfaces/build/my_roobot_interfaces': CMAKE_PREFIX_PATH=${CMAKE_PREFIX_PATH}:/home/ros2_ws/install/my_py_pkg:/opt/ros/humble /usr/bin/cmake --install /home/ros2_ws/src/my_roobot_interfaces/build/my_roobot_interfaces
[0.473s] -- Install configuration: ""
[0.473s] -- Up-to-date: /home/ros2_ws/src/my_roobot_interfaces/install/my_roobot_interfaces/share/ament_index/resource_index/rosidl_interfaces/my_roobot_interfaces
[0.473s] -- Up-to-date: /home/ros2_ws/src/my_roobot_interfaces/install/my_roobot_interfaces/include/my_roobot_interfaces/my_roobot_interfaces
[0.473s] -- Up-to-date: /home/ros2_ws/src/my_roobot_interfaces/install/my_roobot_interfaces/include/my_roobot_interfaces/my_roobot_interfaces/srv
[0.473s] -- Up-to-date: /home/ros2_ws/src/my_roobot_interfaces/install/my_roobot_interfaces/include/my_roobot_interfaces/my_roobot_interfaces/srv/compute_rectangle_area.h
[0.473s] -- Up-to-date: /home/ros2_ws/src/my_roobot_interfaces/install/my_roobot_interfaces/include/my_roobot_interfaces/my_roobot_interfaces/srv/set_led.h
[0.473s] -- Up-to-date: /home/ros2_ws/src/my_roobot_interfaces/install/my_roobot_interfaces/include/my_roobot_interfaces/my_roobot_interfaces/srv/detail
[0.473s] -- Up-to-date: /home/ros2_ws/src/my_roobot_interfaces/install/my_roobot_interfaces/include/my_roobot_interfaces/my_roobot_interfaces/srv/detail/set_led__functions.h
[0.473s] -- Up-to-date: /home/ros2_ws/src/my_roobot_interfaces/install/my_roobot_interfaces/include/my_roobot_interfaces/my_roobot_interfaces/srv/detail/set_led__struct.h
[0.473s] -- Up-to-date: /home/ros2_ws/src/my_roobot_interfaces/install/my_roobot_interfaces/include/my_roobot_interfaces/my_roobot_interfaces/srv/detail/set_led__functions.c
[0.473s] -- Up-to-date: /home/ros2_ws/src/my_roobot_interfaces/install/my_roobot_interfaces/include/my_roobot_interfaces/my_roobot_interfaces/srv/detail/compute_rectangle_area__type_support.h
[0.473s] -- Up-to-date: /home/ros2_ws/src/my_roobot_interfaces/install/my_roobot_interfaces/include/my_roobot_interfaces/my_roobot_interfaces/srv/detail/set_led__type_support.h
[0.473s] -- Up-to-date: /home/ros2_ws/src/my_roobot_interfaces/install/my_roobot_interfaces/include/my_roobot_interfaces/my_roobot_interfaces/srv/detail/compute_rectangle_area__functions.h
[0.474s] -- Up-to-date: /home/ros2_ws/src/my_roobot_interfaces/install/my_roobot_interfaces/include/my_roobot_interfaces/my_roobot_interfaces/srv/detail/compute_rectangle_area__struct.h
[0.474s] -- Up-to-date: /home/ros2_ws/src/my_roobot_interfaces/install/my_roobot_interfaces/include/my_roobot_interfaces/my_roobot_interfaces/srv/detail/compute_rectangle_area__functions.c
[0.474s] -- Up-to-date: /home/ros2_ws/src/my_roobot_interfaces/install/my_roobot_interfaces/include/my_roobot_interfaces/my_roobot_interfaces/msg
[0.474s] -- Up-to-date: /home/ros2_ws/src/my_roobot_interfaces/install/my_roobot_interfaces/include/my_roobot_interfaces/my_roobot_interfaces/msg/hardware_status.h
[0.474s] -- Up-to-date: /home/ros2_ws/src/my_roobot_interfaces/install/my_roobot_interfaces/include/my_roobot_interfaces/my_roobot_interfaces/msg/led_state_array.h
[0.474s] -- Up-to-date: /home/ros2_ws/src/my_roobot_interfaces/install/my_roobot_interfaces/include/my_roobot_interfaces/my_roobot_interfaces/msg/rosidl_generator_c__visibility_control.h
[0.474s] -- Up-to-date: /home/ros2_ws/src/my_roobot_interfaces/install/my_roobot_interfaces/include/my_roobot_interfaces/my_roobot_interfaces/msg/detail
[0.474s] -- Up-to-date: /home/ros2_ws/src/my_roobot_interfaces/install/my_roobot_interfaces/include/my_roobot_interfaces/my_roobot_interfaces/msg/detail/hardware_status__struct.h
[0.474s] -- Up-to-date: /home/ros2_ws/src/my_roobot_interfaces/install/my_roobot_interfaces/include/my_roobot_interfaces/my_roobot_interfaces/msg/detail/led_state_array__struct.h
[0.474s] -- Up-to-date: /home/ros2_ws/src/my_roobot_interfaces/install/my_roobot_interfaces/include/my_roobot_interfaces/my_roobot_interfaces/msg/detail/hardware_status__type_support.h
[0.474s] -- Up-to-date: /home/ros2_ws/src/my_roobot_interfaces/install/my_roobot_interfaces/include/my_roobot_interfaces/my_roobot_interfaces/msg/detail/led_state_array__functions.h
[0.474s] -- Up-to-date: /home/ros2_ws/src/my_roobot_interfaces/install/my_roobot_interfaces/include/my_roobot_interfaces/my_roobot_interfaces/msg/detail/led_state_array__functions.c
[0.474s] -- Up-to-date: /home/ros2_ws/src/my_roobot_interfaces/install/my_roobot_interfaces/include/my_roobot_interfaces/my_roobot_interfaces/msg/detail/led_state_array__type_support.h
[0.474s] -- Up-to-date: /home/ros2_ws/src/my_roobot_interfaces/install/my_roobot_interfaces/include/my_roobot_interfaces/my_roobot_interfaces/msg/detail/hardware_status__functions.c
[0.474s] -- Up-to-date: /home/ros2_ws/src/my_roobot_interfaces/install/my_roobot_interfaces/include/my_roobot_interfaces/my_roobot_interfaces/msg/detail/hardware_status__functions.h
[0.474s] -- Up-to-date: /home/ros2_ws/src/my_roobot_interfaces/install/my_roobot_interfaces/share/my_roobot_interfaces/environment/library_path.sh
[0.474s] -- Up-to-date: /home/ros2_ws/src/my_roobot_interfaces/install/my_roobot_interfaces/share/my_roobot_interfaces/environment/library_path.dsv
[0.474s] -- Up-to-date: /home/ros2_ws/src/my_roobot_interfaces/install/my_roobot_interfaces/lib/libmy_roobot_interfaces__rosidl_generator_c.so
[0.475s] -- Up-to-date: /home/ros2_ws/src/my_roobot_interfaces/install/my_roobot_interfaces/include/my_roobot_interfaces/my_roobot_interfaces
[0.475s] -- Up-to-date: /home/ros2_ws/src/my_roobot_interfaces/install/my_roobot_interfaces/include/my_roobot_interfaces/my_roobot_interfaces/srv
[0.475s] -- Up-to-date: /home/ros2_ws/src/my_roobot_interfaces/install/my_roobot_interfaces/include/my_roobot_interfaces/my_roobot_interfaces/srv/detail
[0.475s] -- Up-to-date: /home/ros2_ws/src/my_roobot_interfaces/install/my_roobot_interfaces/include/my_roobot_interfaces/my_roobot_interfaces/srv/detail/compute_rectangle_area__rosidl_typesupport_fastrtps_c.h
[0.475s] -- Up-to-date: /home/ros2_ws/src/my_roobot_interfaces/install/my_roobot_interfaces/include/my_roobot_interfaces/my_roobot_interfaces/srv/detail/set_led__rosidl_typesupport_fastrtps_c.h
[0.475s] -- Up-to-date: /home/ros2_ws/src/my_roobot_interfaces/install/my_roobot_interfaces/include/my_roobot_interfaces/my_roobot_interfaces/msg
[0.475s] -- Up-to-date: /home/ros2_ws/src/my_roobot_interfaces/install/my_roobot_interfaces/include/my_roobot_interfaces/my_roobot_interfaces/msg/rosidl_typesupport_fastrtps_c__visibility_control.h
[0.475s] -- Up-to-date: /home/ros2_ws/src/my_roobot_interfaces/install/my_roobot_interfaces/include/my_roobot_interfaces/my_roobot_interfaces/msg/detail
[0.475s] -- Up-to-date: /home/ros2_ws/src/my_roobot_interfaces/install/my_roobot_interfaces/include/my_roobot_interfaces/my_roobot_interfaces/msg/detail/led_state_array__rosidl_typesupport_fastrtps_c.h
[0.475s] -- Up-to-date: /home/ros2_ws/src/my_roobot_interfaces/install/my_roobot_interfaces/include/my_roobot_interfaces/my_roobot_interfaces/msg/detail/hardware_status__rosidl_typesupport_fastrtps_c.h
[0.475s] -- Up-to-date: /home/ros2_ws/src/my_roobot_interfaces/install/my_roobot_interfaces/lib/libmy_roobot_interfaces__rosidl_typesupport_fastrtps_c.so
[0.475s] -- Up-to-date: /home/ros2_ws/src/my_roobot_interfaces/install/my_roobot_interfaces/include/my_roobot_interfaces/my_roobot_interfaces
[0.475s] -- Up-to-date: /home/ros2_ws/src/my_roobot_interfaces/install/my_roobot_interfaces/include/my_roobot_interfaces/my_roobot_interfaces/srv
[0.475s] -- Up-to-date: /home/ros2_ws/src/my_roobot_interfaces/install/my_roobot_interfaces/include/my_roobot_interfaces/my_roobot_interfaces/srv/detail
[0.475s] -- Up-to-date: /home/ros2_ws/src/my_roobot_interfaces/install/my_roobot_interfaces/include/my_roobot_interfaces/my_roobot_interfaces/srv/detail/compute_rectangle_area__type_support.c
[0.475s] -- Up-to-date: /home/ros2_ws/src/my_roobot_interfaces/install/my_roobot_interfaces/include/my_roobot_interfaces/my_roobot_interfaces/srv/detail/compute_rectangle_area__rosidl_typesupport_introspection_c.h
[0.475s] -- Up-to-date: /home/ros2_ws/src/my_roobot_interfaces/install/my_roobot_interfaces/include/my_roobot_interfaces/my_roobot_interfaces/srv/detail/set_led__type_support.c
[0.475s] -- Up-to-date: /home/ros2_ws/src/my_roobot_interfaces/install/my_roobot_interfaces/include/my_roobot_interfaces/my_roobot_interfaces/srv/detail/set_led__rosidl_typesupport_introspection_c.h
[0.475s] -- Up-to-date: /home/ros2_ws/src/my_roobot_interfaces/install/my_roobot_interfaces/include/my_roobot_interfaces/my_roobot_interfaces/msg
[0.476s] -- Up-to-date: /home/ros2_ws/src/my_roobot_interfaces/install/my_roobot_interfaces/include/my_roobot_interfaces/my_roobot_interfaces/msg/rosidl_typesupport_introspection_c__visibility_control.h
[0.476s] -- Up-to-date: /home/ros2_ws/src/my_roobot_interfaces/install/my_roobot_interfaces/include/my_roobot_interfaces/my_roobot_interfaces/msg/detail
[0.476s] -- Up-to-date: /home/ros2_ws/src/my_roobot_interfaces/install/my_roobot_interfaces/include/my_roobot_interfaces/my_roobot_interfaces/msg/detail/led_state_array__type_support.c
[0.476s] -- Up-to-date: /home/ros2_ws/src/my_roobot_interfaces/install/my_roobot_interfaces/include/my_roobot_interfaces/my_roobot_interfaces/msg/detail/hardware_status__type_support.c
[0.476s] -- Up-to-date: /home/ros2_ws/src/my_roobot_interfaces/install/my_roobot_interfaces/include/my_roobot_interfaces/my_roobot_interfaces/msg/detail/led_state_array__rosidl_typesupport_introspection_c.h
[0.476s] -- Up-to-date: /home/ros2_ws/src/my_roobot_interfaces/install/my_roobot_interfaces/include/my_roobot_interfaces/my_roobot_interfaces/msg/detail/hardware_status__rosidl_typesupport_introspection_c.h
[0.476s] -- Up-to-date: /home/ros2_ws/src/my_roobot_interfaces/install/my_roobot_interfaces/lib/libmy_roobot_interfaces__rosidl_typesupport_introspection_c.so
[0.476s] -- Up-to-date: /home/ros2_ws/src/my_roobot_interfaces/install/my_roobot_interfaces/lib/libmy_roobot_interfaces__rosidl_typesupport_c.so
[0.476s] -- Up-to-date: /home/ros2_ws/src/my_roobot_interfaces/install/my_roobot_interfaces/include/my_roobot_interfaces/my_roobot_interfaces
[0.476s] -- Up-to-date: /home/ros2_ws/src/my_roobot_interfaces/install/my_roobot_interfaces/include/my_roobot_interfaces/my_roobot_interfaces/srv
[0.476s] -- Up-to-date: /home/ros2_ws/src/my_roobot_interfaces/install/my_roobot_interfaces/include/my_roobot_interfaces/my_roobot_interfaces/srv/compute_rectangle_area.hpp
[0.476s] -- Up-to-date: /home/ros2_ws/src/my_roobot_interfaces/install/my_roobot_interfaces/include/my_roobot_interfaces/my_roobot_interfaces/srv/set_led.hpp
[0.476s] -- Up-to-date: /home/ros2_ws/src/my_roobot_interfaces/install/my_roobot_interfaces/include/my_roobot_interfaces/my_roobot_interfaces/srv/detail
[0.476s] -- Up-to-date: /home/ros2_ws/src/my_roobot_interfaces/install/my_roobot_interfaces/include/my_roobot_interfaces/my_roobot_interfaces/srv/detail/set_led__builder.hpp
[0.477s] -- Up-to-date: /home/ros2_ws/src/my_roobot_interfaces/install/my_roobot_interfaces/include/my_roobot_interfaces/my_roobot_interfaces/srv/detail/set_led__traits.hpp
[0.477s] -- Up-to-date: /home/ros2_ws/src/my_roobot_interfaces/install/my_roobot_interfaces/include/my_roobot_interfaces/my_roobot_interfaces/srv/detail/compute_rectangle_area__traits.hpp
[0.477s] -- Up-to-date: /home/ros2_ws/src/my_roobot_interfaces/install/my_roobot_interfaces/include/my_roobot_interfaces/my_roobot_interfaces/srv/detail/compute_rectangle_area__builder.hpp
[0.477s] -- Up-to-date: /home/ros2_ws/src/my_roobot_interfaces/install/my_roobot_interfaces/include/my_roobot_interfaces/my_roobot_interfaces/srv/detail/set_led__struct.hpp
[0.477s] -- Up-to-date: /home/ros2_ws/src/my_roobot_interfaces/install/my_roobot_interfaces/include/my_roobot_interfaces/my_roobot_interfaces/srv/detail/compute_rectangle_area__struct.hpp
[0.477s] -- Up-to-date: /home/ros2_ws/src/my_roobot_interfaces/install/my_roobot_interfaces/include/my_roobot_interfaces/my_roobot_interfaces/msg
[0.477s] -- Up-to-date: /home/ros2_ws/src/my_roobot_interfaces/install/my_roobot_interfaces/include/my_roobot_interfaces/my_roobot_interfaces/msg/led_state_array.hpp
[0.477s] -- Up-to-date: /home/ros2_ws/src/my_roobot_interfaces/install/my_roobot_interfaces/include/my_roobot_interfaces/my_roobot_interfaces/msg/hardware_status.hpp
[0.477s] -- Up-to-date: /home/ros2_ws/src/my_roobot_interfaces/install/my_roobot_interfaces/include/my_roobot_interfaces/my_roobot_interfaces/msg/detail
[0.477s] -- Up-to-date: /home/ros2_ws/src/my_roobot_interfaces/install/my_roobot_interfaces/include/my_roobot_interfaces/my_roobot_interfaces/msg/detail/led_state_array__builder.hpp
[0.477s] -- Up-to-date: /home/ros2_ws/src/my_roobot_interfaces/install/my_roobot_interfaces/include/my_roobot_interfaces/my_roobot_interfaces/msg/detail/led_state_array__traits.hpp
[0.477s] -- Up-to-date: /home/ros2_ws/src/my_roobot_interfaces/install/my_roobot_interfaces/include/my_roobot_interfaces/my_roobot_interfaces/msg/detail/hardware_status__traits.hpp
[0.477s] -- Up-to-date: /home/ros2_ws/src/my_roobot_interfaces/install/my_roobot_interfaces/include/my_roobot_interfaces/my_roobot_interfaces/msg/detail/led_state_array__struct.hpp
[0.477s] -- Up-to-date: /home/ros2_ws/src/my_roobot_interfaces/install/my_roobot_interfaces/include/my_roobot_interfaces/my_roobot_interfaces/msg/detail/hardware_status__builder.hpp
[0.477s] -- Up-to-date: /home/ros2_ws/src/my_roobot_interfaces/install/my_roobot_interfaces/include/my_roobot_interfaces/my_roobot_interfaces/msg/detail/hardware_status__struct.hpp
[0.478s] -- Up-to-date: /home/ros2_ws/src/my_roobot_interfaces/install/my_roobot_interfaces/include/my_roobot_interfaces/my_roobot_interfaces
[0.478s] -- Up-to-date: /home/ros2_ws/src/my_roobot_interfaces/install/my_roobot_interfaces/include/my_roobot_interfaces/my_roobot_interfaces/srv
[0.478s] -- Up-to-date: /home/ros2_ws/src/my_roobot_interfaces/install/my_roobot_interfaces/include/my_roobot_interfaces/my_roobot_interfaces/srv/detail
[0.478s] -- Up-to-date: /home/ros2_ws/src/my_roobot_interfaces/install/my_roobot_interfaces/include/my_roobot_interfaces/my_roobot_interfaces/srv/detail/set_led__rosidl_typesupport_fastrtps_cpp.hpp
[0.478s] -- Up-to-date: /home/ros2_ws/src/my_roobot_interfaces/install/my_roobot_interfaces/include/my_roobot_interfaces/my_roobot_interfaces/srv/detail/compute_rectangle_area__rosidl_typesupport_fastrtps_cpp.hpp
[0.478s] -- Up-to-date: /home/ros2_ws/src/my_roobot_interfaces/install/my_roobot_interfaces/include/my_roobot_interfaces/my_roobot_interfaces/srv/detail/dds_fastrtps
[0.478s] -- Up-to-date: /home/ros2_ws/src/my_roobot_interfaces/install/my_roobot_interfaces/include/my_roobot_interfaces/my_roobot_interfaces/msg
[0.478s] -- Up-to-date: /home/ros2_ws/src/my_roobot_interfaces/install/my_roobot_interfaces/include/my_roobot_interfaces/my_roobot_interfaces/msg/rosidl_typesupport_fastrtps_cpp__visibility_control.h
[0.478s] -- Up-to-date: /home/ros2_ws/src/my_roobot_interfaces/install/my_roobot_interfaces/include/my_roobot_interfaces/my_roobot_interfaces/msg/detail
[0.478s] -- Up-to-date: /home/ros2_ws/src/my_roobot_interfaces/install/my_roobot_interfaces/include/my_roobot_interfaces/my_roobot_interfaces/msg/detail/hardware_status__rosidl_typesupport_fastrtps_cpp.hpp
[0.478s] -- Up-to-date: /home/ros2_ws/src/my_roobot_interfaces/install/my_roobot_interfaces/include/my_roobot_interfaces/my_roobot_interfaces/msg/detail/dds_fastrtps
[0.478s] -- Up-to-date: /home/ros2_ws/src/my_roobot_interfaces/install/my_roobot_interfaces/include/my_roobot_interfaces/my_roobot_interfaces/msg/detail/led_state_array__rosidl_typesupport_fastrtps_cpp.hpp
[0.478s] -- Up-to-date: /home/ros2_ws/src/my_roobot_interfaces/install/my_roobot_interfaces/lib/libmy_roobot_interfaces__rosidl_typesupport_fastrtps_cpp.so
[0.478s] -- Up-to-date: /home/ros2_ws/src/my_roobot_interfaces/install/my_roobot_interfaces/include/my_roobot_interfaces/my_roobot_interfaces
[0.478s] -- Up-to-date: /home/ros2_ws/src/my_roobot_interfaces/install/my_roobot_interfaces/include/my_roobot_interfaces/my_roobot_interfaces/srv
[0.479s] -- Up-to-date: /home/ros2_ws/src/my_roobot_interfaces/install/my_roobot_interfaces/include/my_roobot_interfaces/my_roobot_interfaces/srv/detail
[0.479s] -- Up-to-date: /home/ros2_ws/src/my_roobot_interfaces/install/my_roobot_interfaces/include/my_roobot_interfaces/my_roobot_interfaces/srv/detail/compute_rectangle_area__type_support.cpp
[0.479s] -- Up-to-date: /home/ros2_ws/src/my_roobot_interfaces/install/my_roobot_interfaces/include/my_roobot_interfaces/my_roobot_interfaces/srv/detail/compute_rectangle_area__rosidl_typesupport_introspection_cpp.hpp
[0.479s] -- Up-to-date: /home/ros2_ws/src/my_roobot_interfaces/install/my_roobot_interfaces/include/my_roobot_interfaces/my_roobot_interfaces/srv/detail/set_led__rosidl_typesupport_introspection_cpp.hpp
[0.479s] -- Up-to-date: /home/ros2_ws/src/my_roobot_interfaces/install/my_roobot_interfaces/include/my_roobot_interfaces/my_roobot_interfaces/srv/detail/set_led__type_support.cpp
[0.479s] -- Up-to-date: /home/ros2_ws/src/my_roobot_interfaces/install/my_roobot_interfaces/include/my_roobot_interfaces/my_roobot_interfaces/msg
[0.479s] -- Up-to-date: /home/ros2_ws/src/my_roobot_interfaces/install/my_roobot_interfaces/include/my_roobot_interfaces/my_roobot_interfaces/msg/detail
[0.479s] -- Up-to-date: /home/ros2_ws/src/my_roobot_interfaces/install/my_roobot_interfaces/include/my_roobot_interfaces/my_roobot_interfaces/msg/detail/led_state_array__type_support.cpp
[0.479s] -- Up-to-date: /home/ros2_ws/src/my_roobot_interfaces/install/my_roobot_interfaces/include/my_roobot_interfaces/my_roobot_interfaces/msg/detail/hardware_status__type_support.cpp
[0.479s] -- Up-to-date: /home/ros2_ws/src/my_roobot_interfaces/install/my_roobot_interfaces/include/my_roobot_interfaces/my_roobot_interfaces/msg/detail/hardware_status__rosidl_typesupport_introspection_cpp.hpp
[0.479s] -- Up-to-date: /home/ros2_ws/src/my_roobot_interfaces/install/my_roobot_interfaces/include/my_roobot_interfaces/my_roobot_interfaces/msg/detail/led_state_array__rosidl_typesupport_introspection_cpp.hpp
[0.479s] -- Up-to-date: /home/ros2_ws/src/my_roobot_interfaces/install/my_roobot_interfaces/lib/libmy_roobot_interfaces__rosidl_typesupport_introspection_cpp.so
[0.479s] -- Up-to-date: /home/ros2_ws/src/my_roobot_interfaces/install/my_roobot_interfaces/lib/libmy_roobot_interfaces__rosidl_typesupport_cpp.so
[0.479s] -- Up-to-date: /home/ros2_ws/src/my_roobot_interfaces/install/my_roobot_interfaces/share/my_roobot_interfaces/environment/pythonpath.sh
[0.479s] -- Up-to-date: /home/ros2_ws/src/my_roobot_interfaces/install/my_roobot_interfaces/share/my_roobot_interfaces/environment/pythonpath.dsv
[0.479s] -- Up-to-date: /home/ros2_ws/src/my_roobot_interfaces/install/my_roobot_interfaces/local/lib/python3.10/dist-packages/my_roobot_interfaces-0.0.0-py3.10.egg-info
[0.479s] -- Installing: /home/ros2_ws/src/my_roobot_interfaces/install/my_roobot_interfaces/local/lib/python3.10/dist-packages/my_roobot_interfaces-0.0.0-py3.10.egg-info/top_level.txt
[0.479s] -- Installing: /home/ros2_ws/src/my_roobot_interfaces/install/my_roobot_interfaces/local/lib/python3.10/dist-packages/my_roobot_interfaces-0.0.0-py3.10.egg-info/dependency_links.txt
[0.479s] -- Installing: /home/ros2_ws/src/my_roobot_interfaces/install/my_roobot_interfaces/local/lib/python3.10/dist-packages/my_roobot_interfaces-0.0.0-py3.10.egg-info/SOURCES.txt
[0.479s] -- Installing: /home/ros2_ws/src/my_roobot_interfaces/install/my_roobot_interfaces/local/lib/python3.10/dist-packages/my_roobot_interfaces-0.0.0-py3.10.egg-info/PKG-INFO
[0.479s] -- Up-to-date: /home/ros2_ws/src/my_roobot_interfaces/install/my_roobot_interfaces/local/lib/python3.10/dist-packages/my_roobot_interfaces
[0.480s] -- Up-to-date: /home/ros2_ws/src/my_roobot_interfaces/install/my_roobot_interfaces/local/lib/python3.10/dist-packages/my_roobot_interfaces/my_roobot_interfaces_s__rosidl_typesupport_introspection_c.cpython-310-x86_64-linux-gnu.so
[0.480s] -- Up-to-date: /home/ros2_ws/src/my_roobot_interfaces/install/my_roobot_interfaces/local/lib/python3.10/dist-packages/my_roobot_interfaces/srv
[0.480s] -- Up-to-date: /home/ros2_ws/src/my_roobot_interfaces/install/my_roobot_interfaces/local/lib/python3.10/dist-packages/my_roobot_interfaces/srv/_set_led.py
[0.480s] -- Up-to-date: /home/ros2_ws/src/my_roobot_interfaces/install/my_roobot_interfaces/local/lib/python3.10/dist-packages/my_roobot_interfaces/srv/_set_led_s.c
[0.480s] -- Up-to-date: /home/ros2_ws/src/my_roobot_interfaces/install/my_roobot_interfaces/local/lib/python3.10/dist-packages/my_roobot_interfaces/srv/_compute_rectangle_area_s.c
[0.480s] -- Up-to-date: /home/ros2_ws/src/my_roobot_interfaces/install/my_roobot_interfaces/local/lib/python3.10/dist-packages/my_roobot_interfaces/srv/_compute_rectangle_area.py
[0.480s] -- Up-to-date: /home/ros2_ws/src/my_roobot_interfaces/install/my_roobot_interfaces/local/lib/python3.10/dist-packages/my_roobot_interfaces/srv/__init__.py
[0.480s] -- Up-to-date: /home/ros2_ws/src/my_roobot_interfaces/install/my_roobot_interfaces/local/lib/python3.10/dist-packages/my_roobot_interfaces/my_roobot_interfaces_s__rosidl_typesupport_fastrtps_c.cpython-310-x86_64-linux-gnu.so
[0.480s] -- Up-to-date: /home/ros2_ws/src/my_roobot_interfaces/install/my_roobot_interfaces/local/lib/python3.10/dist-packages/my_roobot_interfaces/_my_roobot_interfaces_s.ep.rosidl_typesupport_introspection_c.c
[0.480s] -- Up-to-date: /home/ros2_ws/src/my_roobot_interfaces/install/my_roobot_interfaces/local/lib/python3.10/dist-packages/my_roobot_interfaces/my_roobot_interfaces_s__rosidl_typesupport_c.cpython-310-x86_64-linux-gnu.so
[0.480s] -- Up-to-date: /home/ros2_ws/src/my_roobot_interfaces/install/my_roobot_interfaces/local/lib/python3.10/dist-packages/my_roobot_interfaces/libmy_roobot_interfaces__rosidl_generator_py.so
[0.480s] -- Up-to-date: /home/ros2_ws/src/my_roobot_interfaces/install/my_roobot_interfaces/local/lib/python3.10/dist-packages/my_roobot_interfaces/msg
[0.480s] -- Up-to-date: /home/ros2_ws/src/my_roobot_interfaces/install/my_roobot_interfaces/local/lib/python3.10/dist-packages/my_roobot_interfaces/msg/_led_state_array.py
[0.480s] -- Up-to-date: /home/ros2_ws/src/my_roobot_interfaces/install/my_roobot_interfaces/local/lib/python3.10/dist-packages/my_roobot_interfaces/msg/_led_state_array_s.c
[0.480s] -- Up-to-date: /home/ros2_ws/src/my_roobot_interfaces/install/my_roobot_interfaces/local/lib/python3.10/dist-packages/my_roobot_interfaces/msg/_hardware_status_s.c
[0.480s] -- Up-to-date: /home/ros2_ws/src/my_roobot_interfaces/install/my_roobot_interfaces/local/lib/python3.10/dist-packages/my_roobot_interfaces/msg/__init__.py
[0.480s] -- Up-to-date: /home/ros2_ws/src/my_roobot_interfaces/install/my_roobot_interfaces/local/lib/python3.10/dist-packages/my_roobot_interfaces/msg/_hardware_status.py
[0.480s] -- Up-to-date: /home/ros2_ws/src/my_roobot_interfaces/install/my_roobot_interfaces/local/lib/python3.10/dist-packages/my_roobot_interfaces/_my_roobot_interfaces_s.ep.rosidl_typesupport_c.c
[0.480s] -- Up-to-date: /home/ros2_ws/src/my_roobot_interfaces/install/my_roobot_interfaces/local/lib/python3.10/dist-packages/my_roobot_interfaces/_my_roobot_interfaces_s.ep.rosidl_typesupport_fastrtps_c.c
[0.481s] -- Up-to-date: /home/ros2_ws/src/my_roobot_interfaces/install/my_roobot_interfaces/local/lib/python3.10/dist-packages/my_roobot_interfaces/__init__.py
[0.504s] Listing '/home/ros2_ws/src/my_roobot_interfaces/install/my_roobot_interfaces/local/lib/python3.10/dist-packages/my_roobot_interfaces'...
[0.504s] Listing '/home/ros2_ws/src/my_roobot_interfaces/install/my_roobot_interfaces/local/lib/python3.10/dist-packages/my_roobot_interfaces/msg'...
[0.504s] Listing '/home/ros2_ws/src/my_roobot_interfaces/install/my_roobot_interfaces/local/lib/python3.10/dist-packages/my_roobot_interfaces/srv'...
[0.507s] -- Up-to-date: /home/ros2_ws/src/my_roobot_interfaces/install/my_roobot_interfaces/local/lib/python3.10/dist-packages/my_roobot_interfaces/my_roobot_interfaces_s__rosidl_typesupport_fastrtps_c.cpython-310-x86_64-linux-gnu.so
[0.508s] -- Up-to-date: /home/ros2_ws/src/my_roobot_interfaces/install/my_roobot_interfaces/local/lib/python3.10/dist-packages/my_roobot_interfaces/my_roobot_interfaces_s__rosidl_typesupport_introspection_c.cpython-310-x86_64-linux-gnu.so
[0.508s] -- Up-to-date: /home/ros2_ws/src/my_roobot_interfaces/install/my_roobot_interfaces/local/lib/python3.10/dist-packages/my_roobot_interfaces/my_roobot_interfaces_s__rosidl_typesupport_c.cpython-310-x86_64-linux-gnu.so
[0.508s] -- Up-to-date: /home/ros2_ws/src/my_roobot_interfaces/install/my_roobot_interfaces/lib/libmy_roobot_interfaces__rosidl_generator_py.so
[0.509s] -- Up-to-date: /home/ros2_ws/src/my_roobot_interfaces/install/my_roobot_interfaces/share/my_roobot_interfaces/msg/HardwareStatus.idl
[0.509s] -- Up-to-date: /home/ros2_ws/src/my_roobot_interfaces/install/my_roobot_interfaces/share/my_roobot_interfaces/msg/LedStateArray.idl
[0.509s] -- Up-to-date: /home/ros2_ws/src/my_roobot_interfaces/install/my_roobot_interfaces/share/my_roobot_interfaces/srv/ComputeRectangleArea.idl
[0.509s] -- Up-to-date: /home/ros2_ws/src/my_roobot_interfaces/install/my_roobot_interfaces/share/my_roobot_interfaces/srv/SetLed.idl
[0.509s] -- Up-to-date: /home/ros2_ws/src/my_roobot_interfaces/install/my_roobot_interfaces/share/my_roobot_interfaces/msg/HardwareStatus.msg
[0.509s] -- Up-to-date: /home/ros2_ws/src/my_roobot_interfaces/install/my_roobot_interfaces/share/my_roobot_interfaces/msg/LedStateArray.msg
[0.509s] -- Up-to-date: /home/ros2_ws/src/my_roobot_interfaces/install/my_roobot_interfaces/share/my_roobot_interfaces/srv/ComputeRectangleArea.srv
[0.509s] -- Up-to-date: /home/ros2_ws/src/my_roobot_interfaces/install/my_roobot_interfaces/share/my_roobot_interfaces/srv/ComputeRectangleArea_Request.msg
[0.509s] -- Up-to-date: /home/ros2_ws/src/my_roobot_interfaces/install/my_roobot_interfaces/share/my_roobot_interfaces/srv/ComputeRectangleArea_Response.msg
[0.509s] -- Up-to-date: /home/ros2_ws/src/my_roobot_interfaces/install/my_roobot_interfaces/share/my_roobot_interfaces/srv/SetLed.srv
[0.510s] -- Up-to-date: /home/ros2_ws/src/my_roobot_interfaces/install/my_roobot_interfaces/share/my_roobot_interfaces/srv/SetLed_Request.msg
[0.510s] -- Up-to-date: /home/ros2_ws/src/my_roobot_interfaces/install/my_roobot_interfaces/share/my_roobot_interfaces/srv/SetLed_Response.msg
[0.510s] -- Up-to-date: /home/ros2_ws/src/my_roobot_interfaces/install/my_roobot_interfaces/share/ament_index/resource_index/package_run_dependencies/my_roobot_interfaces
[0.510s] -- Up-to-date: /home/ros2_ws/src/my_roobot_interfaces/install/my_roobot_interfaces/share/ament_index/resource_index/parent_prefix_path/my_roobot_interfaces
[0.510s] -- Up-to-date: /home/ros2_ws/src/my_roobot_interfaces/install/my_roobot_interfaces/share/my_roobot_interfaces/environment/ament_prefix_path.sh
[0.510s] -- Up-to-date: /home/ros2_ws/src/my_roobot_interfaces/install/my_roobot_interfaces/share/my_roobot_interfaces/environment/ament_prefix_path.dsv
[0.510s] -- Up-to-date: /home/ros2_ws/src/my_roobot_interfaces/install/my_roobot_interfaces/share/my_roobot_interfaces/environment/path.sh
[0.510s] -- Up-to-date: /home/ros2_ws/src/my_roobot_interfaces/install/my_roobot_interfaces/share/my_roobot_interfaces/environment/path.dsv
[0.510s] -- Up-to-date: /home/ros2_ws/src/my_roobot_interfaces/install/my_roobot_interfaces/share/my_roobot_interfaces/local_setup.bash
[0.510s] -- Up-to-date: /home/ros2_ws/src/my_roobot_interfaces/install/my_roobot_interfaces/share/my_roobot_interfaces/local_setup.sh
[0.511s] -- Up-to-date: /home/ros2_ws/src/my_roobot_interfaces/install/my_roobot_interfaces/share/my_roobot_interfaces/local_setup.zsh
[0.511s] -- Up-to-date: /home/ros2_ws/src/my_roobot_interfaces/install/my_roobot_interfaces/share/my_roobot_interfaces/local_setup.dsv
[0.511s] -- Installing: /home/ros2_ws/src/my_roobot_interfaces/install/my_roobot_interfaces/share/my_roobot_interfaces/package.dsv
[0.511s] -- Up-to-date: /home/ros2_ws/src/my_roobot_interfaces/install/my_roobot_interfaces/share/ament_index/resource_index/packages/my_roobot_interfaces
[0.511s] -- Up-to-date: /home/ros2_ws/src/my_roobot_interfaces/install/my_roobot_interfaces/share/my_roobot_interfaces/cmake/export_my_roobot_interfaces__rosidl_generator_cExport.cmake
[0.511s] -- Up-to-date: /home/ros2_ws/src/my_roobot_interfaces/install/my_roobot_interfaces/share/my_roobot_interfaces/cmake/export_my_roobot_interfaces__rosidl_generator_cExport-noconfig.cmake
[0.511s] -- Up-to-date: /home/ros2_ws/src/my_roobot_interfaces/install/my_roobot_interfaces/share/my_roobot_interfaces/cmake/export_my_roobot_interfaces__rosidl_typesupport_fastrtps_cExport.cmake
[0.511s] -- Up-to-date: /home/ros2_ws/src/my_roobot_interfaces/install/my_roobot_interfaces/share/my_roobot_interfaces/cmake/export_my_roobot_interfaces__rosidl_typesupport_fastrtps_cExport-noconfig.cmake
[0.511s] -- Up-to-date: /home/ros2_ws/src/my_roobot_interfaces/install/my_roobot_interfaces/share/my_roobot_interfaces/cmake/my_roobot_interfaces__rosidl_typesupport_introspection_cExport.cmake
[0.511s] -- Up-to-date: /home/ros2_ws/src/my_roobot_interfaces/install/my_roobot_interfaces/share/my_roobot_interfaces/cmake/my_roobot_interfaces__rosidl_typesupport_introspection_cExport-noconfig.cmake
[0.511s] -- Up-to-date: /home/ros2_ws/src/my_roobot_interfaces/install/my_roobot_interfaces/share/my_roobot_interfaces/cmake/my_roobot_interfaces__rosidl_typesupport_cExport.cmake
[0.511s] -- Up-to-date: /home/ros2_ws/src/my_roobot_interfaces/install/my_roobot_interfaces/share/my_roobot_interfaces/cmake/my_roobot_interfaces__rosidl_typesupport_cExport-noconfig.cmake
[0.511s] -- Up-to-date: /home/ros2_ws/src/my_roobot_interfaces/install/my_roobot_interfaces/share/my_roobot_interfaces/cmake/export_my_roobot_interfaces__rosidl_generator_cppExport.cmake
[0.511s] -- Up-to-date: /home/ros2_ws/src/my_roobot_interfaces/install/my_roobot_interfaces/share/my_roobot_interfaces/cmake/export_my_roobot_interfaces__rosidl_typesupport_fastrtps_cppExport.cmake
[0.512s] -- Up-to-date: /home/ros2_ws/src/my_roobot_interfaces/install/my_roobot_interfaces/share/my_roobot_interfaces/cmake/export_my_roobot_interfaces__rosidl_typesupport_fastrtps_cppExport-noconfig.cmake
[0.512s] -- Up-to-date: /home/ros2_ws/src/my_roobot_interfaces/install/my_roobot_interfaces/share/my_roobot_interfaces/cmake/my_roobot_interfaces__rosidl_typesupport_introspection_cppExport.cmake
[0.512s] -- Up-to-date: /home/ros2_ws/src/my_roobot_interfaces/install/my_roobot_interfaces/share/my_roobot_interfaces/cmake/my_roobot_interfaces__rosidl_typesupport_introspection_cppExport-noconfig.cmake
[0.512s] -- Up-to-date: /home/ros2_ws/src/my_roobot_interfaces/install/my_roobot_interfaces/share/my_roobot_interfaces/cmake/my_roobot_interfaces__rosidl_typesupport_cppExport.cmake
[0.512s] -- Up-to-date: /home/ros2_ws/src/my_roobot_interfaces/install/my_roobot_interfaces/share/my_roobot_interfaces/cmake/my_roobot_interfaces__rosidl_typesupport_cppExport-noconfig.cmake
[0.512s] -- Up-to-date: /home/ros2_ws/src/my_roobot_interfaces/install/my_roobot_interfaces/share/my_roobot_interfaces/cmake/export_my_roobot_interfaces__rosidl_generator_pyExport.cmake
[0.512s] -- Up-to-date: /home/ros2_ws/src/my_roobot_interfaces/install/my_roobot_interfaces/share/my_roobot_interfaces/cmake/export_my_roobot_interfaces__rosidl_generator_pyExport-noconfig.cmake
[0.512s] -- Up-to-date: /home/ros2_ws/src/my_roobot_interfaces/install/my_roobot_interfaces/share/my_roobot_interfaces/cmake/rosidl_cmake-extras.cmake
[0.512s] -- Up-to-date: /home/ros2_ws/src/my_roobot_interfaces/install/my_roobot_interfaces/share/my_roobot_interfaces/cmake/ament_cmake_export_include_directories-extras.cmake
[0.513s] -- Up-to-date: /home/ros2_ws/src/my_roobot_interfaces/install/my_roobot_interfaces/share/my_roobot_interfaces/cmake/ament_cmake_export_libraries-extras.cmake
[0.513s] -- Up-to-date: /home/ros2_ws/src/my_roobot_interfaces/install/my_roobot_interfaces/share/my_roobot_interfaces/cmake/ament_cmake_export_targets-extras.cmake
[0.513s] -- Up-to-date: /home/ros2_ws/src/my_roobot_interfaces/install/my_roobot_interfaces/share/my_roobot_interfaces/cmake/rosidl_cmake_export_typesupport_targets-extras.cmake
[0.513s] -- Up-to-date: /home/ros2_ws/src/my_roobot_interfaces/install/my_roobot_interfaces/share/my_roobot_interfaces/cmake/ament_cmake_export_dependencies-extras.cmake
[0.513s] -- Up-to-date: /home/ros2_ws/src/my_roobot_interfaces/install/my_roobot_interfaces/share/my_roobot_interfaces/cmake/rosidl_cmake_export_typesupport_libraries-extras.cmake
[0.513s] -- Up-to-date: /home/ros2_ws/src/my_roobot_interfaces/install/my_roobot_interfaces/share/my_roobot_interfaces/cmake/my_roobot_interfacesConfig.cmake
[0.516s] -- Up-to-date: /home/ros2_ws/src/my_roobot_interfaces/install/my_roobot_interfaces/share/my_roobot_interfaces/cmake/my_roobot_interfacesConfig-version.cmake
[0.516s] -- Up-to-date: /home/ros2_ws/src/my_roobot_interfaces/install/my_roobot_interfaces/share/my_roobot_interfaces/package.xml
[0.517s] Invoked command in '/home/ros2_ws/src/my_roobot_interfaces/build/my_roobot_interfaces' returned '0': CMAKE_PREFIX_PATH=${CMAKE_PREFIX_PATH}:/home/ros2_ws/install/my_py_pkg:/opt/ros/humble /usr/bin/cmake --install /home/ros2_ws/src/my_roobot_interfaces/build/my_roobot_interfaces
