[0.017s] Invoking command in '/home/ros2_ws/build/my_roobot_interfaces': CMAKE_PREFIX_PATH=${CMAKE_PREFIX_PATH}:/home/ros2_ws/install/my_py_pkg:/opt/ros/humble /usr/bin/cmake --build /home/ros2_ws/build/my_roobot_interfaces -- -j2 -l2
[0.048s] -- Found ament_cmake: 1.3.5 (/opt/ros/humble/share/ament_cmake/cmake)
[0.186s] -- Found rosidl_default_generators: 1.2.0 (/opt/ros/humble/share/rosidl_default_generators/cmake)
[0.188s] -- Using all available rosidl_typesupport_c: rosidl_typesupport_fastrtps_c;rosidl_typesupport_introspection_c
[0.191s] -- Found rosidl_adapter: 3.1.4 (/opt/ros/humble/share/rosidl_adapter/cmake)
[0.444s] -- Using all available rosidl_typesupport_cpp: rosidl_typesupport_fastrtps_cpp;rosidl_typesupport_introspection_cpp
[0.714s] -- Found ament_cmake_ros: 0.10.0 (/opt/ros/humble/share/ament_cmake_ros/cmake)
[0.891s] -- Using all available rosidl_typesupport_c: rosidl_typesupport_fastrtps_c;rosidl_typesupport_introspection_c
[1.117s] -- Using all available rosidl_typesupport_cpp: rosidl_typesupport_fastrtps_cpp;rosidl_typesupport_introspection_cpp
[1.140s] -- Found python_cmake_module: 0.10.0 (/opt/ros/humble/share/python_cmake_module/cmake)
[1.160s] -- Using PYTHON_EXECUTABLE: /usr/bin/python3
[1.161s] -- Using PYTHON_INCLUDE_DIRS: /usr/include/python3.10
[1.161s] -- Using PYTHON_LIBRARIES: /usr/lib/x86_64-linux-gnu/libpython3.10.so
[1.177s] -- Configuring done
[1.212s] -- Generating done
[1.215s] -- Build files have been written to: /home/ros2_ws/build/my_roobot_interfaces
[1.243s] [  2%] [34m[1mGenerating C code for ROS interfaces[0m
[1.255s] [  5%] [34m[1mGenerating C++ code for ROS interfaces[0m
[1.661s] [  5%] Built target my_roobot_interfaces__cpp
[1.668s] [35m[1mConsolidate compiler generated dependencies of target my_roobot_interfaces__rosidl_generator_c[0m
[1.679s] [  7%] [32mBuilding C object CMakeFiles/my_roobot_interfaces__rosidl_generator_c.dir/rosidl_generator_c/my_roobot_interfaces/msg/detail/hardware_status__functions.c.o[0m
[1.689s] [  7%] Built target ament_cmake_python_copy_my_roobot_interfaces
[1.699s] [ 10%] [34m[1mGenerating C++ type support dispatch for ROS interfaces[0m
[1.843s] [ 12%] [32mBuilding C object CMakeFiles/my_roobot_interfaces__rosidl_generator_c.dir/rosidl_generator_c/my_roobot_interfaces/srv/detail/compute_rectangle_area__functions.c.o[0m
[1.898s] [ 15%] [32m[1mLinking C shared library libmy_roobot_interfaces__rosidl_generator_c.so[0m
[1.987s] [35m[1mConsolidate compiler generated dependencies of target my_roobot_interfaces__rosidl_typesupport_cpp[0m
[2.001s] [ 17%] [32mBuilding CXX object CMakeFiles/my_roobot_interfaces__rosidl_typesupport_cpp.dir/rosidl_typesupport_cpp/my_roobot_interfaces/msg/hardware_status__type_support.cpp.o[0m
[2.126s] [ 17%] Built target my_roobot_interfaces__rosidl_generator_c
[2.134s] [ 20%] [34m[1mGenerating C++ type support for eProsima Fast-RTPS[0m
[2.456s] [ 23%] [32mBuilding CXX object CMakeFiles/my_roobot_interfaces__rosidl_typesupport_cpp.dir/rosidl_typesupport_cpp/my_roobot_interfaces/srv/compute_rectangle_area__type_support.cpp.o[0m
[2.474s] [35m[1mConsolidate compiler generated dependencies of target my_roobot_interfaces__rosidl_typesupport_fastrtps_cpp[0m
[2.485s] [ 25%] [32mBuilding CXX object CMakeFiles/my_roobot_interfaces__rosidl_typesupport_fastrtps_cpp.dir/rosidl_typesupport_fastrtps_cpp/my_roobot_interfaces/msg/detail/dds_fastrtps/hardware_status__type_support.cpp.o[0m
[2.733s] [ 28%] [32m[1mLinking CXX shared library libmy_roobot_interfaces__rosidl_typesupport_cpp.so[0m
[2.954s] [ 28%] Built target my_roobot_interfaces__rosidl_typesupport_cpp
[2.962s] [ 30%] [34m[1mGenerating C++ introspection for ROS interfaces[0m
[2.985s] [ 33%] [32mBuilding CXX object CMakeFiles/my_roobot_interfaces__rosidl_typesupport_fastrtps_cpp.dir/rosidl_typesupport_fastrtps_cpp/my_roobot_interfaces/srv/detail/dds_fastrtps/compute_rectangle_area__type_support.cpp.o[0m
[3.259s] [35m[1mConsolidate compiler generated dependencies of target my_roobot_interfaces__rosidl_typesupport_introspection_cpp[0m
[3.273s] [ 35%] [32mBuilding CXX object CMakeFiles/my_roobot_interfaces__rosidl_typesupport_introspection_cpp.dir/rosidl_typesupport_introspection_cpp/my_roobot_interfaces/msg/detail/hardware_status__type_support.cpp.o[0m
[3.418s] [ 38%] [32m[1mLinking CXX shared library libmy_roobot_interfaces__rosidl_typesupport_fastrtps_cpp.so[0m
[3.698s] [ 38%] Built target my_roobot_interfaces__rosidl_typesupport_fastrtps_cpp
[3.742s] [ 41%] [32mBuilding CXX object CMakeFiles/my_roobot_interfaces__rosidl_typesupport_introspection_cpp.dir/rosidl_typesupport_introspection_cpp/my_roobot_interfaces/srv/detail/compute_rectangle_area__type_support.cpp.o[0m
[3.966s] running egg_info
[3.966s] writing my_roobot_interfaces.egg-info/PKG-INFO
[3.967s] writing dependency_links to my_roobot_interfaces.egg-info/dependency_links.txt
[3.967s] writing top-level names to my_roobot_interfaces.egg-info/top_level.txt
[3.973s] reading manifest file 'my_roobot_interfaces.egg-info/SOURCES.txt'
[3.974s] writing manifest file 'my_roobot_interfaces.egg-info/SOURCES.txt'
[4.013s] [ 41%] Built target ament_cmake_python_build_my_roobot_interfaces_egg
[4.022s] [ 43%] [34m[1mGenerating C type support for eProsima Fast-RTPS[0m
[4.162s] [ 46%] [32m[1mLinking CXX shared library libmy_roobot_interfaces__rosidl_typesupport_introspection_cpp.so[0m
[4.376s] [35m[1mConsolidate compiler generated dependencies of target my_roobot_interfaces__rosidl_typesupport_fastrtps_c[0m
[4.390s] [ 48%] [32mBuilding CXX object CMakeFiles/my_roobot_interfaces__rosidl_typesupport_fastrtps_c.dir/rosidl_typesupport_fastrtps_c/my_roobot_interfaces/msg/detail/hardware_status__type_support_c.cpp.o[0m
[4.415s] [ 48%] Built target my_roobot_interfaces__rosidl_typesupport_introspection_cpp
[4.425s] [ 51%] [34m[1mGenerating C introspection for ROS interfaces[0m
[4.769s] [35m[1mConsolidate compiler generated dependencies of target my_roobot_interfaces__rosidl_typesupport_introspection_c[0m
[4.778s] [ 53%] [32mBuilding CXX object CMakeFiles/my_roobot_interfaces__rosidl_typesupport_fastrtps_c.dir/rosidl_typesupport_fastrtps_c/my_roobot_interfaces/srv/detail/compute_rectangle_area__type_support_c.cpp.o[0m
[4.779s] [ 56%] [32mBuilding C object CMakeFiles/my_roobot_interfaces__rosidl_typesupport_introspection_c.dir/rosidl_typesupport_introspection_c/my_roobot_interfaces/msg/detail/hardware_status__type_support.c.o[0m
[4.811s] [ 58%] [32mBuilding C object CMakeFiles/my_roobot_interfaces__rosidl_typesupport_introspection_c.dir/rosidl_typesupport_introspection_c/my_roobot_interfaces/srv/detail/compute_rectangle_area__type_support.c.o[0m
[4.845s] [ 61%] [32m[1mLinking C shared library libmy_roobot_interfaces__rosidl_typesupport_introspection_c.so[0m
[5.049s] [ 61%] Built target my_roobot_interfaces__rosidl_typesupport_introspection_c
[5.058s] [ 64%] [34m[1mGenerating C type support dispatch for ROS interfaces[0m
[5.154s] [ 66%] [32m[1mLinking CXX shared library libmy_roobot_interfaces__rosidl_typesupport_fastrtps_c.so[0m
[5.383s] [35m[1mConsolidate compiler generated dependencies of target my_roobot_interfaces__rosidl_typesupport_c[0m
[5.395s] [ 69%] [32mBuilding CXX object CMakeFiles/my_roobot_interfaces__rosidl_typesupport_c.dir/rosidl_typesupport_c/my_roobot_interfaces/msg/hardware_status__type_support.cpp.o[0m
[5.421s] [ 69%] Built target my_roobot_interfaces__rosidl_typesupport_fastrtps_c
[5.427s] [ 71%] [32mBuilding CXX object CMakeFiles/my_roobot_interfaces__rosidl_typesupport_c.dir/rosidl_typesupport_c/my_roobot_interfaces/srv/compute_rectangle_area__type_support.cpp.o[0m
[5.458s] [ 74%] [32m[1mLinking CXX shared library libmy_roobot_interfaces__rosidl_typesupport_c.so[0m
[5.691s] [ 74%] Built target my_roobot_interfaces__rosidl_typesupport_c
[5.709s] [ 74%] Built target my_roobot_interfaces
[5.727s] [ 76%] [34m[1mGenerating Python code for ROS interfaces[0m
[6.163s] [ 76%] Built target my_roobot_interfaces__py
[6.173s] [35m[1mConsolidate compiler generated dependencies of target my_roobot_interfaces__rosidl_generator_py[0m
[6.185s] [ 82%] [32mBuilding C object CMakeFiles/my_roobot_interfaces__rosidl_generator_py.dir/rosidl_generator_py/my_roobot_interfaces/msg/_hardware_status_s.c.o[0m
[6.186s] [ 82%] [32mBuilding C object CMakeFiles/my_roobot_interfaces__rosidl_generator_py.dir/rosidl_generator_py/my_roobot_interfaces/srv/_compute_rectangle_area_s.c.o[0m
[6.397s] [ 84%] [32m[1mLinking C shared library rosidl_generator_py/my_roobot_interfaces/libmy_roobot_interfaces__rosidl_generator_py.so[0m
[6.635s] [ 84%] Built target my_roobot_interfaces__rosidl_generator_py
[6.644s] [35m[1mConsolidate compiler generated dependencies of target my_roobot_interfaces__rosidl_typesupport_introspection_c__pyext[0m
[6.644s] [35m[1mConsolidate compiler generated dependencies of target my_roobot_interfaces__rosidl_typesupport_fastrtps_c__pyext[0m
[6.656s] [ 89%] [32mBuilding C object CMakeFiles/my_roobot_interfaces__rosidl_typesupport_introspection_c__pyext.dir/rosidl_generator_py/my_roobot_interfaces/_my_roobot_interfaces_s.ep.rosidl_typesupport_introspection_c.c.o[0m
[6.656s] [ 89%] [32mBuilding C object CMakeFiles/my_roobot_interfaces__rosidl_typesupport_fastrtps_c__pyext.dir/rosidl_generator_py/my_roobot_interfaces/_my_roobot_interfaces_s.ep.rosidl_typesupport_fastrtps_c.c.o[0m
[6.764s] [ 92%] [32m[1mLinking C shared library rosidl_generator_py/my_roobot_interfaces/my_roobot_interfaces_s__rosidl_typesupport_introspection_c.cpython-310-x86_64-linux-gnu.so[0m
[6.770s] [ 94%] [32m[1mLinking C shared library rosidl_generator_py/my_roobot_interfaces/my_roobot_interfaces_s__rosidl_typesupport_fastrtps_c.cpython-310-x86_64-linux-gnu.so[0m
[6.953s] [ 94%] Built target my_roobot_interfaces__rosidl_typesupport_introspection_c__pyext
[6.960s] [ 94%] Built target my_roobot_interfaces__rosidl_typesupport_fastrtps_c__pyext
[6.961s] [35m[1mConsolidate compiler generated dependencies of target my_roobot_interfaces__rosidl_typesupport_c__pyext[0m
[6.974s] [ 97%] [32mBuilding C object CMakeFiles/my_roobot_interfaces__rosidl_typesupport_c__pyext.dir/rosidl_generator_py/my_roobot_interfaces/_my_roobot_interfaces_s.ep.rosidl_typesupport_c.c.o[0m
[7.070s] [100%] [32m[1mLinking C shared library rosidl_generator_py/my_roobot_interfaces/my_roobot_interfaces_s__rosidl_typesupport_c.cpython-310-x86_64-linux-gnu.so[0m
[7.306s] [100%] Built target my_roobot_interfaces__rosidl_typesupport_c__pyext
[7.318s] Invoked command in '/home/ros2_ws/build/my_roobot_interfaces' returned '0': CMAKE_PREFIX_PATH=${CMAKE_PREFIX_PATH}:/home/ros2_ws/install/my_py_pkg:/opt/ros/humble /usr/bin/cmake --build /home/ros2_ws/build/my_roobot_interfaces -- -j2 -l2
[7.409s] Invoking command in '/home/ros2_ws/build/my_roobot_interfaces': CMAKE_PREFIX_PATH=${CMAKE_PREFIX_PATH}:/home/ros2_ws/install/my_py_pkg:/opt/ros/humble /usr/bin/cmake --install /home/ros2_ws/build/my_roobot_interfaces
[7.416s] -- Install configuration: ""
[7.416s] -- Installing: /home/ros2_ws/install/my_roobot_interfaces/share/ament_index/resource_index/rosidl_interfaces/my_roobot_interfaces
[7.416s] -- Up-to-date: /home/ros2_ws/install/my_roobot_interfaces/include/my_roobot_interfaces/my_roobot_interfaces
[7.416s] -- Installing: /home/ros2_ws/install/my_roobot_interfaces/include/my_roobot_interfaces/my_roobot_interfaces/srv
[7.416s] -- Installing: /home/ros2_ws/install/my_roobot_interfaces/include/my_roobot_interfaces/my_roobot_interfaces/srv/compute_rectangle_area.h
[7.417s] -- Installing: /home/ros2_ws/install/my_roobot_interfaces/include/my_roobot_interfaces/my_roobot_interfaces/srv/detail
[7.417s] -- Installing: /home/ros2_ws/install/my_roobot_interfaces/include/my_roobot_interfaces/my_roobot_interfaces/srv/detail/compute_rectangle_area__type_support.h
[7.417s] -- Installing: /home/ros2_ws/install/my_roobot_interfaces/include/my_roobot_interfaces/my_roobot_interfaces/srv/detail/compute_rectangle_area__functions.h
[7.417s] -- Installing: /home/ros2_ws/install/my_roobot_interfaces/include/my_roobot_interfaces/my_roobot_interfaces/srv/detail/compute_rectangle_area__struct.h
[7.417s] -- Installing: /home/ros2_ws/install/my_roobot_interfaces/include/my_roobot_interfaces/my_roobot_interfaces/srv/detail/compute_rectangle_area__functions.c
[7.417s] -- Up-to-date: /home/ros2_ws/install/my_roobot_interfaces/include/my_roobot_interfaces/my_roobot_interfaces/msg
[7.417s] -- Installing: /home/ros2_ws/install/my_roobot_interfaces/include/my_roobot_interfaces/my_roobot_interfaces/msg/hardware_status.h
[7.417s] -- Up-to-date: /home/ros2_ws/install/my_roobot_interfaces/include/my_roobot_interfaces/my_roobot_interfaces/msg/rosidl_generator_c__visibility_control.h
[7.418s] -- Up-to-date: /home/ros2_ws/install/my_roobot_interfaces/include/my_roobot_interfaces/my_roobot_interfaces/msg/detail
[7.418s] -- Installing: /home/ros2_ws/install/my_roobot_interfaces/include/my_roobot_interfaces/my_roobot_interfaces/msg/detail/hardware_status__struct.h
[7.418s] -- Installing: /home/ros2_ws/install/my_roobot_interfaces/include/my_roobot_interfaces/my_roobot_interfaces/msg/detail/hardware_status__type_support.h
[7.418s] -- Installing: /home/ros2_ws/install/my_roobot_interfaces/include/my_roobot_interfaces/my_roobot_interfaces/msg/detail/hardware_status__functions.c
[7.418s] -- Installing: /home/ros2_ws/install/my_roobot_interfaces/include/my_roobot_interfaces/my_roobot_interfaces/msg/detail/hardware_status__functions.h
[7.418s] -- Up-to-date: /home/ros2_ws/install/my_roobot_interfaces/share/my_roobot_interfaces/environment/library_path.sh
[7.418s] -- Installing: /home/ros2_ws/install/my_roobot_interfaces/share/my_roobot_interfaces/environment/library_path.dsv
[7.419s] -- Installing: /home/ros2_ws/install/my_roobot_interfaces/lib/libmy_roobot_interfaces__rosidl_generator_c.so
[7.419s] -- Set runtime path of "/home/ros2_ws/install/my_roobot_interfaces/lib/libmy_roobot_interfaces__rosidl_generator_c.so" to ""
[7.419s] -- Up-to-date: /home/ros2_ws/install/my_roobot_interfaces/include/my_roobot_interfaces/my_roobot_interfaces
[7.419s] -- Up-to-date: /home/ros2_ws/install/my_roobot_interfaces/include/my_roobot_interfaces/my_roobot_interfaces/srv
[7.419s] -- Up-to-date: /home/ros2_ws/install/my_roobot_interfaces/include/my_roobot_interfaces/my_roobot_interfaces/srv/detail
[7.420s] -- Installing: /home/ros2_ws/install/my_roobot_interfaces/include/my_roobot_interfaces/my_roobot_interfaces/srv/detail/compute_rectangle_area__rosidl_typesupport_fastrtps_c.h
[7.420s] -- Up-to-date: /home/ros2_ws/install/my_roobot_interfaces/include/my_roobot_interfaces/my_roobot_interfaces/msg
[7.420s] -- Up-to-date: /home/ros2_ws/install/my_roobot_interfaces/include/my_roobot_interfaces/my_roobot_interfaces/msg/rosidl_typesupport_fastrtps_c__visibility_control.h
[7.420s] -- Up-to-date: /home/ros2_ws/install/my_roobot_interfaces/include/my_roobot_interfaces/my_roobot_interfaces/msg/detail
[7.420s] -- Installing: /home/ros2_ws/install/my_roobot_interfaces/include/my_roobot_interfaces/my_roobot_interfaces/msg/detail/hardware_status__rosidl_typesupport_fastrtps_c.h
[7.420s] -- Installing: /home/ros2_ws/install/my_roobot_interfaces/lib/libmy_roobot_interfaces__rosidl_typesupport_fastrtps_c.so
[7.420s] -- Set runtime path of "/home/ros2_ws/install/my_roobot_interfaces/lib/libmy_roobot_interfaces__rosidl_typesupport_fastrtps_c.so" to ""
[7.420s] -- Up-to-date: /home/ros2_ws/install/my_roobot_interfaces/include/my_roobot_interfaces/my_roobot_interfaces
[7.421s] -- Up-to-date: /home/ros2_ws/install/my_roobot_interfaces/include/my_roobot_interfaces/my_roobot_interfaces/srv
[7.421s] -- Up-to-date: /home/ros2_ws/install/my_roobot_interfaces/include/my_roobot_interfaces/my_roobot_interfaces/srv/detail
[7.421s] -- Installing: /home/ros2_ws/install/my_roobot_interfaces/include/my_roobot_interfaces/my_roobot_interfaces/srv/detail/compute_rectangle_area__type_support.c
[7.421s] -- Installing: /home/ros2_ws/install/my_roobot_interfaces/include/my_roobot_interfaces/my_roobot_interfaces/srv/detail/compute_rectangle_area__rosidl_typesupport_introspection_c.h
[7.421s] -- Up-to-date: /home/ros2_ws/install/my_roobot_interfaces/include/my_roobot_interfaces/my_roobot_interfaces/msg
[7.421s] -- Up-to-date: /home/ros2_ws/install/my_roobot_interfaces/include/my_roobot_interfaces/my_roobot_interfaces/msg/rosidl_typesupport_introspection_c__visibility_control.h
[7.421s] -- Up-to-date: /home/ros2_ws/install/my_roobot_interfaces/include/my_roobot_interfaces/my_roobot_interfaces/msg/detail
[7.421s] -- Installing: /home/ros2_ws/install/my_roobot_interfaces/include/my_roobot_interfaces/my_roobot_interfaces/msg/detail/hardware_status__type_support.c
[7.421s] -- Installing: /home/ros2_ws/install/my_roobot_interfaces/include/my_roobot_interfaces/my_roobot_interfaces/msg/detail/hardware_status__rosidl_typesupport_introspection_c.h
[7.421s] -- Installing: /home/ros2_ws/install/my_roobot_interfaces/lib/libmy_roobot_interfaces__rosidl_typesupport_introspection_c.so
[7.421s] -- Set runtime path of "/home/ros2_ws/install/my_roobot_interfaces/lib/libmy_roobot_interfaces__rosidl_typesupport_introspection_c.so" to ""
[7.422s] -- Installing: /home/ros2_ws/install/my_roobot_interfaces/lib/libmy_roobot_interfaces__rosidl_typesupport_c.so
[7.422s] -- Set runtime path of "/home/ros2_ws/install/my_roobot_interfaces/lib/libmy_roobot_interfaces__rosidl_typesupport_c.so" to ""
[7.422s] -- Up-to-date: /home/ros2_ws/install/my_roobot_interfaces/include/my_roobot_interfaces/my_roobot_interfaces
[7.422s] -- Up-to-date: /home/ros2_ws/install/my_roobot_interfaces/include/my_roobot_interfaces/my_roobot_interfaces/srv
[7.422s] -- Installing: /home/ros2_ws/install/my_roobot_interfaces/include/my_roobot_interfaces/my_roobot_interfaces/srv/compute_rectangle_area.hpp
[7.422s] -- Up-to-date: /home/ros2_ws/install/my_roobot_interfaces/include/my_roobot_interfaces/my_roobot_interfaces/srv/detail
[7.422s] -- Installing: /home/ros2_ws/install/my_roobot_interfaces/include/my_roobot_interfaces/my_roobot_interfaces/srv/detail/compute_rectangle_area__traits.hpp
[7.423s] -- Installing: /home/ros2_ws/install/my_roobot_interfaces/include/my_roobot_interfaces/my_roobot_interfaces/srv/detail/compute_rectangle_area__builder.hpp
[7.423s] -- Installing: /home/ros2_ws/install/my_roobot_interfaces/include/my_roobot_interfaces/my_roobot_interfaces/srv/detail/compute_rectangle_area__struct.hpp
[7.423s] -- Up-to-date: /home/ros2_ws/install/my_roobot_interfaces/include/my_roobot_interfaces/my_roobot_interfaces/msg
[7.423s] -- Installing: /home/ros2_ws/install/my_roobot_interfaces/include/my_roobot_interfaces/my_roobot_interfaces/msg/hardware_status.hpp
[7.423s] -- Up-to-date: /home/ros2_ws/install/my_roobot_interfaces/include/my_roobot_interfaces/my_roobot_interfaces/msg/detail
[7.423s] -- Installing: /home/ros2_ws/install/my_roobot_interfaces/include/my_roobot_interfaces/my_roobot_interfaces/msg/detail/hardware_status__traits.hpp
[7.423s] -- Installing: /home/ros2_ws/install/my_roobot_interfaces/include/my_roobot_interfaces/my_roobot_interfaces/msg/detail/hardware_status__builder.hpp
[7.423s] -- Installing: /home/ros2_ws/install/my_roobot_interfaces/include/my_roobot_interfaces/my_roobot_interfaces/msg/detail/hardware_status__struct.hpp
[7.423s] -- Up-to-date: /home/ros2_ws/install/my_roobot_interfaces/include/my_roobot_interfaces/my_roobot_interfaces
[7.423s] -- Up-to-date: /home/ros2_ws/install/my_roobot_interfaces/include/my_roobot_interfaces/my_roobot_interfaces/srv
[7.423s] -- Up-to-date: /home/ros2_ws/install/my_roobot_interfaces/include/my_roobot_interfaces/my_roobot_interfaces/srv/detail
[7.423s] -- Installing: /home/ros2_ws/install/my_roobot_interfaces/include/my_roobot_interfaces/my_roobot_interfaces/srv/detail/compute_rectangle_area__rosidl_typesupport_fastrtps_cpp.hpp
[7.423s] -- Installing: /home/ros2_ws/install/my_roobot_interfaces/include/my_roobot_interfaces/my_roobot_interfaces/srv/detail/dds_fastrtps
[7.424s] -- Up-to-date: /home/ros2_ws/install/my_roobot_interfaces/include/my_roobot_interfaces/my_roobot_interfaces/msg
[7.424s] -- Up-to-date: /home/ros2_ws/install/my_roobot_interfaces/include/my_roobot_interfaces/my_roobot_interfaces/msg/rosidl_typesupport_fastrtps_cpp__visibility_control.h
[7.424s] -- Up-to-date: /home/ros2_ws/install/my_roobot_interfaces/include/my_roobot_interfaces/my_roobot_interfaces/msg/detail
[7.424s] -- Installing: /home/ros2_ws/install/my_roobot_interfaces/include/my_roobot_interfaces/my_roobot_interfaces/msg/detail/hardware_status__rosidl_typesupport_fastrtps_cpp.hpp
[7.424s] -- Up-to-date: /home/ros2_ws/install/my_roobot_interfaces/include/my_roobot_interfaces/my_roobot_interfaces/msg/detail/dds_fastrtps
[7.424s] -- Installing: /home/ros2_ws/install/my_roobot_interfaces/lib/libmy_roobot_interfaces__rosidl_typesupport_fastrtps_cpp.so
[7.424s] -- Set runtime path of "/home/ros2_ws/install/my_roobot_interfaces/lib/libmy_roobot_interfaces__rosidl_typesupport_fastrtps_cpp.so" to ""
[7.424s] -- Up-to-date: /home/ros2_ws/install/my_roobot_interfaces/include/my_roobot_interfaces/my_roobot_interfaces
[7.424s] -- Up-to-date: /home/ros2_ws/install/my_roobot_interfaces/include/my_roobot_interfaces/my_roobot_interfaces/srv
[7.425s] -- Up-to-date: /home/ros2_ws/install/my_roobot_interfaces/include/my_roobot_interfaces/my_roobot_interfaces/srv/detail
[7.425s] -- Installing: /home/ros2_ws/install/my_roobot_interfaces/include/my_roobot_interfaces/my_roobot_interfaces/srv/detail/compute_rectangle_area__type_support.cpp
[7.425s] -- Installing: /home/ros2_ws/install/my_roobot_interfaces/include/my_roobot_interfaces/my_roobot_interfaces/srv/detail/compute_rectangle_area__rosidl_typesupport_introspection_cpp.hpp
[7.425s] -- Up-to-date: /home/ros2_ws/install/my_roobot_interfaces/include/my_roobot_interfaces/my_roobot_interfaces/msg
[7.425s] -- Up-to-date: /home/ros2_ws/install/my_roobot_interfaces/include/my_roobot_interfaces/my_roobot_interfaces/msg/detail
[7.425s] -- Installing: /home/ros2_ws/install/my_roobot_interfaces/include/my_roobot_interfaces/my_roobot_interfaces/msg/detail/hardware_status__type_support.cpp
[7.425s] -- Installing: /home/ros2_ws/install/my_roobot_interfaces/include/my_roobot_interfaces/my_roobot_interfaces/msg/detail/hardware_status__rosidl_typesupport_introspection_cpp.hpp
[7.425s] -- Installing: /home/ros2_ws/install/my_roobot_interfaces/lib/libmy_roobot_interfaces__rosidl_typesupport_introspection_cpp.so
[7.425s] -- Set runtime path of "/home/ros2_ws/install/my_roobot_interfaces/lib/libmy_roobot_interfaces__rosidl_typesupport_introspection_cpp.so" to ""
[7.426s] -- Installing: /home/ros2_ws/install/my_roobot_interfaces/lib/libmy_roobot_interfaces__rosidl_typesupport_cpp.so
[7.426s] -- Set runtime path of "/home/ros2_ws/install/my_roobot_interfaces/lib/libmy_roobot_interfaces__rosidl_typesupport_cpp.so" to ""
[7.426s] -- Up-to-date: /home/ros2_ws/install/my_roobot_interfaces/share/my_roobot_interfaces/environment/pythonpath.sh
[7.426s] -- Installing: /home/ros2_ws/install/my_roobot_interfaces/share/my_roobot_interfaces/environment/pythonpath.dsv
[7.426s] -- Up-to-date: /home/ros2_ws/install/my_roobot_interfaces/local/lib/python3.10/dist-packages/my_roobot_interfaces-0.0.0-py3.10.egg-info
[7.426s] -- Installing: /home/ros2_ws/install/my_roobot_interfaces/local/lib/python3.10/dist-packages/my_roobot_interfaces-0.0.0-py3.10.egg-info/top_level.txt
[7.426s] -- Installing: /home/ros2_ws/install/my_roobot_interfaces/local/lib/python3.10/dist-packages/my_roobot_interfaces-0.0.0-py3.10.egg-info/dependency_links.txt
[7.427s] -- Installing: /home/ros2_ws/install/my_roobot_interfaces/local/lib/python3.10/dist-packages/my_roobot_interfaces-0.0.0-py3.10.egg-info/SOURCES.txt
[7.427s] -- Installing: /home/ros2_ws/install/my_roobot_interfaces/local/lib/python3.10/dist-packages/my_roobot_interfaces-0.0.0-py3.10.egg-info/PKG-INFO
[7.427s] -- Up-to-date: /home/ros2_ws/install/my_roobot_interfaces/local/lib/python3.10/dist-packages/my_roobot_interfaces
[7.427s] -- Installing: /home/ros2_ws/install/my_roobot_interfaces/local/lib/python3.10/dist-packages/my_roobot_interfaces/my_roobot_interfaces_s__rosidl_typesupport_introspection_c.cpython-310-x86_64-linux-gnu.so
[7.427s] -- Installing: /home/ros2_ws/install/my_roobot_interfaces/local/lib/python3.10/dist-packages/my_roobot_interfaces/srv
[7.427s] -- Installing: /home/ros2_ws/install/my_roobot_interfaces/local/lib/python3.10/dist-packages/my_roobot_interfaces/srv/_compute_rectangle_area_s.c
[7.428s] -- Installing: /home/ros2_ws/install/my_roobot_interfaces/local/lib/python3.10/dist-packages/my_roobot_interfaces/srv/_compute_rectangle_area.py
[7.428s] -- Installing: /home/ros2_ws/install/my_roobot_interfaces/local/lib/python3.10/dist-packages/my_roobot_interfaces/srv/__init__.py
[7.428s] -- Installing: /home/ros2_ws/install/my_roobot_interfaces/local/lib/python3.10/dist-packages/my_roobot_interfaces/my_roobot_interfaces_s__rosidl_typesupport_fastrtps_c.cpython-310-x86_64-linux-gnu.so
[7.428s] -- Installing: /home/ros2_ws/install/my_roobot_interfaces/local/lib/python3.10/dist-packages/my_roobot_interfaces/_my_roobot_interfaces_s.ep.rosidl_typesupport_introspection_c.c
[7.428s] -- Installing: /home/ros2_ws/install/my_roobot_interfaces/local/lib/python3.10/dist-packages/my_roobot_interfaces/my_roobot_interfaces_s__rosidl_typesupport_c.cpython-310-x86_64-linux-gnu.so
[7.429s] -- Installing: /home/ros2_ws/install/my_roobot_interfaces/local/lib/python3.10/dist-packages/my_roobot_interfaces/libmy_roobot_interfaces__rosidl_generator_py.so
[7.429s] -- Up-to-date: /home/ros2_ws/install/my_roobot_interfaces/local/lib/python3.10/dist-packages/my_roobot_interfaces/msg
[7.429s] -- Installing: /home/ros2_ws/install/my_roobot_interfaces/local/lib/python3.10/dist-packages/my_roobot_interfaces/msg/_hardware_status_s.c
[7.429s] -- Installing: /home/ros2_ws/install/my_roobot_interfaces/local/lib/python3.10/dist-packages/my_roobot_interfaces/msg/__init__.py
[7.429s] -- Installing: /home/ros2_ws/install/my_roobot_interfaces/local/lib/python3.10/dist-packages/my_roobot_interfaces/msg/_hardware_status.py
[7.429s] -- Installing: /home/ros2_ws/install/my_roobot_interfaces/local/lib/python3.10/dist-packages/my_roobot_interfaces/_my_roobot_interfaces_s.ep.rosidl_typesupport_c.c
[7.429s] -- Installing: /home/ros2_ws/install/my_roobot_interfaces/local/lib/python3.10/dist-packages/my_roobot_interfaces/_my_roobot_interfaces_s.ep.rosidl_typesupport_fastrtps_c.c
[7.430s] -- Installing: /home/ros2_ws/install/my_roobot_interfaces/local/lib/python3.10/dist-packages/my_roobot_interfaces/__init__.py
[7.471s] Listing '/home/ros2_ws/install/my_roobot_interfaces/local/lib/python3.10/dist-packages/my_roobot_interfaces'...
[7.471s] Compiling '/home/ros2_ws/install/my_roobot_interfaces/local/lib/python3.10/dist-packages/my_roobot_interfaces/__init__.py'...
[7.471s] Listing '/home/ros2_ws/install/my_roobot_interfaces/local/lib/python3.10/dist-packages/my_roobot_interfaces/msg'...
[7.471s] Compiling '/home/ros2_ws/install/my_roobot_interfaces/local/lib/python3.10/dist-packages/my_roobot_interfaces/msg/__init__.py'...
[7.471s] Compiling '/home/ros2_ws/install/my_roobot_interfaces/local/lib/python3.10/dist-packages/my_roobot_interfaces/msg/_hardware_status.py'...
[7.471s] Listing '/home/ros2_ws/install/my_roobot_interfaces/local/lib/python3.10/dist-packages/my_roobot_interfaces/srv'...
[7.471s] Compiling '/home/ros2_ws/install/my_roobot_interfaces/local/lib/python3.10/dist-packages/my_roobot_interfaces/srv/__init__.py'...
[7.471s] Compiling '/home/ros2_ws/install/my_roobot_interfaces/local/lib/python3.10/dist-packages/my_roobot_interfaces/srv/_compute_rectangle_area.py'...
[7.475s] -- Installing: /home/ros2_ws/install/my_roobot_interfaces/local/lib/python3.10/dist-packages/my_roobot_interfaces/my_roobot_interfaces_s__rosidl_typesupport_fastrtps_c.cpython-310-x86_64-linux-gnu.so
[7.475s] -- Set runtime path of "/home/ros2_ws/install/my_roobot_interfaces/local/lib/python3.10/dist-packages/my_roobot_interfaces/my_roobot_interfaces_s__rosidl_typesupport_fastrtps_c.cpython-310-x86_64-linux-gnu.so" to ""
[7.475s] -- Installing: /home/ros2_ws/install/my_roobot_interfaces/local/lib/python3.10/dist-packages/my_roobot_interfaces/my_roobot_interfaces_s__rosidl_typesupport_introspection_c.cpython-310-x86_64-linux-gnu.so
[7.476s] -- Set runtime path of "/home/ros2_ws/install/my_roobot_interfaces/local/lib/python3.10/dist-packages/my_roobot_interfaces/my_roobot_interfaces_s__rosidl_typesupport_introspection_c.cpython-310-x86_64-linux-gnu.so" to ""
[7.476s] -- Installing: /home/ros2_ws/install/my_roobot_interfaces/local/lib/python3.10/dist-packages/my_roobot_interfaces/my_roobot_interfaces_s__rosidl_typesupport_c.cpython-310-x86_64-linux-gnu.so
[7.476s] -- Set runtime path of "/home/ros2_ws/install/my_roobot_interfaces/local/lib/python3.10/dist-packages/my_roobot_interfaces/my_roobot_interfaces_s__rosidl_typesupport_c.cpython-310-x86_64-linux-gnu.so" to ""
[7.477s] -- Installing: /home/ros2_ws/install/my_roobot_interfaces/lib/libmy_roobot_interfaces__rosidl_generator_py.so
[7.477s] -- Set runtime path of "/home/ros2_ws/install/my_roobot_interfaces/lib/libmy_roobot_interfaces__rosidl_generator_py.so" to ""
[7.477s] -- Up-to-date: /home/ros2_ws/install/my_roobot_interfaces/share/my_roobot_interfaces/msg/HardwareStatus.idl
[7.477s] -- Installing: /home/ros2_ws/install/my_roobot_interfaces/share/my_roobot_interfaces/srv/ComputeRectangleArea.idl
[7.477s] -- Up-to-date: /home/ros2_ws/install/my_roobot_interfaces/share/my_roobot_interfaces/msg/HardwareStatus.msg
[7.478s] -- Installing: /home/ros2_ws/install/my_roobot_interfaces/share/my_roobot_interfaces/srv/ComputeRectangleArea.srv
[7.478s] -- Installing: /home/ros2_ws/install/my_roobot_interfaces/share/my_roobot_interfaces/srv/ComputeRectangleArea_Request.msg
[7.478s] -- Installing: /home/ros2_ws/install/my_roobot_interfaces/share/my_roobot_interfaces/srv/ComputeRectangleArea_Response.msg
[7.478s] -- Up-to-date: /home/ros2_ws/install/my_roobot_interfaces/share/ament_index/resource_index/package_run_dependencies/my_roobot_interfaces
[7.478s] -- Up-to-date: /home/ros2_ws/install/my_roobot_interfaces/share/ament_index/resource_index/parent_prefix_path/my_roobot_interfaces
[7.478s] -- Up-to-date: /home/ros2_ws/install/my_roobot_interfaces/share/my_roobot_interfaces/environment/ament_prefix_path.sh
[7.478s] -- Installing: /home/ros2_ws/install/my_roobot_interfaces/share/my_roobot_interfaces/environment/ament_prefix_path.dsv
[7.478s] -- Up-to-date: /home/ros2_ws/install/my_roobot_interfaces/share/my_roobot_interfaces/environment/path.sh
[7.478s] -- Installing: /home/ros2_ws/install/my_roobot_interfaces/share/my_roobot_interfaces/environment/path.dsv
[7.478s] -- Up-to-date: /home/ros2_ws/install/my_roobot_interfaces/share/my_roobot_interfaces/local_setup.bash
[7.478s] -- Up-to-date: /home/ros2_ws/install/my_roobot_interfaces/share/my_roobot_interfaces/local_setup.sh
[7.478s] -- Up-to-date: /home/ros2_ws/install/my_roobot_interfaces/share/my_roobot_interfaces/local_setup.zsh
[7.478s] -- Installing: /home/ros2_ws/install/my_roobot_interfaces/share/my_roobot_interfaces/local_setup.dsv
[7.479s] -- Installing: /home/ros2_ws/install/my_roobot_interfaces/share/my_roobot_interfaces/package.dsv
[7.479s] -- Up-to-date: /home/ros2_ws/install/my_roobot_interfaces/share/ament_index/resource_index/packages/my_roobot_interfaces
[7.479s] -- Up-to-date: /home/ros2_ws/install/my_roobot_interfaces/share/my_roobot_interfaces/cmake/export_my_roobot_interfaces__rosidl_generator_cExport.cmake
[7.479s] -- Up-to-date: /home/ros2_ws/install/my_roobot_interfaces/share/my_roobot_interfaces/cmake/export_my_roobot_interfaces__rosidl_generator_cExport-noconfig.cmake
[7.479s] -- Up-to-date: /home/ros2_ws/install/my_roobot_interfaces/share/my_roobot_interfaces/cmake/export_my_roobot_interfaces__rosidl_typesupport_fastrtps_cExport.cmake
[7.479s] -- Up-to-date: /home/ros2_ws/install/my_roobot_interfaces/share/my_roobot_interfaces/cmake/export_my_roobot_interfaces__rosidl_typesupport_fastrtps_cExport-noconfig.cmake
[7.479s] -- Up-to-date: /home/ros2_ws/install/my_roobot_interfaces/share/my_roobot_interfaces/cmake/my_roobot_interfaces__rosidl_typesupport_introspection_cExport.cmake
[7.479s] -- Up-to-date: /home/ros2_ws/install/my_roobot_interfaces/share/my_roobot_interfaces/cmake/my_roobot_interfaces__rosidl_typesupport_introspection_cExport-noconfig.cmake
[7.479s] -- Up-to-date: /home/ros2_ws/install/my_roobot_interfaces/share/my_roobot_interfaces/cmake/my_roobot_interfaces__rosidl_typesupport_cExport.cmake
[7.479s] -- Up-to-date: /home/ros2_ws/install/my_roobot_interfaces/share/my_roobot_interfaces/cmake/my_roobot_interfaces__rosidl_typesupport_cExport-noconfig.cmake
[7.479s] -- Up-to-date: /home/ros2_ws/install/my_roobot_interfaces/share/my_roobot_interfaces/cmake/export_my_roobot_interfaces__rosidl_generator_cppExport.cmake
[7.480s] -- Up-to-date: /home/ros2_ws/install/my_roobot_interfaces/share/my_roobot_interfaces/cmake/export_my_roobot_interfaces__rosidl_typesupport_fastrtps_cppExport.cmake
[7.480s] -- Up-to-date: /home/ros2_ws/install/my_roobot_interfaces/share/my_roobot_interfaces/cmake/export_my_roobot_interfaces__rosidl_typesupport_fastrtps_cppExport-noconfig.cmake
[7.480s] -- Up-to-date: /home/ros2_ws/install/my_roobot_interfaces/share/my_roobot_interfaces/cmake/my_roobot_interfaces__rosidl_typesupport_introspection_cppExport.cmake
[7.480s] -- Up-to-date: /home/ros2_ws/install/my_roobot_interfaces/share/my_roobot_interfaces/cmake/my_roobot_interfaces__rosidl_typesupport_introspection_cppExport-noconfig.cmake
[7.480s] -- Up-to-date: /home/ros2_ws/install/my_roobot_interfaces/share/my_roobot_interfaces/cmake/my_roobot_interfaces__rosidl_typesupport_cppExport.cmake
[7.480s] -- Up-to-date: /home/ros2_ws/install/my_roobot_interfaces/share/my_roobot_interfaces/cmake/my_roobot_interfaces__rosidl_typesupport_cppExport-noconfig.cmake
[7.480s] -- Up-to-date: /home/ros2_ws/install/my_roobot_interfaces/share/my_roobot_interfaces/cmake/export_my_roobot_interfaces__rosidl_generator_pyExport.cmake
[7.480s] -- Up-to-date: /home/ros2_ws/install/my_roobot_interfaces/share/my_roobot_interfaces/cmake/export_my_roobot_interfaces__rosidl_generator_pyExport-noconfig.cmake
[7.480s] -- Installing: /home/ros2_ws/install/my_roobot_interfaces/share/my_roobot_interfaces/cmake/rosidl_cmake-extras.cmake
[7.480s] -- Up-to-date: /home/ros2_ws/install/my_roobot_interfaces/share/my_roobot_interfaces/cmake/ament_cmake_export_include_directories-extras.cmake
[7.481s] -- Up-to-date: /home/ros2_ws/install/my_roobot_interfaces/share/my_roobot_interfaces/cmake/ament_cmake_export_libraries-extras.cmake
[7.481s] -- Up-to-date: /home/ros2_ws/install/my_roobot_interfaces/share/my_roobot_interfaces/cmake/ament_cmake_export_targets-extras.cmake
[7.481s] -- Up-to-date: /home/ros2_ws/install/my_roobot_interfaces/share/my_roobot_interfaces/cmake/rosidl_cmake_export_typesupport_targets-extras.cmake
[7.481s] -- Up-to-date: /home/ros2_ws/install/my_roobot_interfaces/share/my_roobot_interfaces/cmake/ament_cmake_export_dependencies-extras.cmake
[7.481s] -- Up-to-date: /home/ros2_ws/install/my_roobot_interfaces/share/my_roobot_interfaces/cmake/rosidl_cmake_export_typesupport_libraries-extras.cmake
[7.481s] -- Up-to-date: /home/ros2_ws/install/my_roobot_interfaces/share/my_roobot_interfaces/cmake/my_roobot_interfacesConfig.cmake
[7.481s] -- Up-to-date: /home/ros2_ws/install/my_roobot_interfaces/share/my_roobot_interfaces/cmake/my_roobot_interfacesConfig-version.cmake
[7.481s] -- Up-to-date: /home/ros2_ws/install/my_roobot_interfaces/share/my_roobot_interfaces/package.xml
[7.484s] Invoked command in '/home/ros2_ws/build/my_roobot_interfaces' returned '0': CMAKE_PREFIX_PATH=${CMAKE_PREFIX_PATH}:/home/ros2_ws/install/my_py_pkg:/opt/ros/humble /usr/bin/cmake --install /home/ros2_ws/build/my_roobot_interfaces
