[0.508s] Invoking command in '/home/ros2_ws/src/my_py_pkg': PYTHONPATH=/home/ros2_ws/build/my_py_pkg/prefix_override:/home/ros2_ws/install/my_py_pkg/lib/python3.10/site-packages:${PYTHONPATH} /usr/bin/python3 setup.py egg_info --egg-base ../../build/my_py_pkg build --build-base /home/ros2_ws/build/my_py_pkg/build install --record /home/ros2_ws/build/my_py_pkg/install.log --single-version-externally-managed
[0.704s] running egg_info
[0.704s] writing ../../build/my_py_pkg/my_py_pkg.egg-info/PKG-INFO
[0.704s] writing dependency_links to ../../build/my_py_pkg/my_py_pkg.egg-info/dependency_links.txt
[0.705s] writing entry points to ../../build/my_py_pkg/my_py_pkg.egg-info/entry_points.txt
[0.705s] writing requirements to ../../build/my_py_pkg/my_py_pkg.egg-info/requires.txt
[0.705s] writing top-level names to ../../build/my_py_pkg/my_py_pkg.egg-info/top_level.txt
[0.706s] reading manifest file '../../build/my_py_pkg/my_py_pkg.egg-info/SOURCES.txt'
[0.707s] writing manifest file '../../build/my_py_pkg/my_py_pkg.egg-info/SOURCES.txt'
[0.707s] running build
[0.707s] running build_py
[0.707s] copying my_py_pkg/my_first_node.py -> /home/ros2_ws/build/my_py_pkg/build/lib/my_py_pkg
[0.708s] running install
[0.708s] running install_lib
[0.708s] copying /home/ros2_ws/build/my_py_pkg/build/lib/my_py_pkg/my_first_node.py -> /home/ros2_ws/install/my_py_pkg/lib/python3.10/site-packages/my_py_pkg
[0.709s] byte-compiling /home/ros2_ws/install/my_py_pkg/lib/python3.10/site-packages/my_py_pkg/my_first_node.py to my_first_node.cpython-310.pyc
[0.709s] running install_data
[0.710s] running install_egg_info
[0.711s] removing '/home/ros2_ws/install/my_py_pkg/lib/python3.10/site-packages/my_py_pkg-0.0.0-py3.10.egg-info' (and everything under it)
[0.711s] Copying ../../build/my_py_pkg/my_py_pkg.egg-info to /home/ros2_ws/install/my_py_pkg/lib/python3.10/site-packages/my_py_pkg-0.0.0-py3.10.egg-info
[0.712s] running install_scripts
[0.728s] Installing py_node script to /home/ros2_ws/install/my_py_pkg/lib/my_py_pkg
[0.729s] writing list of installed files to '/home/ros2_ws/build/my_py_pkg/install.log'
[0.752s] Invoked command in '/home/ros2_ws/src/my_py_pkg' returned '0': PYTHONPATH=/home/ros2_ws/build/my_py_pkg/prefix_override:/home/ros2_ws/install/my_py_pkg/lib/python3.10/site-packages:${PYTHONPATH} /usr/bin/python3 setup.py egg_info --egg-base ../../build/my_py_pkg build --build-base /home/ros2_ws/build/my_py_pkg/build install --record /home/ros2_ws/build/my_py_pkg/install.log --single-version-externally-managed
