[0.493s] Invoking command in '/home/ros2_ws/build/my_py_pkg': PYTHONPATH=/home/ros2_ws/build/my_py_pkg/prefix_override:/home/ros2_ws/install/my_py_pkg/lib/python3.10/site-packages:${PYTHONPATH} /usr/bin/python3 setup.py develop --uninstall --editable --build-directory /home/ros2_ws/build/my_py_pkg/build
[0.699s] running develop
[0.837s] Invoked command in '/home/ros2_ws/build/my_py_pkg' returned '0': PYTHONPATH=/home/ros2_ws/build/my_py_pkg/prefix_override:/home/ros2_ws/install/my_py_pkg/lib/python3.10/site-packages:${PYTHONPATH} /usr/bin/python3 setup.py develop --uninstall --editable --build-directory /home/ros2_ws/build/my_py_pkg/build
[0.838s] Invoking command in '/home/ros2_ws/src/my_py_pkg': PYTHONPATH=/home/ros2_ws/build/my_py_pkg/prefix_override:/home/ros2_ws/install/my_py_pkg/lib/python3.10/site-packages:${PYTHONPATH} /usr/bin/python3 setup.py egg_info --egg-base ../../build/my_py_pkg build --build-base /home/ros2_ws/build/my_py_pkg/build install --record /home/ros2_ws/build/my_py_pkg/install.log --single-version-externally-managed
[1.028s] running egg_info
[1.028s] writing ../../build/my_py_pkg/my_py_pkg.egg-info/PKG-INFO
[1.028s] writing dependency_links to ../../build/my_py_pkg/my_py_pkg.egg-info/dependency_links.txt
[1.029s] writing entry points to ../../build/my_py_pkg/my_py_pkg.egg-info/entry_points.txt
[1.029s] writing requirements to ../../build/my_py_pkg/my_py_pkg.egg-info/requires.txt
[1.029s] writing top-level names to ../../build/my_py_pkg/my_py_pkg.egg-info/top_level.txt
[1.030s] reading manifest file '../../build/my_py_pkg/my_py_pkg.egg-info/SOURCES.txt'
[1.031s] writing manifest file '../../build/my_py_pkg/my_py_pkg.egg-info/SOURCES.txt'
[1.031s] running build
[1.031s] running build_py
[1.031s] copying my_py_pkg/video_publisher.py -> /home/ros2_ws/build/my_py_pkg/build/lib/my_py_pkg
[1.032s] running install
[1.032s] running install_lib
[1.033s] copying /home/ros2_ws/build/my_py_pkg/build/lib/my_py_pkg/video_publisher.py -> /home/ros2_ws/install/my_py_pkg/lib/python3.10/site-packages/my_py_pkg
[1.033s] byte-compiling /home/ros2_ws/install/my_py_pkg/lib/python3.10/site-packages/my_py_pkg/video_publisher.py to video_publisher.cpython-310.pyc
[1.034s] running install_data
[1.034s] running install_egg_info
[1.035s] removing '/home/ros2_ws/install/my_py_pkg/lib/python3.10/site-packages/my_py_pkg-0.0.0-py3.10.egg-info' (and everything under it)
[1.036s] Copying ../../build/my_py_pkg/my_py_pkg.egg-info to /home/ros2_ws/install/my_py_pkg/lib/python3.10/site-packages/my_py_pkg-0.0.0-py3.10.egg-info
[1.036s] running install_scripts
[1.054s] Installing led_panel script to /home/ros2_ws/install/my_py_pkg/lib/my_py_pkg
[1.054s] Installing py_node script to /home/ros2_ws/install/my_py_pkg/lib/my_py_pkg
[1.054s] Installing video_publisher script to /home/ros2_ws/install/my_py_pkg/lib/my_py_pkg
[1.055s] writing list of installed files to '/home/ros2_ws/build/my_py_pkg/install.log'
[1.077s] Invoked command in '/home/ros2_ws/src/my_py_pkg' returned '0': PYTHONPATH=/home/ros2_ws/build/my_py_pkg/prefix_override:/home/ros2_ws/install/my_py_pkg/lib/python3.10/site-packages:${PYTHONPATH} /usr/bin/python3 setup.py egg_info --egg-base ../../build/my_py_pkg build --build-base /home/ros2_ws/build/my_py_pkg/build install --record /home/ros2_ws/build/my_py_pkg/install.log --single-version-externally-managed
