[0.014s] Invoking command in '/home/ros2_ws/build/my_cpp_pkg': CMAKE_PREFIX_PATH=${CMAKE_PREFIX_PATH}:/home/ros2_ws/install/my_py_pkg:/opt/ros/humble /usr/bin/cmake --build /home/ros2_ws/build/my_cpp_pkg -- -j2 -l2
[0.047s] [35m[1mConsolidate compiler generated dependencies of target cpp_node[0m
[0.063s] [ 50%] [32mBuilding CXX object CMakeFiles/cpp_node.dir/src/my_first_node.cpp.o[0m
[3.213s] [100%] [32m[1mLinking CXX executable cpp_node[0m
[3.488s] [100%] Built target cpp_node
[3.497s] Invoked command in '/home/ros2_ws/build/my_cpp_pkg' returned '0': CMAKE_PREFIX_PATH=${CMAKE_PREFIX_PATH}:/home/ros2_ws/install/my_py_pkg:/opt/ros/humble /usr/bin/cmake --build /home/ros2_ws/build/my_cpp_pkg -- -j2 -l2
[3.531s] Invoking command in '/home/ros2_ws/build/my_cpp_pkg': CMAKE_PREFIX_PATH=${CMAKE_PREFIX_PATH}:/home/ros2_ws/install/my_py_pkg:/opt/ros/humble /usr/bin/cmake --install /home/ros2_ws/build/my_cpp_pkg
[3.537s] -- Install configuration: ""
[3.538s] -- Installing: /home/ros2_ws/install/my_cpp_pkg/lib/my_cpp_pkg/cpp_node
[3.539s] -- Set runtime path of "/home/ros2_ws/install/my_cpp_pkg/lib/my_cpp_pkg/cpp_node" to ""
[3.539s] -- Up-to-date: /home/ros2_ws/install/my_cpp_pkg/share/ament_index/resource_index/package_run_dependencies/my_cpp_pkg
[3.540s] -- Installing: /home/ros2_ws/install/my_cpp_pkg/share/ament_index/resource_index/parent_prefix_path/my_cpp_pkg
[3.540s] -- Up-to-date: /home/ros2_ws/install/my_cpp_pkg/share/my_cpp_pkg/environment/ament_prefix_path.sh
[3.540s] -- Installing: /home/ros2_ws/install/my_cpp_pkg/share/my_cpp_pkg/environment/ament_prefix_path.dsv
[3.540s] -- Up-to-date: /home/ros2_ws/install/my_cpp_pkg/share/my_cpp_pkg/environment/path.sh
[3.541s] -- Installing: /home/ros2_ws/install/my_cpp_pkg/share/my_cpp_pkg/environment/path.dsv
[3.542s] -- Up-to-date: /home/ros2_ws/install/my_cpp_pkg/share/my_cpp_pkg/local_setup.bash
[3.542s] -- Up-to-date: /home/ros2_ws/install/my_cpp_pkg/share/my_cpp_pkg/local_setup.sh
[3.542s] -- Up-to-date: /home/ros2_ws/install/my_cpp_pkg/share/my_cpp_pkg/local_setup.zsh
[3.542s] -- Installing: /home/ros2_ws/install/my_cpp_pkg/share/my_cpp_pkg/local_setup.dsv
[3.542s] -- Installing: /home/ros2_ws/install/my_cpp_pkg/share/my_cpp_pkg/package.dsv
[3.543s] -- Up-to-date: /home/ros2_ws/install/my_cpp_pkg/share/ament_index/resource_index/packages/my_cpp_pkg
[3.543s] -- Up-to-date: /home/ros2_ws/install/my_cpp_pkg/share/my_cpp_pkg/cmake/my_cpp_pkgConfig.cmake
[3.543s] -- Up-to-date: /home/ros2_ws/install/my_cpp_pkg/share/my_cpp_pkg/cmake/my_cpp_pkgConfig-version.cmake
[3.543s] -- Up-to-date: /home/ros2_ws/install/my_cpp_pkg/share/my_cpp_pkg/package.xml
[3.546s] Invoked command in '/home/ros2_ws/build/my_cpp_pkg' returned '0': CMAKE_PREFIX_PATH=${CMAKE_PREFIX_PATH}:/home/ros2_ws/install/my_py_pkg:/opt/ros/humble /usr/bin/cmake --install /home/ros2_ws/build/my_cpp_pkg
