[0.463s] DEBUG:colcon:Command line arguments: ['/usr/bin/colcon', 'build', '--packages-select', 'my_roobot_interfaces']
[0.463s] DEBUG:colcon:Parsed command line arguments: Namespace(log_base=None, log_level=None, verb_name='build', build_base='build', install_base='install', merge_install=False, symlink_install=False, test_result_base=None, continue_on_error=False, executor='parallel', parallel_workers=2, event_handlers=None, ignore_user_meta=False, metas=['./colcon.meta'], base_paths=['.'], packages_ignore=None, packages_ignore_regex=None, paths=None, packages_up_to=None, packages_up_to_regex=None, packages_above=None, packages_above_and_dependencies=None, packages_above_depth=None, packages_select_by_dep=None, packages_skip_by_dep=None, packages_skip_up_to=None, packages_select_build_failed=False, packages_skip_build_finished=False, packages_select_test_failures=False, packages_skip_test_passed=False, packages_select=['my_roobot_interfaces'], packages_skip=None, packages_select_regex=None, packages_skip_regex=None, packages_start=None, packages_end=None, allow_overriding=[], cmake_args=None, cmake_target=None, cmake_target_skip_unavailable=False, cmake_clean_cache=False, cmake_clean_first=False, cmake_force_configure=False, ament_cmake_args=None, catkin_cmake_args=None, catkin_skip_building_tests=False, verb_parser=<colcon_defaults.argument_parser.defaults.DefaultArgumentsDecorator object at 0x7f5a5f904d90>, verb_extension=<colcon_core.verb.build.BuildVerb object at 0x7f5a5f904820>, main=<bound method BuildVerb.main of <colcon_core.verb.build.BuildVerb object at 0x7f5a5f904820>>)
[0.483s] Level 1:colcon.colcon_core.package_discovery:discover_packages(colcon_meta) check parameters
[0.483s] Level 1:colcon.colcon_core.package_discovery:discover_packages(recursive) check parameters
[0.483s] Level 1:colcon.colcon_core.package_discovery:discover_packages(ignore) check parameters
[0.483s] Level 1:colcon.colcon_core.package_discovery:discover_packages(path) check parameters
[0.483s] Level 1:colcon.colcon_core.package_discovery:discover_packages(colcon_meta) discover
[0.483s] Level 1:colcon.colcon_core.package_discovery:discover_packages(recursive) discover
[0.483s] INFO:colcon.colcon_core.package_discovery:Crawling recursively for packages in '/home/ros2_ws/src/my_roobot_interfaces'
[0.483s] Level 1:colcon.colcon_core.package_identification:_identify(.) by extensions ['ignore', 'ignore_ament_install']
[0.483s] Level 1:colcon.colcon_core.package_identification:_identify(.) by extension 'ignore'
[0.483s] Level 1:colcon.colcon_core.package_identification:_identify(.) by extension 'ignore_ament_install'
[0.483s] Level 1:colcon.colcon_core.package_identification:_identify(.) by extensions ['colcon_pkg']
[0.483s] Level 1:colcon.colcon_core.package_identification:_identify(.) by extension 'colcon_pkg'
[0.483s] Level 1:colcon.colcon_core.package_identification:_identify(.) by extensions ['colcon_meta']
[0.483s] Level 1:colcon.colcon_core.package_identification:_identify(.) by extension 'colcon_meta'
[0.483s] Level 1:colcon.colcon_core.package_identification:_identify(.) by extensions ['ros']
[0.483s] Level 1:colcon.colcon_core.package_identification:_identify(.) by extension 'ros'
[0.494s] DEBUG:colcon.colcon_core.package_identification:Package '.' with type 'ros.ament_cmake' and name 'my_roobot_interfaces'
[0.494s] Level 1:colcon.colcon_core.package_discovery:discover_packages(recursive) using defaults
[0.494s] Level 1:colcon.colcon_core.package_discovery:discover_packages(ignore) discover
[0.494s] Level 1:colcon.colcon_core.package_discovery:discover_packages(ignore) using defaults
[0.494s] Level 1:colcon.colcon_core.package_discovery:discover_packages(path) discover
[0.494s] Level 1:colcon.colcon_core.package_discovery:discover_packages(path) using defaults
[0.514s] Level 1:colcon.colcon_core.package_discovery:discover_packages(prefix_path) check parameters
[0.514s] Level 1:colcon.colcon_core.package_discovery:discover_packages(prefix_path) discover
[0.516s] DEBUG:colcon.colcon_installed_package_information.package_discovery:Found 3 installed packages in /home/ros2_ws/install
[0.517s] DEBUG:colcon.colcon_installed_package_information.package_discovery:Found 270 installed packages in /opt/ros/humble
[0.519s] Level 1:colcon.colcon_core.package_discovery:discover_packages(prefix_path) using defaults
[0.570s] Level 5:colcon.colcon_core.verb:set package 'my_roobot_interfaces' build argument 'cmake_args' from command line to 'None'
[0.570s] Level 5:colcon.colcon_core.verb:set package 'my_roobot_interfaces' build argument 'cmake_target' from command line to 'None'
[0.570s] Level 5:colcon.colcon_core.verb:set package 'my_roobot_interfaces' build argument 'cmake_target_skip_unavailable' from command line to 'False'
[0.570s] Level 5:colcon.colcon_core.verb:set package 'my_roobot_interfaces' build argument 'cmake_clean_cache' from command line to 'False'
[0.570s] Level 5:colcon.colcon_core.verb:set package 'my_roobot_interfaces' build argument 'cmake_clean_first' from command line to 'False'
[0.570s] Level 5:colcon.colcon_core.verb:set package 'my_roobot_interfaces' build argument 'cmake_force_configure' from command line to 'False'
[0.570s] Level 5:colcon.colcon_core.verb:set package 'my_roobot_interfaces' build argument 'ament_cmake_args' from command line to 'None'
[0.570s] Level 5:colcon.colcon_core.verb:set package 'my_roobot_interfaces' build argument 'catkin_cmake_args' from command line to 'None'
[0.570s] Level 5:colcon.colcon_core.verb:set package 'my_roobot_interfaces' build argument 'catkin_skip_building_tests' from command line to 'False'
[0.570s] DEBUG:colcon.colcon_core.verb:Building package 'my_roobot_interfaces' with the following arguments: {'ament_cmake_args': None, 'build_base': '/home/ros2_ws/src/my_roobot_interfaces/build/my_roobot_interfaces', 'catkin_cmake_args': None, 'catkin_skip_building_tests': False, 'cmake_args': None, 'cmake_clean_cache': False, 'cmake_clean_first': False, 'cmake_force_configure': False, 'cmake_target': None, 'cmake_target_skip_unavailable': False, 'install_base': '/home/ros2_ws/src/my_roobot_interfaces/install/my_roobot_interfaces', 'merge_install': False, 'path': '/home/ros2_ws/src/my_roobot_interfaces', 'symlink_install': False, 'test_result_base': None}
[0.571s] INFO:colcon.colcon_core.executor:Executing jobs using 'parallel' executor
[0.574s] DEBUG:colcon.colcon_parallel_executor.executor.parallel:run_until_complete
[0.574s] INFO:colcon.colcon_ros.task.ament_cmake.build:Building ROS package in '/home/ros2_ws/src/my_roobot_interfaces' with build type 'ament_cmake'
[0.574s] INFO:colcon.colcon_cmake.task.cmake.build:Building CMake package in '/home/ros2_ws/src/my_roobot_interfaces'
[0.579s] INFO:colcon.colcon_core.plugin_system:Skipping extension 'colcon_core.shell.bat': Not used on non-Windows systems
[0.579s] INFO:colcon.colcon_core.shell:Skip shell extension 'powershell' for command environment: Not usable outside of PowerShell
[0.579s] DEBUG:colcon.colcon_core.shell:Skip shell extension 'dsv' for command environment
[0.587s] DEBUG:colcon.colcon_core.event_handler.log_command:Invoking command in '/home/ros2_ws/src/my_roobot_interfaces/build/my_roobot_interfaces': CMAKE_PREFIX_PATH=${CMAKE_PREFIX_PATH}:/home/ros2_ws/install/my_py_pkg:/opt/ros/humble /usr/bin/cmake --build /home/ros2_ws/src/my_roobot_interfaces/build/my_roobot_interfaces -- -j2 -l2
[0.932s] DEBUG:colcon.colcon_core.event_handler.log_command:Invoked command in '/home/ros2_ws/src/my_roobot_interfaces/build/my_roobot_interfaces' returned '0': CMAKE_PREFIX_PATH=${CMAKE_PREFIX_PATH}:/home/ros2_ws/install/my_py_pkg:/opt/ros/humble /usr/bin/cmake --build /home/ros2_ws/src/my_roobot_interfaces/build/my_roobot_interfaces -- -j2 -l2
[1.042s] DEBUG:colcon.colcon_core.event_handler.log_command:Invoking command in '/home/ros2_ws/src/my_roobot_interfaces/build/my_roobot_interfaces': CMAKE_PREFIX_PATH=${CMAKE_PREFIX_PATH}:/home/ros2_ws/install/my_py_pkg:/opt/ros/humble /usr/bin/cmake --install /home/ros2_ws/src/my_roobot_interfaces/build/my_roobot_interfaces
[1.089s] Level 1:colcon.colcon_core.environment:create_environment_scripts_only(my_roobot_interfaces)
[1.093s] DEBUG:colcon.colcon_core.event_handler.log_command:Invoked command in '/home/ros2_ws/src/my_roobot_interfaces/build/my_roobot_interfaces' returned '0': CMAKE_PREFIX_PATH=${CMAKE_PREFIX_PATH}:/home/ros2_ws/install/my_py_pkg:/opt/ros/humble /usr/bin/cmake --install /home/ros2_ws/src/my_roobot_interfaces/build/my_roobot_interfaces
[1.095s] Level 1:colcon.colcon_core.environment:checking '/home/ros2_ws/src/my_roobot_interfaces/install/my_roobot_interfaces' for CMake module files
[1.095s] Level 1:colcon.colcon_core.environment:checking '/home/ros2_ws/src/my_roobot_interfaces/install/my_roobot_interfaces' for CMake config files
[1.095s] Level 1:colcon.colcon_core.shell:create_environment_hook('my_roobot_interfaces', 'cmake_prefix_path')
[1.096s] INFO:colcon.colcon_core.shell:Creating environment hook '/home/ros2_ws/src/my_roobot_interfaces/install/my_roobot_interfaces/share/my_roobot_interfaces/hook/cmake_prefix_path.ps1'
[1.097s] INFO:colcon.colcon_core.shell:Creating environment descriptor '/home/ros2_ws/src/my_roobot_interfaces/install/my_roobot_interfaces/share/my_roobot_interfaces/hook/cmake_prefix_path.dsv'
[1.097s] INFO:colcon.colcon_core.shell:Creating environment hook '/home/ros2_ws/src/my_roobot_interfaces/install/my_roobot_interfaces/share/my_roobot_interfaces/hook/cmake_prefix_path.sh'
[1.098s] Level 1:colcon.colcon_core.environment:checking '/home/ros2_ws/src/my_roobot_interfaces/install/my_roobot_interfaces/lib'
[1.098s] Level 1:colcon.colcon_core.shell:create_environment_hook('my_roobot_interfaces', 'ld_library_path_lib')
[1.099s] INFO:colcon.colcon_core.shell:Creating environment hook '/home/ros2_ws/src/my_roobot_interfaces/install/my_roobot_interfaces/share/my_roobot_interfaces/hook/ld_library_path_lib.ps1'
[1.099s] INFO:colcon.colcon_core.shell:Creating environment descriptor '/home/ros2_ws/src/my_roobot_interfaces/install/my_roobot_interfaces/share/my_roobot_interfaces/hook/ld_library_path_lib.dsv'
[1.099s] INFO:colcon.colcon_core.shell:Creating environment hook '/home/ros2_ws/src/my_roobot_interfaces/install/my_roobot_interfaces/share/my_roobot_interfaces/hook/ld_library_path_lib.sh'
[1.100s] Level 1:colcon.colcon_core.environment:checking '/home/ros2_ws/src/my_roobot_interfaces/install/my_roobot_interfaces/bin'
[1.100s] Level 1:colcon.colcon_core.environment:checking '/home/ros2_ws/src/my_roobot_interfaces/install/my_roobot_interfaces/lib/pkgconfig/my_roobot_interfaces.pc'
[1.100s] Level 1:colcon.colcon_core.environment:checking '/home/ros2_ws/src/my_roobot_interfaces/install/my_roobot_interfaces/lib/python3.10/site-packages'
[1.100s] Level 1:colcon.colcon_core.environment:checking '/home/ros2_ws/src/my_roobot_interfaces/install/my_roobot_interfaces/bin'
[1.101s] INFO:colcon.colcon_core.shell:Creating package script '/home/ros2_ws/src/my_roobot_interfaces/install/my_roobot_interfaces/share/my_roobot_interfaces/package.ps1'
[1.102s] INFO:colcon.colcon_core.shell:Creating package descriptor '/home/ros2_ws/src/my_roobot_interfaces/install/my_roobot_interfaces/share/my_roobot_interfaces/package.dsv'
[1.103s] INFO:colcon.colcon_core.shell:Creating package script '/home/ros2_ws/src/my_roobot_interfaces/install/my_roobot_interfaces/share/my_roobot_interfaces/package.sh'
[1.103s] INFO:colcon.colcon_core.shell:Creating package script '/home/ros2_ws/src/my_roobot_interfaces/install/my_roobot_interfaces/share/my_roobot_interfaces/package.bash'
[1.104s] INFO:colcon.colcon_core.shell:Creating package script '/home/ros2_ws/src/my_roobot_interfaces/install/my_roobot_interfaces/share/my_roobot_interfaces/package.zsh'
[1.104s] Level 1:colcon.colcon_core.environment:create_file_with_runtime_dependencies(/home/ros2_ws/src/my_roobot_interfaces/install/my_roobot_interfaces/share/colcon-core/packages/my_roobot_interfaces)
[1.203s] Level 1:colcon.colcon_core.environment:create_environment_scripts_only(my_roobot_interfaces)
[1.204s] Level 1:colcon.colcon_core.environment:checking '/home/ros2_ws/src/my_roobot_interfaces/install/my_roobot_interfaces' for CMake module files
[1.205s] Level 1:colcon.colcon_core.environment:checking '/home/ros2_ws/src/my_roobot_interfaces/install/my_roobot_interfaces' for CMake config files
[1.205s] Level 1:colcon.colcon_core.shell:create_environment_hook('my_roobot_interfaces', 'cmake_prefix_path')
[1.206s] INFO:colcon.colcon_core.shell:Creating environment hook '/home/ros2_ws/src/my_roobot_interfaces/install/my_roobot_interfaces/share/my_roobot_interfaces/hook/cmake_prefix_path.ps1'
[1.206s] INFO:colcon.colcon_core.shell:Creating environment descriptor '/home/ros2_ws/src/my_roobot_interfaces/install/my_roobot_interfaces/share/my_roobot_interfaces/hook/cmake_prefix_path.dsv'
[1.207s] INFO:colcon.colcon_core.shell:Creating environment hook '/home/ros2_ws/src/my_roobot_interfaces/install/my_roobot_interfaces/share/my_roobot_interfaces/hook/cmake_prefix_path.sh'
[1.207s] Level 1:colcon.colcon_core.environment:checking '/home/ros2_ws/src/my_roobot_interfaces/install/my_roobot_interfaces/lib'
[1.207s] Level 1:colcon.colcon_core.shell:create_environment_hook('my_roobot_interfaces', 'ld_library_path_lib')
[1.208s] INFO:colcon.colcon_core.shell:Creating environment hook '/home/ros2_ws/src/my_roobot_interfaces/install/my_roobot_interfaces/share/my_roobot_interfaces/hook/ld_library_path_lib.ps1'
[1.208s] INFO:colcon.colcon_core.shell:Creating environment descriptor '/home/ros2_ws/src/my_roobot_interfaces/install/my_roobot_interfaces/share/my_roobot_interfaces/hook/ld_library_path_lib.dsv'
[1.209s] INFO:colcon.colcon_core.shell:Creating environment hook '/home/ros2_ws/src/my_roobot_interfaces/install/my_roobot_interfaces/share/my_roobot_interfaces/hook/ld_library_path_lib.sh'
[1.209s] Level 1:colcon.colcon_core.environment:checking '/home/ros2_ws/src/my_roobot_interfaces/install/my_roobot_interfaces/bin'
[1.209s] Level 1:colcon.colcon_core.environment:checking '/home/ros2_ws/src/my_roobot_interfaces/install/my_roobot_interfaces/lib/pkgconfig/my_roobot_interfaces.pc'
[1.209s] Level 1:colcon.colcon_core.environment:checking '/home/ros2_ws/src/my_roobot_interfaces/install/my_roobot_interfaces/lib/python3.10/site-packages'
[1.209s] Level 1:colcon.colcon_core.environment:checking '/home/ros2_ws/src/my_roobot_interfaces/install/my_roobot_interfaces/bin'
[1.211s] INFO:colcon.colcon_core.shell:Creating package script '/home/ros2_ws/src/my_roobot_interfaces/install/my_roobot_interfaces/share/my_roobot_interfaces/package.ps1'
[1.211s] INFO:colcon.colcon_core.shell:Creating package descriptor '/home/ros2_ws/src/my_roobot_interfaces/install/my_roobot_interfaces/share/my_roobot_interfaces/package.dsv'
[1.211s] INFO:colcon.colcon_core.shell:Creating package script '/home/ros2_ws/src/my_roobot_interfaces/install/my_roobot_interfaces/share/my_roobot_interfaces/package.sh'
[1.212s] INFO:colcon.colcon_core.shell:Creating package script '/home/ros2_ws/src/my_roobot_interfaces/install/my_roobot_interfaces/share/my_roobot_interfaces/package.bash'
[1.212s] INFO:colcon.colcon_core.shell:Creating package script '/home/ros2_ws/src/my_roobot_interfaces/install/my_roobot_interfaces/share/my_roobot_interfaces/package.zsh'
[1.212s] Level 1:colcon.colcon_core.environment:create_file_with_runtime_dependencies(/home/ros2_ws/src/my_roobot_interfaces/install/my_roobot_interfaces/share/colcon-core/packages/my_roobot_interfaces)
[1.213s] DEBUG:colcon.colcon_parallel_executor.executor.parallel:closing loop
[1.213s] DEBUG:colcon.colcon_parallel_executor.executor.parallel:loop closed
[1.213s] DEBUG:colcon.colcon_parallel_executor.executor.parallel:run_until_complete finished with '0'
[1.213s] DEBUG:colcon.colcon_core.event_reactor:joining thread
[1.293s] INFO:colcon.colcon_core.plugin_system:Skipping extension 'colcon_notification.desktop_notification.notify_send': Could not find 'notify-send'
[1.293s] INFO:colcon.colcon_core.plugin_system:Skipping extension 'colcon_notification.desktop_notification.terminal_notifier': Not used on non-Darwin systems
[1.293s] INFO:colcon.colcon_core.plugin_system:Skipping extension 'colcon_notification.desktop_notification.win32': Not used on non-Windows systems
[1.293s] INFO:colcon.colcon_notification.desktop_notification:Sending desktop notification using 'notify2'
[1.378s] DEBUG:colcon.colcon_notification.desktop_notification.notify2:Failed to initialize notify2: org.freedesktop.DBus.Error.ServiceUnknown: The name org.freedesktop.Notifications was not provided by any .service files
[1.378s] DEBUG:colcon.colcon_core.event_reactor:joined thread
[1.382s] INFO:colcon.colcon_core.shell:Creating prefix script '/home/ros2_ws/src/my_roobot_interfaces/install/local_setup.ps1'
[1.385s] INFO:colcon.colcon_core.shell:Creating prefix util module '/home/ros2_ws/src/my_roobot_interfaces/install/_local_setup_util_ps1.py'
[1.387s] INFO:colcon.colcon_core.shell:Creating prefix chain script '/home/ros2_ws/src/my_roobot_interfaces/install/setup.ps1'
[1.388s] INFO:colcon.colcon_core.shell:Creating prefix script '/home/ros2_ws/src/my_roobot_interfaces/install/local_setup.sh'
[1.389s] INFO:colcon.colcon_core.shell:Creating prefix util module '/home/ros2_ws/src/my_roobot_interfaces/install/_local_setup_util_sh.py'
[1.390s] INFO:colcon.colcon_core.shell:Creating prefix chain script '/home/ros2_ws/src/my_roobot_interfaces/install/setup.sh'
[1.392s] INFO:colcon.colcon_core.shell:Creating prefix script '/home/ros2_ws/src/my_roobot_interfaces/install/local_setup.bash'
[1.392s] INFO:colcon.colcon_core.shell:Creating prefix chain script '/home/ros2_ws/src/my_roobot_interfaces/install/setup.bash'
[1.394s] INFO:colcon.colcon_core.shell:Creating prefix script '/home/ros2_ws/src/my_roobot_interfaces/install/local_setup.zsh'
[1.394s] INFO:colcon.colcon_core.shell:Creating prefix chain script '/home/ros2_ws/src/my_roobot_interfaces/install/setup.zsh'
