[0.013s] Invoking command in '/home/ros2_ws/build/my_roobot_interfaces': CMAKE_PREFIX_PATH=${CMAKE_PREFIX_PATH}:/home/ros2_ws/install/my_py_pkg:/opt/ros/humble /usr/bin/cmake --build /home/ros2_ws/build/my_roobot_interfaces -- -j2 -l2
[0.054s] [ 12%] Built target my_roobot_interfaces__rosidl_generator_c
[0.054s] [  9%] Built target my_roobot_interfaces__cpp
[0.070s] [ 22%] Built target my_roobot_interfaces__rosidl_typesupport_cpp
[0.078s] [ 22%] Built target ament_cmake_python_copy_my_roobot_interfaces
[0.086s] [ 32%] Built target my_roobot_interfaces__rosidl_typesupport_fastrtps_c
[0.093s] [ 41%] Built target my_roobot_interfaces__rosidl_typesupport_introspection_c
[0.101s] [ 51%] Built target my_roobot_interfaces__rosidl_typesupport_c
[0.109s] [ 61%] Built target my_roobot_interfaces__rosidl_typesupport_fastrtps_cpp
[0.116s] [ 70%] Built target my_roobot_interfaces__rosidl_typesupport_introspection_cpp
[0.131s] [ 70%] Built target my_roobot_interfaces
[0.145s] [ 74%] Built target my_roobot_interfaces__py
[0.161s] [ 80%] Built target my_roobot_interfaces__rosidl_generator_py
[0.176s] [ 87%] Built target my_roobot_interfaces__rosidl_typesupport_fastrtps_c__pyext
[0.193s] [ 93%] Built target my_roobot_interfaces__rosidl_typesupport_introspection_c__pyext
[0.208s] [100%] Built target my_roobot_interfaces__rosidl_typesupport_c__pyext
[0.307s] running egg_info
[0.308s] writing my_roobot_interfaces.egg-info/PKG-INFO
[0.308s] writing dependency_links to my_roobot_interfaces.egg-info/dependency_links.txt
[0.308s] writing top-level names to my_roobot_interfaces.egg-info/top_level.txt
[0.310s] reading manifest file 'my_roobot_interfaces.egg-info/SOURCES.txt'
[0.311s] writing manifest file 'my_roobot_interfaces.egg-info/SOURCES.txt'
[0.334s] [100%] Built target ament_cmake_python_build_my_roobot_interfaces_egg
[0.344s] Invoked command in '/home/ros2_ws/build/my_roobot_interfaces' returned '0': CMAKE_PREFIX_PATH=${CMAKE_PREFIX_PATH}:/home/ros2_ws/install/my_py_pkg:/opt/ros/humble /usr/bin/cmake --build /home/ros2_ws/build/my_roobot_interfaces -- -j2 -l2
[0.402s] Invoking command in '/home/ros2_ws/build/my_roobot_interfaces': CMAKE_PREFIX_PATH=${CMAKE_PREFIX_PATH}:/home/ros2_ws/install/my_py_pkg:/opt/ros/humble /usr/bin/cmake --install /home/ros2_ws/build/my_roobot_interfaces
[0.408s] -- Install configuration: ""
[0.409s] -- Up-to-date: /home/ros2_ws/install/my_roobot_interfaces/share/ament_index/resource_index/rosidl_interfaces/my_roobot_interfaces
[0.409s] -- Up-to-date: /home/ros2_ws/install/my_roobot_interfaces/include/my_roobot_interfaces/my_roobot_interfaces
[0.409s] -- Up-to-date: /home/ros2_ws/install/my_roobot_interfaces/include/my_roobot_interfaces/my_roobot_interfaces/msg
[0.409s] -- Up-to-date: /home/ros2_ws/install/my_roobot_interfaces/include/my_roobot_interfaces/my_roobot_interfaces/msg/hardware_status.h
[0.409s] -- Up-to-date: /home/ros2_ws/install/my_roobot_interfaces/include/my_roobot_interfaces/my_roobot_interfaces/msg/rosidl_generator_c__visibility_control.h
[0.409s] -- Up-to-date: /home/ros2_ws/install/my_roobot_interfaces/include/my_roobot_interfaces/my_roobot_interfaces/msg/detail
[0.409s] -- Up-to-date: /home/ros2_ws/install/my_roobot_interfaces/include/my_roobot_interfaces/my_roobot_interfaces/msg/detail/hardware_status__struct.h
[0.409s] -- Up-to-date: /home/ros2_ws/install/my_roobot_interfaces/include/my_roobot_interfaces/my_roobot_interfaces/msg/detail/hardware_status__type_support.h
[0.409s] -- Up-to-date: /home/ros2_ws/install/my_roobot_interfaces/include/my_roobot_interfaces/my_roobot_interfaces/msg/detail/hardware_status__functions.c
[0.409s] -- Up-to-date: /home/ros2_ws/install/my_roobot_interfaces/include/my_roobot_interfaces/my_roobot_interfaces/msg/detail/hardware_status__functions.h
[0.409s] -- Up-to-date: /home/ros2_ws/install/my_roobot_interfaces/share/my_roobot_interfaces/environment/library_path.sh
[0.409s] -- Up-to-date: /home/ros2_ws/install/my_roobot_interfaces/share/my_roobot_interfaces/environment/library_path.dsv
[0.409s] -- Up-to-date: /home/ros2_ws/install/my_roobot_interfaces/lib/libmy_roobot_interfaces__rosidl_generator_c.so
[0.409s] -- Up-to-date: /home/ros2_ws/install/my_roobot_interfaces/include/my_roobot_interfaces/my_roobot_interfaces
[0.409s] -- Up-to-date: /home/ros2_ws/install/my_roobot_interfaces/include/my_roobot_interfaces/my_roobot_interfaces/msg
[0.410s] -- Up-to-date: /home/ros2_ws/install/my_roobot_interfaces/include/my_roobot_interfaces/my_roobot_interfaces/msg/rosidl_typesupport_fastrtps_c__visibility_control.h
[0.410s] -- Up-to-date: /home/ros2_ws/install/my_roobot_interfaces/include/my_roobot_interfaces/my_roobot_interfaces/msg/detail
[0.410s] -- Up-to-date: /home/ros2_ws/install/my_roobot_interfaces/include/my_roobot_interfaces/my_roobot_interfaces/msg/detail/hardware_status__rosidl_typesupport_fastrtps_c.h
[0.410s] -- Up-to-date: /home/ros2_ws/install/my_roobot_interfaces/lib/libmy_roobot_interfaces__rosidl_typesupport_fastrtps_c.so
[0.410s] -- Up-to-date: /home/ros2_ws/install/my_roobot_interfaces/include/my_roobot_interfaces/my_roobot_interfaces
[0.410s] -- Up-to-date: /home/ros2_ws/install/my_roobot_interfaces/include/my_roobot_interfaces/my_roobot_interfaces/msg
[0.410s] -- Up-to-date: /home/ros2_ws/install/my_roobot_interfaces/include/my_roobot_interfaces/my_roobot_interfaces/msg/rosidl_typesupport_introspection_c__visibility_control.h
[0.410s] -- Up-to-date: /home/ros2_ws/install/my_roobot_interfaces/include/my_roobot_interfaces/my_roobot_interfaces/msg/detail
[0.410s] -- Up-to-date: /home/ros2_ws/install/my_roobot_interfaces/include/my_roobot_interfaces/my_roobot_interfaces/msg/detail/hardware_status__type_support.c
[0.410s] -- Up-to-date: /home/ros2_ws/install/my_roobot_interfaces/include/my_roobot_interfaces/my_roobot_interfaces/msg/detail/hardware_status__rosidl_typesupport_introspection_c.h
[0.410s] -- Up-to-date: /home/ros2_ws/install/my_roobot_interfaces/lib/libmy_roobot_interfaces__rosidl_typesupport_introspection_c.so
[0.410s] -- Up-to-date: /home/ros2_ws/install/my_roobot_interfaces/lib/libmy_roobot_interfaces__rosidl_typesupport_c.so
[0.410s] -- Up-to-date: /home/ros2_ws/install/my_roobot_interfaces/include/my_roobot_interfaces/my_roobot_interfaces
[0.410s] -- Up-to-date: /home/ros2_ws/install/my_roobot_interfaces/include/my_roobot_interfaces/my_roobot_interfaces/msg
[0.411s] -- Up-to-date: /home/ros2_ws/install/my_roobot_interfaces/include/my_roobot_interfaces/my_roobot_interfaces/msg/hardware_status.hpp
[0.411s] -- Up-to-date: /home/ros2_ws/install/my_roobot_interfaces/include/my_roobot_interfaces/my_roobot_interfaces/msg/detail
[0.411s] -- Up-to-date: /home/ros2_ws/install/my_roobot_interfaces/include/my_roobot_interfaces/my_roobot_interfaces/msg/detail/hardware_status__traits.hpp
[0.411s] -- Up-to-date: /home/ros2_ws/install/my_roobot_interfaces/include/my_roobot_interfaces/my_roobot_interfaces/msg/detail/hardware_status__builder.hpp
[0.411s] -- Up-to-date: /home/ros2_ws/install/my_roobot_interfaces/include/my_roobot_interfaces/my_roobot_interfaces/msg/detail/hardware_status__struct.hpp
[0.411s] -- Up-to-date: /home/ros2_ws/install/my_roobot_interfaces/include/my_roobot_interfaces/my_roobot_interfaces
[0.411s] -- Up-to-date: /home/ros2_ws/install/my_roobot_interfaces/include/my_roobot_interfaces/my_roobot_interfaces/msg
[0.411s] -- Up-to-date: /home/ros2_ws/install/my_roobot_interfaces/include/my_roobot_interfaces/my_roobot_interfaces/msg/rosidl_typesupport_fastrtps_cpp__visibility_control.h
[0.411s] -- Up-to-date: /home/ros2_ws/install/my_roobot_interfaces/include/my_roobot_interfaces/my_roobot_interfaces/msg/detail
[0.411s] -- Up-to-date: /home/ros2_ws/install/my_roobot_interfaces/include/my_roobot_interfaces/my_roobot_interfaces/msg/detail/hardware_status__rosidl_typesupport_fastrtps_cpp.hpp
[0.411s] -- Up-to-date: /home/ros2_ws/install/my_roobot_interfaces/include/my_roobot_interfaces/my_roobot_interfaces/msg/detail/dds_fastrtps
[0.411s] -- Up-to-date: /home/ros2_ws/install/my_roobot_interfaces/lib/libmy_roobot_interfaces__rosidl_typesupport_fastrtps_cpp.so
[0.411s] -- Up-to-date: /home/ros2_ws/install/my_roobot_interfaces/include/my_roobot_interfaces/my_roobot_interfaces
[0.411s] -- Up-to-date: /home/ros2_ws/install/my_roobot_interfaces/include/my_roobot_interfaces/my_roobot_interfaces/msg
[0.411s] -- Up-to-date: /home/ros2_ws/install/my_roobot_interfaces/include/my_roobot_interfaces/my_roobot_interfaces/msg/detail
[0.411s] -- Up-to-date: /home/ros2_ws/install/my_roobot_interfaces/include/my_roobot_interfaces/my_roobot_interfaces/msg/detail/hardware_status__type_support.cpp
[0.412s] -- Up-to-date: /home/ros2_ws/install/my_roobot_interfaces/include/my_roobot_interfaces/my_roobot_interfaces/msg/detail/hardware_status__rosidl_typesupport_introspection_cpp.hpp
[0.412s] -- Up-to-date: /home/ros2_ws/install/my_roobot_interfaces/lib/libmy_roobot_interfaces__rosidl_typesupport_introspection_cpp.so
[0.412s] -- Up-to-date: /home/ros2_ws/install/my_roobot_interfaces/lib/libmy_roobot_interfaces__rosidl_typesupport_cpp.so
[0.412s] -- Up-to-date: /home/ros2_ws/install/my_roobot_interfaces/share/my_roobot_interfaces/environment/pythonpath.sh
[0.412s] -- Up-to-date: /home/ros2_ws/install/my_roobot_interfaces/share/my_roobot_interfaces/environment/pythonpath.dsv
[0.412s] -- Up-to-date: /home/ros2_ws/install/my_roobot_interfaces/local/lib/python3.10/dist-packages/my_roobot_interfaces-0.0.0-py3.10.egg-info
[0.412s] -- Installing: /home/ros2_ws/install/my_roobot_interfaces/local/lib/python3.10/dist-packages/my_roobot_interfaces-0.0.0-py3.10.egg-info/top_level.txt
[0.412s] -- Installing: /home/ros2_ws/install/my_roobot_interfaces/local/lib/python3.10/dist-packages/my_roobot_interfaces-0.0.0-py3.10.egg-info/dependency_links.txt
[0.412s] -- Installing: /home/ros2_ws/install/my_roobot_interfaces/local/lib/python3.10/dist-packages/my_roobot_interfaces-0.0.0-py3.10.egg-info/SOURCES.txt
[0.412s] -- Installing: /home/ros2_ws/install/my_roobot_interfaces/local/lib/python3.10/dist-packages/my_roobot_interfaces-0.0.0-py3.10.egg-info/PKG-INFO
[0.412s] -- Up-to-date: /home/ros2_ws/install/my_roobot_interfaces/local/lib/python3.10/dist-packages/my_roobot_interfaces
[0.412s] -- Up-to-date: /home/ros2_ws/install/my_roobot_interfaces/local/lib/python3.10/dist-packages/my_roobot_interfaces/my_roobot_interfaces_s__rosidl_typesupport_introspection_c.cpython-310-x86_64-linux-gnu.so
[0.413s] -- Up-to-date: /home/ros2_ws/install/my_roobot_interfaces/local/lib/python3.10/dist-packages/my_roobot_interfaces/my_roobot_interfaces_s__rosidl_typesupport_fastrtps_c.cpython-310-x86_64-linux-gnu.so
[0.413s] -- Up-to-date: /home/ros2_ws/install/my_roobot_interfaces/local/lib/python3.10/dist-packages/my_roobot_interfaces/_my_roobot_interfaces_s.ep.rosidl_typesupport_introspection_c.c
[0.413s] -- Up-to-date: /home/ros2_ws/install/my_roobot_interfaces/local/lib/python3.10/dist-packages/my_roobot_interfaces/my_roobot_interfaces_s__rosidl_typesupport_c.cpython-310-x86_64-linux-gnu.so
[0.413s] -- Up-to-date: /home/ros2_ws/install/my_roobot_interfaces/local/lib/python3.10/dist-packages/my_roobot_interfaces/libmy_roobot_interfaces__rosidl_generator_py.so
[0.413s] -- Up-to-date: /home/ros2_ws/install/my_roobot_interfaces/local/lib/python3.10/dist-packages/my_roobot_interfaces/msg
[0.413s] -- Up-to-date: /home/ros2_ws/install/my_roobot_interfaces/local/lib/python3.10/dist-packages/my_roobot_interfaces/msg/_hardware_status_s.c
[0.413s] -- Up-to-date: /home/ros2_ws/install/my_roobot_interfaces/local/lib/python3.10/dist-packages/my_roobot_interfaces/msg/__init__.py
[0.413s] -- Up-to-date: /home/ros2_ws/install/my_roobot_interfaces/local/lib/python3.10/dist-packages/my_roobot_interfaces/msg/_hardware_status.py
[0.413s] -- Up-to-date: /home/ros2_ws/install/my_roobot_interfaces/local/lib/python3.10/dist-packages/my_roobot_interfaces/_my_roobot_interfaces_s.ep.rosidl_typesupport_c.c
[0.413s] -- Up-to-date: /home/ros2_ws/install/my_roobot_interfaces/local/lib/python3.10/dist-packages/my_roobot_interfaces/_my_roobot_interfaces_s.ep.rosidl_typesupport_fastrtps_c.c
[0.413s] -- Up-to-date: /home/ros2_ws/install/my_roobot_interfaces/local/lib/python3.10/dist-packages/my_roobot_interfaces/__init__.py
[0.440s] Listing '/home/ros2_ws/install/my_roobot_interfaces/local/lib/python3.10/dist-packages/my_roobot_interfaces'...
[0.440s] Listing '/home/ros2_ws/install/my_roobot_interfaces/local/lib/python3.10/dist-packages/my_roobot_interfaces/msg'...
[0.444s] -- Up-to-date: /home/ros2_ws/install/my_roobot_interfaces/local/lib/python3.10/dist-packages/my_roobot_interfaces/my_roobot_interfaces_s__rosidl_typesupport_fastrtps_c.cpython-310-x86_64-linux-gnu.so
[0.444s] -- Up-to-date: /home/ros2_ws/install/my_roobot_interfaces/local/lib/python3.10/dist-packages/my_roobot_interfaces/my_roobot_interfaces_s__rosidl_typesupport_introspection_c.cpython-310-x86_64-linux-gnu.so
[0.444s] -- Up-to-date: /home/ros2_ws/install/my_roobot_interfaces/local/lib/python3.10/dist-packages/my_roobot_interfaces/my_roobot_interfaces_s__rosidl_typesupport_c.cpython-310-x86_64-linux-gnu.so
[0.445s] -- Up-to-date: /home/ros2_ws/install/my_roobot_interfaces/lib/libmy_roobot_interfaces__rosidl_generator_py.so
[0.445s] -- Up-to-date: /home/ros2_ws/install/my_roobot_interfaces/share/my_roobot_interfaces/msg/HardwareStatus.idl
[0.445s] -- Up-to-date: /home/ros2_ws/install/my_roobot_interfaces/share/my_roobot_interfaces/msg/HardwareStatus.msg
[0.445s] -- Up-to-date: /home/ros2_ws/install/my_roobot_interfaces/share/ament_index/resource_index/package_run_dependencies/my_roobot_interfaces
[0.445s] -- Up-to-date: /home/ros2_ws/install/my_roobot_interfaces/share/ament_index/resource_index/parent_prefix_path/my_roobot_interfaces
[0.445s] -- Up-to-date: /home/ros2_ws/install/my_roobot_interfaces/share/my_roobot_interfaces/environment/ament_prefix_path.sh
[0.446s] -- Up-to-date: /home/ros2_ws/install/my_roobot_interfaces/share/my_roobot_interfaces/environment/ament_prefix_path.dsv
[0.446s] -- Up-to-date: /home/ros2_ws/install/my_roobot_interfaces/share/my_roobot_interfaces/environment/path.sh
[0.446s] -- Up-to-date: /home/ros2_ws/install/my_roobot_interfaces/share/my_roobot_interfaces/environment/path.dsv
[0.446s] -- Up-to-date: /home/ros2_ws/install/my_roobot_interfaces/share/my_roobot_interfaces/local_setup.bash
[0.446s] -- Up-to-date: /home/ros2_ws/install/my_roobot_interfaces/share/my_roobot_interfaces/local_setup.sh
[0.446s] -- Up-to-date: /home/ros2_ws/install/my_roobot_interfaces/share/my_roobot_interfaces/local_setup.zsh
[0.446s] -- Up-to-date: /home/ros2_ws/install/my_roobot_interfaces/share/my_roobot_interfaces/local_setup.dsv
[0.446s] -- Up-to-date: /home/ros2_ws/install/my_roobot_interfaces/share/my_roobot_interfaces/package.dsv
[0.447s] -- Up-to-date: /home/ros2_ws/install/my_roobot_interfaces/share/ament_index/resource_index/packages/my_roobot_interfaces
[0.447s] -- Up-to-date: /home/ros2_ws/install/my_roobot_interfaces/share/my_roobot_interfaces/cmake/export_my_roobot_interfaces__rosidl_generator_cExport.cmake
[0.447s] -- Up-to-date: /home/ros2_ws/install/my_roobot_interfaces/share/my_roobot_interfaces/cmake/export_my_roobot_interfaces__rosidl_generator_cExport-noconfig.cmake
[0.447s] -- Up-to-date: /home/ros2_ws/install/my_roobot_interfaces/share/my_roobot_interfaces/cmake/export_my_roobot_interfaces__rosidl_typesupport_fastrtps_cExport.cmake
[0.447s] -- Up-to-date: /home/ros2_ws/install/my_roobot_interfaces/share/my_roobot_interfaces/cmake/export_my_roobot_interfaces__rosidl_typesupport_fastrtps_cExport-noconfig.cmake
[0.447s] -- Up-to-date: /home/ros2_ws/install/my_roobot_interfaces/share/my_roobot_interfaces/cmake/my_roobot_interfaces__rosidl_typesupport_introspection_cExport.cmake
[0.447s] -- Up-to-date: /home/ros2_ws/install/my_roobot_interfaces/share/my_roobot_interfaces/cmake/my_roobot_interfaces__rosidl_typesupport_introspection_cExport-noconfig.cmake
[0.447s] -- Up-to-date: /home/ros2_ws/install/my_roobot_interfaces/share/my_roobot_interfaces/cmake/my_roobot_interfaces__rosidl_typesupport_cExport.cmake
[0.447s] -- Up-to-date: /home/ros2_ws/install/my_roobot_interfaces/share/my_roobot_interfaces/cmake/my_roobot_interfaces__rosidl_typesupport_cExport-noconfig.cmake
[0.447s] -- Up-to-date: /home/ros2_ws/install/my_roobot_interfaces/share/my_roobot_interfaces/cmake/export_my_roobot_interfaces__rosidl_generator_cppExport.cmake
[0.447s] -- Up-to-date: /home/ros2_ws/install/my_roobot_interfaces/share/my_roobot_interfaces/cmake/export_my_roobot_interfaces__rosidl_typesupport_fastrtps_cppExport.cmake
[0.447s] -- Up-to-date: /home/ros2_ws/install/my_roobot_interfaces/share/my_roobot_interfaces/cmake/export_my_roobot_interfaces__rosidl_typesupport_fastrtps_cppExport-noconfig.cmake
[0.447s] -- Up-to-date: /home/ros2_ws/install/my_roobot_interfaces/share/my_roobot_interfaces/cmake/my_roobot_interfaces__rosidl_typesupport_introspection_cppExport.cmake
[0.447s] -- Up-to-date: /home/ros2_ws/install/my_roobot_interfaces/share/my_roobot_interfaces/cmake/my_roobot_interfaces__rosidl_typesupport_introspection_cppExport-noconfig.cmake
[0.447s] -- Up-to-date: /home/ros2_ws/install/my_roobot_interfaces/share/my_roobot_interfaces/cmake/my_roobot_interfaces__rosidl_typesupport_cppExport.cmake
[0.447s] -- Up-to-date: /home/ros2_ws/install/my_roobot_interfaces/share/my_roobot_interfaces/cmake/my_roobot_interfaces__rosidl_typesupport_cppExport-noconfig.cmake
[0.448s] -- Up-to-date: /home/ros2_ws/install/my_roobot_interfaces/share/my_roobot_interfaces/cmake/export_my_roobot_interfaces__rosidl_generator_pyExport.cmake
[0.448s] -- Up-to-date: /home/ros2_ws/install/my_roobot_interfaces/share/my_roobot_interfaces/cmake/export_my_roobot_interfaces__rosidl_generator_pyExport-noconfig.cmake
[0.448s] -- Up-to-date: /home/ros2_ws/install/my_roobot_interfaces/share/my_roobot_interfaces/cmake/rosidl_cmake-extras.cmake
[0.448s] -- Up-to-date: /home/ros2_ws/install/my_roobot_interfaces/share/my_roobot_interfaces/cmake/ament_cmake_export_include_directories-extras.cmake
[0.448s] -- Up-to-date: /home/ros2_ws/install/my_roobot_interfaces/share/my_roobot_interfaces/cmake/ament_cmake_export_libraries-extras.cmake
[0.448s] -- Up-to-date: /home/ros2_ws/install/my_roobot_interfaces/share/my_roobot_interfaces/cmake/ament_cmake_export_targets-extras.cmake
[0.448s] -- Up-to-date: /home/ros2_ws/install/my_roobot_interfaces/share/my_roobot_interfaces/cmake/rosidl_cmake_export_typesupport_targets-extras.cmake
[0.448s] -- Up-to-date: /home/ros2_ws/install/my_roobot_interfaces/share/my_roobot_interfaces/cmake/ament_cmake_export_dependencies-extras.cmake
[0.448s] -- Up-to-date: /home/ros2_ws/install/my_roobot_interfaces/share/my_roobot_interfaces/cmake/rosidl_cmake_export_typesupport_libraries-extras.cmake
[0.449s] -- Up-to-date: /home/ros2_ws/install/my_roobot_interfaces/share/my_roobot_interfaces/cmake/my_roobot_interfacesConfig.cmake
[0.449s] -- Up-to-date: /home/ros2_ws/install/my_roobot_interfaces/share/my_roobot_interfaces/cmake/my_roobot_interfacesConfig-version.cmake
[0.450s] -- Up-to-date: /home/ros2_ws/install/my_roobot_interfaces/share/my_roobot_interfaces/package.xml
[0.450s] Invoked command in '/home/ros2_ws/build/my_roobot_interfaces' returned '0': CMAKE_PREFIX_PATH=${CMAKE_PREFIX_PATH}:/home/ros2_ws/install/my_py_pkg:/opt/ros/humble /usr/bin/cmake --install /home/ros2_ws/build/my_roobot_interfaces
