[0.012s] Invoking command in '/home/ros2_ws/build/my_roobot_interfaces': CMAKE_PREFIX_PATH=${CMAKE_PREFIX_PATH}:/home/ros2_ws/install/my_py_pkg:/opt/ros/humble /usr/bin/cmake --build /home/ros2_ws/build/my_roobot_interfaces -- -j2 -l2
[0.031s] -- Found ament_cmake: 1.3.5 (/opt/ros/humble/share/ament_cmake/cmake)
[0.148s] -- Found rosidl_default_generators: 1.2.0 (/opt/ros/humble/share/rosidl_default_generators/cmake)
[0.149s] -- Using all available rosidl_typesupport_c: rosidl_typesupport_fastrtps_c;rosidl_typesupport_introspection_c
[0.151s] -- Found rosidl_adapter: 3.1.4 (/opt/ros/humble/share/rosidl_adapter/cmake)
[0.355s] -- Using all available rosidl_typesupport_cpp: rosidl_typesupport_fastrtps_cpp;rosidl_typesupport_introspection_cpp
[0.580s] -- Found ament_cmake_ros: 0.10.0 (/opt/ros/humble/share/ament_cmake_ros/cmake)
[0.733s] -- Using all available rosidl_typesupport_c: rosidl_typesupport_fastrtps_c;rosidl_typesupport_introspection_c
[0.926s] -- Using all available rosidl_typesupport_cpp: rosidl_typesupport_fastrtps_cpp;rosidl_typesupport_introspection_cpp
[0.947s] -- Found python_cmake_module: 0.10.0 (/opt/ros/humble/share/python_cmake_module/cmake)
[0.970s] -- Using PYTHON_EXECUTABLE: /usr/bin/python3
[0.971s] -- Using PYTHON_INCLUDE_DIRS: /usr/include/python3.10
[0.971s] -- Using PYTHON_LIBRARIES: /usr/lib/x86_64-linux-gnu/libpython3.10.so
[1.011s] -- Configuring done
[1.071s] -- Generating done
[1.074s] -- Build files have been written to: /home/ros2_ws/build/my_roobot_interfaces
[1.093s] [35m[1mConsolidate compiler generated dependencies of target my_roobot_interfaces__rosidl_generator_c[0m
[1.102s] [  3%] Built target my_roobot_interfaces__cpp
[1.107s] [ 12%] Built target my_roobot_interfaces__rosidl_generator_c
[1.116s] [35m[1mConsolidate compiler generated dependencies of target my_roobot_interfaces__rosidl_typesupport_cpp[0m
[1.132s] [ 12%] Built target ament_cmake_python_copy_my_roobot_interfaces
[1.138s] [ 22%] Built target my_roobot_interfaces__rosidl_typesupport_cpp
[1.140s] [35m[1mConsolidate compiler generated dependencies of target my_roobot_interfaces__rosidl_typesupport_fastrtps_c[0m
[1.148s] [35m[1mConsolidate compiler generated dependencies of target my_roobot_interfaces__rosidl_typesupport_introspection_c[0m
[1.154s] [ 32%] Built target my_roobot_interfaces__rosidl_typesupport_fastrtps_c
[1.158s] [ 41%] Built target my_roobot_interfaces__rosidl_typesupport_introspection_c
[1.163s] [35m[1mConsolidate compiler generated dependencies of target my_roobot_interfaces__rosidl_typesupport_c[0m
[1.169s] [35m[1mConsolidate compiler generated dependencies of target my_roobot_interfaces__rosidl_typesupport_fastrtps_cpp[0m
[1.174s] [ 51%] Built target my_roobot_interfaces__rosidl_typesupport_c
[1.176s] [ 61%] Built target my_roobot_interfaces__rosidl_typesupport_fastrtps_cpp
[1.183s] [35m[1mConsolidate compiler generated dependencies of target my_roobot_interfaces__rosidl_typesupport_introspection_cpp[0m
[1.199s] [ 70%] Built target my_roobot_interfaces__rosidl_typesupport_introspection_cpp
[1.217s] [ 70%] Built target my_roobot_interfaces
[1.233s] [ 74%] Built target my_roobot_interfaces__py
[1.241s] [35m[1mConsolidate compiler generated dependencies of target my_roobot_interfaces__rosidl_generator_py[0m
[1.255s] [ 80%] Built target my_roobot_interfaces__rosidl_generator_py
[1.263s] [35m[1mConsolidate compiler generated dependencies of target my_roobot_interfaces__rosidl_typesupport_fastrtps_c__pyext[0m
[1.274s] [ 87%] Built target my_roobot_interfaces__rosidl_typesupport_fastrtps_c__pyext
[1.282s] [35m[1mConsolidate compiler generated dependencies of target my_roobot_interfaces__rosidl_typesupport_introspection_c__pyext[0m
[1.291s] [ 93%] Built target my_roobot_interfaces__rosidl_typesupport_introspection_c__pyext
[1.299s] [35m[1mConsolidate compiler generated dependencies of target my_roobot_interfaces__rosidl_typesupport_c__pyext[0m
[1.309s] [100%] Built target my_roobot_interfaces__rosidl_typesupport_c__pyext
[1.395s] running egg_info
[1.396s] writing my_roobot_interfaces.egg-info/PKG-INFO
[1.396s] writing dependency_links to my_roobot_interfaces.egg-info/dependency_links.txt
[1.397s] writing top-level names to my_roobot_interfaces.egg-info/top_level.txt
[1.401s] reading manifest file 'my_roobot_interfaces.egg-info/SOURCES.txt'
[1.402s] writing manifest file 'my_roobot_interfaces.egg-info/SOURCES.txt'
[1.423s] [100%] Built target ament_cmake_python_build_my_roobot_interfaces_egg
[1.431s] Invoked command in '/home/ros2_ws/build/my_roobot_interfaces' returned '0': CMAKE_PREFIX_PATH=${CMAKE_PREFIX_PATH}:/home/ros2_ws/install/my_py_pkg:/opt/ros/humble /usr/bin/cmake --build /home/ros2_ws/build/my_roobot_interfaces -- -j2 -l2
[1.489s] Invoking command in '/home/ros2_ws/build/my_roobot_interfaces': CMAKE_PREFIX_PATH=${CMAKE_PREFIX_PATH}:/home/ros2_ws/install/my_py_pkg:/opt/ros/humble /usr/bin/cmake --install /home/ros2_ws/build/my_roobot_interfaces
[1.495s] -- Install configuration: ""
[1.495s] -- Up-to-date: /home/ros2_ws/install/my_roobot_interfaces/share/ament_index/resource_index/rosidl_interfaces/my_roobot_interfaces
[1.495s] -- Up-to-date: /home/ros2_ws/install/my_roobot_interfaces/include/my_roobot_interfaces/my_roobot_interfaces
[1.495s] -- Up-to-date: /home/ros2_ws/install/my_roobot_interfaces/include/my_roobot_interfaces/my_roobot_interfaces/msg
[1.496s] -- Up-to-date: /home/ros2_ws/install/my_roobot_interfaces/include/my_roobot_interfaces/my_roobot_interfaces/msg/hardware_status.h
[1.496s] -- Up-to-date: /home/ros2_ws/install/my_roobot_interfaces/include/my_roobot_interfaces/my_roobot_interfaces/msg/rosidl_generator_c__visibility_control.h
[1.496s] -- Up-to-date: /home/ros2_ws/install/my_roobot_interfaces/include/my_roobot_interfaces/my_roobot_interfaces/msg/detail
[1.496s] -- Up-to-date: /home/ros2_ws/install/my_roobot_interfaces/include/my_roobot_interfaces/my_roobot_interfaces/msg/detail/hardware_status__struct.h
[1.496s] -- Up-to-date: /home/ros2_ws/install/my_roobot_interfaces/include/my_roobot_interfaces/my_roobot_interfaces/msg/detail/hardware_status__type_support.h
[1.496s] -- Up-to-date: /home/ros2_ws/install/my_roobot_interfaces/include/my_roobot_interfaces/my_roobot_interfaces/msg/detail/hardware_status__functions.c
[1.496s] -- Up-to-date: /home/ros2_ws/install/my_roobot_interfaces/include/my_roobot_interfaces/my_roobot_interfaces/msg/detail/hardware_status__functions.h
[1.496s] -- Up-to-date: /home/ros2_ws/install/my_roobot_interfaces/share/my_roobot_interfaces/environment/library_path.sh
[1.496s] -- Installing: /home/ros2_ws/install/my_roobot_interfaces/share/my_roobot_interfaces/environment/library_path.dsv
[1.499s] -- Up-to-date: /home/ros2_ws/install/my_roobot_interfaces/lib/libmy_roobot_interfaces__rosidl_generator_c.so
[1.499s] -- Up-to-date: /home/ros2_ws/install/my_roobot_interfaces/include/my_roobot_interfaces/my_roobot_interfaces
[1.499s] -- Up-to-date: /home/ros2_ws/install/my_roobot_interfaces/include/my_roobot_interfaces/my_roobot_interfaces/msg
[1.499s] -- Up-to-date: /home/ros2_ws/install/my_roobot_interfaces/include/my_roobot_interfaces/my_roobot_interfaces/msg/rosidl_typesupport_fastrtps_c__visibility_control.h
[1.499s] -- Up-to-date: /home/ros2_ws/install/my_roobot_interfaces/include/my_roobot_interfaces/my_roobot_interfaces/msg/detail
[1.499s] -- Up-to-date: /home/ros2_ws/install/my_roobot_interfaces/include/my_roobot_interfaces/my_roobot_interfaces/msg/detail/hardware_status__rosidl_typesupport_fastrtps_c.h
[1.501s] -- Up-to-date: /home/ros2_ws/install/my_roobot_interfaces/lib/libmy_roobot_interfaces__rosidl_typesupport_fastrtps_c.so
[1.501s] -- Up-to-date: /home/ros2_ws/install/my_roobot_interfaces/include/my_roobot_interfaces/my_roobot_interfaces
[1.501s] -- Up-to-date: /home/ros2_ws/install/my_roobot_interfaces/include/my_roobot_interfaces/my_roobot_interfaces/msg
[1.502s] -- Up-to-date: /home/ros2_ws/install/my_roobot_interfaces/include/my_roobot_interfaces/my_roobot_interfaces/msg/rosidl_typesupport_introspection_c__visibility_control.h
[1.502s] -- Up-to-date: /home/ros2_ws/install/my_roobot_interfaces/include/my_roobot_interfaces/my_roobot_interfaces/msg/detail
[1.502s] -- Up-to-date: /home/ros2_ws/install/my_roobot_interfaces/include/my_roobot_interfaces/my_roobot_interfaces/msg/detail/hardware_status__type_support.c
[1.502s] -- Up-to-date: /home/ros2_ws/install/my_roobot_interfaces/include/my_roobot_interfaces/my_roobot_interfaces/msg/detail/hardware_status__rosidl_typesupport_introspection_c.h
[1.505s] -- Up-to-date: /home/ros2_ws/install/my_roobot_interfaces/lib/libmy_roobot_interfaces__rosidl_typesupport_introspection_c.so
[1.506s] -- Up-to-date: /home/ros2_ws/install/my_roobot_interfaces/lib/libmy_roobot_interfaces__rosidl_typesupport_c.so
[1.506s] -- Up-to-date: /home/ros2_ws/install/my_roobot_interfaces/include/my_roobot_interfaces/my_roobot_interfaces
[1.506s] -- Up-to-date: /home/ros2_ws/install/my_roobot_interfaces/include/my_roobot_interfaces/my_roobot_interfaces/msg
[1.506s] -- Up-to-date: /home/ros2_ws/install/my_roobot_interfaces/include/my_roobot_interfaces/my_roobot_interfaces/msg/hardware_status.hpp
[1.506s] -- Up-to-date: /home/ros2_ws/install/my_roobot_interfaces/include/my_roobot_interfaces/my_roobot_interfaces/msg/detail
[1.506s] -- Up-to-date: /home/ros2_ws/install/my_roobot_interfaces/include/my_roobot_interfaces/my_roobot_interfaces/msg/detail/hardware_status__traits.hpp
[1.506s] -- Up-to-date: /home/ros2_ws/install/my_roobot_interfaces/include/my_roobot_interfaces/my_roobot_interfaces/msg/detail/hardware_status__builder.hpp
[1.506s] -- Up-to-date: /home/ros2_ws/install/my_roobot_interfaces/include/my_roobot_interfaces/my_roobot_interfaces/msg/detail/hardware_status__struct.hpp
[1.507s] -- Up-to-date: /home/ros2_ws/install/my_roobot_interfaces/include/my_roobot_interfaces/my_roobot_interfaces
[1.507s] -- Up-to-date: /home/ros2_ws/install/my_roobot_interfaces/include/my_roobot_interfaces/my_roobot_interfaces/msg
[1.507s] -- Up-to-date: /home/ros2_ws/install/my_roobot_interfaces/include/my_roobot_interfaces/my_roobot_interfaces/msg/rosidl_typesupport_fastrtps_cpp__visibility_control.h
[1.507s] -- Up-to-date: /home/ros2_ws/install/my_roobot_interfaces/include/my_roobot_interfaces/my_roobot_interfaces/msg/detail
[1.507s] -- Up-to-date: /home/ros2_ws/install/my_roobot_interfaces/include/my_roobot_interfaces/my_roobot_interfaces/msg/detail/hardware_status__rosidl_typesupport_fastrtps_cpp.hpp
[1.507s] -- Up-to-date: /home/ros2_ws/install/my_roobot_interfaces/include/my_roobot_interfaces/my_roobot_interfaces/msg/detail/dds_fastrtps
[1.507s] -- Up-to-date: /home/ros2_ws/install/my_roobot_interfaces/lib/libmy_roobot_interfaces__rosidl_typesupport_fastrtps_cpp.so
[1.508s] -- Up-to-date: /home/ros2_ws/install/my_roobot_interfaces/include/my_roobot_interfaces/my_roobot_interfaces
[1.508s] -- Up-to-date: /home/ros2_ws/install/my_roobot_interfaces/include/my_roobot_interfaces/my_roobot_interfaces/msg
[1.508s] -- Up-to-date: /home/ros2_ws/install/my_roobot_interfaces/include/my_roobot_interfaces/my_roobot_interfaces/msg/detail
[1.508s] -- Up-to-date: /home/ros2_ws/install/my_roobot_interfaces/include/my_roobot_interfaces/my_roobot_interfaces/msg/detail/hardware_status__type_support.cpp
[1.508s] -- Up-to-date: /home/ros2_ws/install/my_roobot_interfaces/include/my_roobot_interfaces/my_roobot_interfaces/msg/detail/hardware_status__rosidl_typesupport_introspection_cpp.hpp
[1.509s] -- Up-to-date: /home/ros2_ws/install/my_roobot_interfaces/lib/libmy_roobot_interfaces__rosidl_typesupport_introspection_cpp.so
[1.510s] -- Up-to-date: /home/ros2_ws/install/my_roobot_interfaces/lib/libmy_roobot_interfaces__rosidl_typesupport_cpp.so
[1.510s] -- Up-to-date: /home/ros2_ws/install/my_roobot_interfaces/share/my_roobot_interfaces/environment/pythonpath.sh
[1.510s] -- Installing: /home/ros2_ws/install/my_roobot_interfaces/share/my_roobot_interfaces/environment/pythonpath.dsv
[1.510s] -- Up-to-date: /home/ros2_ws/install/my_roobot_interfaces/local/lib/python3.10/dist-packages/my_roobot_interfaces-0.0.0-py3.10.egg-info
[1.510s] -- Installing: /home/ros2_ws/install/my_roobot_interfaces/local/lib/python3.10/dist-packages/my_roobot_interfaces-0.0.0-py3.10.egg-info/top_level.txt
[1.511s] -- Installing: /home/ros2_ws/install/my_roobot_interfaces/local/lib/python3.10/dist-packages/my_roobot_interfaces-0.0.0-py3.10.egg-info/dependency_links.txt
[1.511s] -- Installing: /home/ros2_ws/install/my_roobot_interfaces/local/lib/python3.10/dist-packages/my_roobot_interfaces-0.0.0-py3.10.egg-info/SOURCES.txt
[1.511s] -- Installing: /home/ros2_ws/install/my_roobot_interfaces/local/lib/python3.10/dist-packages/my_roobot_interfaces-0.0.0-py3.10.egg-info/PKG-INFO
[1.511s] -- Up-to-date: /home/ros2_ws/install/my_roobot_interfaces/local/lib/python3.10/dist-packages/my_roobot_interfaces
[1.511s] -- Up-to-date: /home/ros2_ws/install/my_roobot_interfaces/local/lib/python3.10/dist-packages/my_roobot_interfaces/my_roobot_interfaces_s__rosidl_typesupport_introspection_c.cpython-310-x86_64-linux-gnu.so
[1.511s] -- Up-to-date: /home/ros2_ws/install/my_roobot_interfaces/local/lib/python3.10/dist-packages/my_roobot_interfaces/my_roobot_interfaces_s__rosidl_typesupport_fastrtps_c.cpython-310-x86_64-linux-gnu.so
[1.511s] -- Up-to-date: /home/ros2_ws/install/my_roobot_interfaces/local/lib/python3.10/dist-packages/my_roobot_interfaces/_my_roobot_interfaces_s.ep.rosidl_typesupport_introspection_c.c
[1.511s] -- Up-to-date: /home/ros2_ws/install/my_roobot_interfaces/local/lib/python3.10/dist-packages/my_roobot_interfaces/my_roobot_interfaces_s__rosidl_typesupport_c.cpython-310-x86_64-linux-gnu.so
[1.512s] -- Up-to-date: /home/ros2_ws/install/my_roobot_interfaces/local/lib/python3.10/dist-packages/my_roobot_interfaces/libmy_roobot_interfaces__rosidl_generator_py.so
[1.512s] -- Up-to-date: /home/ros2_ws/install/my_roobot_interfaces/local/lib/python3.10/dist-packages/my_roobot_interfaces/msg
[1.512s] -- Up-to-date: /home/ros2_ws/install/my_roobot_interfaces/local/lib/python3.10/dist-packages/my_roobot_interfaces/msg/_hardware_status_s.c
[1.512s] -- Up-to-date: /home/ros2_ws/install/my_roobot_interfaces/local/lib/python3.10/dist-packages/my_roobot_interfaces/msg/__init__.py
[1.512s] -- Up-to-date: /home/ros2_ws/install/my_roobot_interfaces/local/lib/python3.10/dist-packages/my_roobot_interfaces/msg/_hardware_status.py
[1.512s] -- Up-to-date: /home/ros2_ws/install/my_roobot_interfaces/local/lib/python3.10/dist-packages/my_roobot_interfaces/_my_roobot_interfaces_s.ep.rosidl_typesupport_c.c
[1.512s] -- Up-to-date: /home/ros2_ws/install/my_roobot_interfaces/local/lib/python3.10/dist-packages/my_roobot_interfaces/_my_roobot_interfaces_s.ep.rosidl_typesupport_fastrtps_c.c
[1.512s] -- Installing: /home/ros2_ws/install/my_roobot_interfaces/local/lib/python3.10/dist-packages/my_roobot_interfaces/__init__.py
[1.542s] Listing '/home/ros2_ws/install/my_roobot_interfaces/local/lib/python3.10/dist-packages/my_roobot_interfaces'...
[1.542s] Compiling '/home/ros2_ws/install/my_roobot_interfaces/local/lib/python3.10/dist-packages/my_roobot_interfaces/__init__.py'...
[1.542s] Listing '/home/ros2_ws/install/my_roobot_interfaces/local/lib/python3.10/dist-packages/my_roobot_interfaces/msg'...
[1.547s] -- Up-to-date: /home/ros2_ws/install/my_roobot_interfaces/local/lib/python3.10/dist-packages/my_roobot_interfaces/my_roobot_interfaces_s__rosidl_typesupport_fastrtps_c.cpython-310-x86_64-linux-gnu.so
[1.549s] -- Up-to-date: /home/ros2_ws/install/my_roobot_interfaces/local/lib/python3.10/dist-packages/my_roobot_interfaces/my_roobot_interfaces_s__rosidl_typesupport_introspection_c.cpython-310-x86_64-linux-gnu.so
[1.550s] -- Up-to-date: /home/ros2_ws/install/my_roobot_interfaces/local/lib/python3.10/dist-packages/my_roobot_interfaces/my_roobot_interfaces_s__rosidl_typesupport_c.cpython-310-x86_64-linux-gnu.so
[1.553s] -- Up-to-date: /home/ros2_ws/install/my_roobot_interfaces/lib/libmy_roobot_interfaces__rosidl_generator_py.so
[1.553s] -- Up-to-date: /home/ros2_ws/install/my_roobot_interfaces/share/my_roobot_interfaces/msg/HardwareStatus.idl
[1.553s] -- Up-to-date: /home/ros2_ws/install/my_roobot_interfaces/share/my_roobot_interfaces/msg/HardwareStatus.msg
[1.553s] -- Up-to-date: /home/ros2_ws/install/my_roobot_interfaces/share/ament_index/resource_index/package_run_dependencies/my_roobot_interfaces
[1.553s] -- Installing: /home/ros2_ws/install/my_roobot_interfaces/share/ament_index/resource_index/parent_prefix_path/my_roobot_interfaces
[1.553s] -- Up-to-date: /home/ros2_ws/install/my_roobot_interfaces/share/my_roobot_interfaces/environment/ament_prefix_path.sh
[1.553s] -- Installing: /home/ros2_ws/install/my_roobot_interfaces/share/my_roobot_interfaces/environment/ament_prefix_path.dsv
[1.554s] -- Up-to-date: /home/ros2_ws/install/my_roobot_interfaces/share/my_roobot_interfaces/environment/path.sh
[1.554s] -- Installing: /home/ros2_ws/install/my_roobot_interfaces/share/my_roobot_interfaces/environment/path.dsv
[1.554s] -- Up-to-date: /home/ros2_ws/install/my_roobot_interfaces/share/my_roobot_interfaces/local_setup.bash
[1.554s] -- Up-to-date: /home/ros2_ws/install/my_roobot_interfaces/share/my_roobot_interfaces/local_setup.sh
[1.554s] -- Up-to-date: /home/ros2_ws/install/my_roobot_interfaces/share/my_roobot_interfaces/local_setup.zsh
[1.554s] -- Installing: /home/ros2_ws/install/my_roobot_interfaces/share/my_roobot_interfaces/local_setup.dsv
[1.554s] -- Installing: /home/ros2_ws/install/my_roobot_interfaces/share/my_roobot_interfaces/package.dsv
[1.554s] -- Up-to-date: /home/ros2_ws/install/my_roobot_interfaces/share/ament_index/resource_index/packages/my_roobot_interfaces
[1.555s] -- Up-to-date: /home/ros2_ws/install/my_roobot_interfaces/share/my_roobot_interfaces/cmake/export_my_roobot_interfaces__rosidl_generator_cExport.cmake
[1.555s] -- Up-to-date: /home/ros2_ws/install/my_roobot_interfaces/share/my_roobot_interfaces/cmake/export_my_roobot_interfaces__rosidl_generator_cExport-noconfig.cmake
[1.555s] -- Up-to-date: /home/ros2_ws/install/my_roobot_interfaces/share/my_roobot_interfaces/cmake/export_my_roobot_interfaces__rosidl_typesupport_fastrtps_cExport.cmake
[1.555s] -- Up-to-date: /home/ros2_ws/install/my_roobot_interfaces/share/my_roobot_interfaces/cmake/export_my_roobot_interfaces__rosidl_typesupport_fastrtps_cExport-noconfig.cmake
[1.556s] -- Up-to-date: /home/ros2_ws/install/my_roobot_interfaces/share/my_roobot_interfaces/cmake/my_roobot_interfaces__rosidl_typesupport_introspection_cExport.cmake
[1.556s] -- Up-to-date: /home/ros2_ws/install/my_roobot_interfaces/share/my_roobot_interfaces/cmake/my_roobot_interfaces__rosidl_typesupport_introspection_cExport-noconfig.cmake
[1.556s] -- Up-to-date: /home/ros2_ws/install/my_roobot_interfaces/share/my_roobot_interfaces/cmake/my_roobot_interfaces__rosidl_typesupport_cExport.cmake
[1.556s] -- Up-to-date: /home/ros2_ws/install/my_roobot_interfaces/share/my_roobot_interfaces/cmake/my_roobot_interfaces__rosidl_typesupport_cExport-noconfig.cmake
[1.557s] -- Up-to-date: /home/ros2_ws/install/my_roobot_interfaces/share/my_roobot_interfaces/cmake/export_my_roobot_interfaces__rosidl_generator_cppExport.cmake
[1.557s] -- Up-to-date: /home/ros2_ws/install/my_roobot_interfaces/share/my_roobot_interfaces/cmake/export_my_roobot_interfaces__rosidl_typesupport_fastrtps_cppExport.cmake
[1.557s] -- Up-to-date: /home/ros2_ws/install/my_roobot_interfaces/share/my_roobot_interfaces/cmake/export_my_roobot_interfaces__rosidl_typesupport_fastrtps_cppExport-noconfig.cmake
[1.558s] -- Up-to-date: /home/ros2_ws/install/my_roobot_interfaces/share/my_roobot_interfaces/cmake/my_roobot_interfaces__rosidl_typesupport_introspection_cppExport.cmake
[1.558s] -- Up-to-date: /home/ros2_ws/install/my_roobot_interfaces/share/my_roobot_interfaces/cmake/my_roobot_interfaces__rosidl_typesupport_introspection_cppExport-noconfig.cmake
[1.558s] -- Up-to-date: /home/ros2_ws/install/my_roobot_interfaces/share/my_roobot_interfaces/cmake/my_roobot_interfaces__rosidl_typesupport_cppExport.cmake
[1.558s] -- Up-to-date: /home/ros2_ws/install/my_roobot_interfaces/share/my_roobot_interfaces/cmake/my_roobot_interfaces__rosidl_typesupport_cppExport-noconfig.cmake
[1.559s] -- Up-to-date: /home/ros2_ws/install/my_roobot_interfaces/share/my_roobot_interfaces/cmake/export_my_roobot_interfaces__rosidl_generator_pyExport.cmake
[1.559s] -- Up-to-date: /home/ros2_ws/install/my_roobot_interfaces/share/my_roobot_interfaces/cmake/export_my_roobot_interfaces__rosidl_generator_pyExport-noconfig.cmake
[1.559s] -- Up-to-date: /home/ros2_ws/install/my_roobot_interfaces/share/my_roobot_interfaces/cmake/rosidl_cmake-extras.cmake
[1.559s] -- Up-to-date: /home/ros2_ws/install/my_roobot_interfaces/share/my_roobot_interfaces/cmake/ament_cmake_export_include_directories-extras.cmake
[1.559s] -- Up-to-date: /home/ros2_ws/install/my_roobot_interfaces/share/my_roobot_interfaces/cmake/ament_cmake_export_libraries-extras.cmake
[1.559s] -- Up-to-date: /home/ros2_ws/install/my_roobot_interfaces/share/my_roobot_interfaces/cmake/ament_cmake_export_targets-extras.cmake
[1.559s] -- Up-to-date: /home/ros2_ws/install/my_roobot_interfaces/share/my_roobot_interfaces/cmake/rosidl_cmake_export_typesupport_targets-extras.cmake
[1.559s] -- Up-to-date: /home/ros2_ws/install/my_roobot_interfaces/share/my_roobot_interfaces/cmake/ament_cmake_export_dependencies-extras.cmake
[1.559s] -- Up-to-date: /home/ros2_ws/install/my_roobot_interfaces/share/my_roobot_interfaces/cmake/rosidl_cmake_export_typesupport_libraries-extras.cmake
[1.559s] -- Up-to-date: /home/ros2_ws/install/my_roobot_interfaces/share/my_roobot_interfaces/cmake/my_roobot_interfacesConfig.cmake
[1.559s] -- Up-to-date: /home/ros2_ws/install/my_roobot_interfaces/share/my_roobot_interfaces/cmake/my_roobot_interfacesConfig-version.cmake
[1.559s] -- Up-to-date: /home/ros2_ws/install/my_roobot_interfaces/share/my_roobot_interfaces/package.xml
[1.561s] Invoked command in '/home/ros2_ws/build/my_roobot_interfaces' returned '0': CMAKE_PREFIX_PATH=${CMAKE_PREFIX_PATH}:/home/ros2_ws/install/my_py_pkg:/opt/ros/humble /usr/bin/cmake --install /home/ros2_ws/build/my_roobot_interfaces
