[0.480s] Invoking command in '/home/ros2_ws/build/my_py_pkg': PYTHONPATH=/home/ros2_ws/build/my_py_pkg/prefix_override:/home/ros2_ws/install/my_py_pkg/lib/python3.10/site-packages:${PYTHONPATH} /usr/bin/python3 setup.py develop --editable --build-directory /home/ros2_ws/build/my_py_pkg/build --no-deps install_data
[0.681s] running develop
[0.797s] running egg_info
[0.798s] writing my_py_pkg.egg-info/PKG-INFO
[0.798s] writing dependency_links to my_py_pkg.egg-info/dependency_links.txt
[0.798s] writing entry points to my_py_pkg.egg-info/entry_points.txt
[0.798s] writing requirements to my_py_pkg.egg-info/requires.txt
[0.798s] writing top-level names to my_py_pkg.egg-info/top_level.txt
[0.800s] reading manifest file 'my_py_pkg.egg-info/SOURCES.txt'
[0.801s] writing manifest file 'my_py_pkg.egg-info/SOURCES.txt'
[0.802s] running build_ext
[0.802s] Creating /home/ros2_ws/install/my_py_pkg/lib/python3.10/site-packages/my-py-pkg.egg-link (link to .)
[0.803s] Installing battery script to /home/ros2_ws/install/my_py_pkg/lib/my_py_pkg
[0.803s] Installing led_panel script to /home/ros2_ws/install/my_py_pkg/lib/my_py_pkg
[0.803s] Installing py_node script to /home/ros2_ws/install/my_py_pkg/lib/my_py_pkg
[0.803s] Installing video_publisher script to /home/ros2_ws/install/my_py_pkg/lib/my_py_pkg
[0.803s] 
[0.803s] Installed /home/ros2_ws/build/my_py_pkg
[0.803s] running install_data
[0.828s] Invoked command in '/home/ros2_ws/build/my_py_pkg' returned '0': PYTHONPATH=/home/ros2_ws/build/my_py_pkg/prefix_override:/home/ros2_ws/install/my_py_pkg/lib/python3.10/site-packages:${PYTHONPATH} /usr/bin/python3 setup.py develop --editable --build-directory /home/ros2_ws/build/my_py_pkg/build --no-deps install_data
