[0.012s] Invoking command in '/home/ros2_ws/build/my_cpp_pkg': CMAKE_PREFIX_PATH=${CMAKE_PREFIX_PATH}:/home/ros2_ws/install/my_py_pkg:/opt/ros/humble /usr/bin/cmake --build /home/ros2_ws/build/my_cpp_pkg -- -j2 -l2
[0.031s] -- Found ament_cmake: 1.3.5 (/opt/ros/humble/share/ament_cmake/cmake)
[0.148s] -- Found rclcpp: 16.0.4 (/opt/ros/humble/share/rclcpp/cmake)
[0.345s] -- Found rosidl_generator_c: 3.1.4 (/opt/ros/humble/share/rosidl_generator_c/cmake)
[0.347s] -- Found rosidl_adapter: 3.1.4 (/opt/ros/humble/share/rosidl_adapter/cmake)
[0.352s] -- Found rosidl_generator_cpp: 3.1.4 (/opt/ros/humble/share/rosidl_generator_cpp/cmake)
[0.362s] -- Using all available rosidl_typesupport_c: rosidl_typesupport_fastrtps_c;rosidl_typesupport_introspection_c
[0.375s] -- Using all available rosidl_typesupport_cpp: rosidl_typesupport_fastrtps_cpp;rosidl_typesupport_introspection_cpp
[0.426s] -- Found rmw_implementation_cmake: 6.1.1 (/opt/ros/humble/share/rmw_implementation_cmake/cmake)
[0.427s] -- Found rmw_fastrtps_cpp: 6.2.2 (/opt/ros/humble/share/rmw_fastrtps_cpp/cmake)
[8.224s] -- Using RMW implementation 'rmw_fastrtps_cpp' as default
[8.368s] -- Found example_interfaces: 0.9.3 (/opt/ros/humble/share/example_interfaces/cmake)
[8.548s] -- Configuring done
[8.561s] -- Generating done
[8.563s] -- Build files have been written to: /home/ros2_ws/build/my_cpp_pkg
[8.583s] [35m[1mConsolidate compiler generated dependencies of target cpp_node[0m
[8.583s] [35m[1mConsolidate compiler generated dependencies of target robot_news_station[0m
[8.596s] [ 66%] Built target cpp_node
[8.597s] [ 66%] Built target robot_news_station
[8.611s] [ 83%] [32mBuilding CXX object CMakeFiles/smartphone.dir/src/smartphone.cpp.o[0m
[16.798s] [100%] [32m[1mLinking CXX executable smartphone[0m
[17.384s] [100%] Built target smartphone
[17.546s] Invoked command in '/home/ros2_ws/build/my_cpp_pkg' returned '0': CMAKE_PREFIX_PATH=${CMAKE_PREFIX_PATH}:/home/ros2_ws/install/my_py_pkg:/opt/ros/humble /usr/bin/cmake --build /home/ros2_ws/build/my_cpp_pkg -- -j2 -l2
[17.680s] Invoking command in '/home/ros2_ws/build/my_cpp_pkg': CMAKE_PREFIX_PATH=${CMAKE_PREFIX_PATH}:/home/ros2_ws/install/my_py_pkg:/opt/ros/humble /usr/bin/cmake --install /home/ros2_ws/build/my_cpp_pkg
[17.686s] -- Install configuration: ""
[17.690s] -- Up-to-date: /home/ros2_ws/install/my_cpp_pkg/lib/my_cpp_pkg/cpp_node
[17.692s] -- Up-to-date: /home/ros2_ws/install/my_cpp_pkg/lib/my_cpp_pkg/robot_news_station
[17.692s] -- Installing: /home/ros2_ws/install/my_cpp_pkg/lib/my_cpp_pkg/smartphone
[17.695s] -- Set runtime path of "/home/ros2_ws/install/my_cpp_pkg/lib/my_cpp_pkg/smartphone" to ""
[17.698s] -- Up-to-date: /home/ros2_ws/install/my_cpp_pkg/share/ament_index/resource_index/package_run_dependencies/my_cpp_pkg
[17.699s] -- Up-to-date: /home/ros2_ws/install/my_cpp_pkg/share/ament_index/resource_index/parent_prefix_path/my_cpp_pkg
[17.702s] -- Up-to-date: /home/ros2_ws/install/my_cpp_pkg/share/my_cpp_pkg/environment/ament_prefix_path.sh
[17.703s] -- Installing: /home/ros2_ws/install/my_cpp_pkg/share/my_cpp_pkg/environment/ament_prefix_path.dsv
[17.703s] -- Up-to-date: /home/ros2_ws/install/my_cpp_pkg/share/my_cpp_pkg/environment/path.sh
[17.703s] -- Installing: /home/ros2_ws/install/my_cpp_pkg/share/my_cpp_pkg/environment/path.dsv
[17.703s] -- Up-to-date: /home/ros2_ws/install/my_cpp_pkg/share/my_cpp_pkg/local_setup.bash
[17.703s] -- Up-to-date: /home/ros2_ws/install/my_cpp_pkg/share/my_cpp_pkg/local_setup.sh
[17.703s] -- Up-to-date: /home/ros2_ws/install/my_cpp_pkg/share/my_cpp_pkg/local_setup.zsh
[17.704s] -- Installing: /home/ros2_ws/install/my_cpp_pkg/share/my_cpp_pkg/local_setup.dsv
[17.704s] -- Installing: /home/ros2_ws/install/my_cpp_pkg/share/my_cpp_pkg/package.dsv
[17.704s] -- Up-to-date: /home/ros2_ws/install/my_cpp_pkg/share/ament_index/resource_index/packages/my_cpp_pkg
[17.705s] -- Up-to-date: /home/ros2_ws/install/my_cpp_pkg/share/my_cpp_pkg/cmake/my_cpp_pkgConfig.cmake
[17.705s] -- Up-to-date: /home/ros2_ws/install/my_cpp_pkg/share/my_cpp_pkg/cmake/my_cpp_pkgConfig-version.cmake
[17.705s] -- Up-to-date: /home/ros2_ws/install/my_cpp_pkg/share/my_cpp_pkg/package.xml
[17.727s] Invoked command in '/home/ros2_ws/build/my_cpp_pkg' returned '0': CMAKE_PREFIX_PATH=${CMAKE_PREFIX_PATH}:/home/ros2_ws/install/my_py_pkg:/opt/ros/humble /usr/bin/cmake --install /home/ros2_ws/build/my_cpp_pkg
